<?xml version="1.0" encoding="UTF-8"?>
<testsuite name="com.SpringS.springboot.web.HelloControllerTest" tests="2" skipped="0" failures="0" errors="0" timestamp="2022-06-29T20:46:02" hostname="hongjunpyoui-MacBookPro.local" time="0.101">
  <properties/>
  <testcase name="hello가_리턴된다" classname="com.SpringS.springboot.web.HelloControllerTest" time="0.038"/>
  <testcase name="helloDto가_리턴된다" classname="com.SpringS.springboot.web.HelloControllerTest" time="0.062"/>
  <system-out><![CDATA[2022-06-30 05:46:01.761  INFO 7136 --- [    Test worker] .b.t.a.w.s.WebMvcTestContextBootstrapper : Neither @ContextConfiguration nor @ContextHierarchy found for test class [com.SpringS.springboot.web.HelloControllerTest], using SpringBootContextLoader
2022-06-30 05:46:01.765  INFO 7136 --- [    Test worker] o.s.t.c.support.AbstractContextLoader    : Could not detect default resource locations for test class [com.SpringS.springboot.web.HelloControllerTest]: no resource found for suffixes {-context.xml, Context.groovy}.
2022-06-30 05:46:01.765  INFO 7136 --- [    Test worker] t.c.s.AnnotationConfigContextLoaderUtils : Could not detect default configuration classes for test class [com.SpringS.springboot.web.HelloControllerTest]: HelloControllerTest does not declare any static, non-private, non-final, nested classes annotated with @Configuration.
2022-06-30 05:46:01.798  INFO 7136 --- [    Test worker] .b.t.c.SpringBootTestContextBootstrapper : Found @SpringBootConfiguration com.SpringS.springboot.Application for test class com.SpringS.springboot.web.HelloControllerTest
2022-06-30 05:46:01.799  INFO 7136 --- [    Test worker] .b.t.a.w.s.WebMvcTestContextBootstrapper : Loaded default TestExecutionListener class names from location [META-INF/spring.factories]: [org.springframework.security.test.context.support.WithSecurityContextTestExecutionListener, org.springframework.security.test.context.support.ReactorContextTestExecutionListener, org.springframework.boot.test.autoconfigure.restdocs.RestDocsTestExecutionListener, org.springframework.boot.test.autoconfigure.web.client.MockRestServiceServerResetTestExecutionListener, org.springframework.boot.test.autoconfigure.web.servlet.MockMvcPrintOnlyOnFailureTestExecutionListener, org.springframework.boot.test.autoconfigure.web.servlet.WebDriverTestExecutionListener, org.springframework.boot.test.mock.mockito.MockitoTestExecutionListener, org.springframework.boot.test.mock.mockito.ResetMocksTestExecutionListener, org.springframework.test.context.web.ServletTestExecutionListener, org.springframework.test.context.support.DirtiesContextBeforeModesTestExecutionListener, org.springframework.test.context.support.DependencyInjectionTestExecutionListener, org.springframework.test.context.support.DirtiesContextTestExecutionListener, org.springframework.test.context.transaction.TransactionalTestExecutionListener, org.springframework.test.context.jdbc.SqlScriptsTestExecutionListener]
2022-06-30 05:46:01.800  INFO 7136 --- [    Test worker] .b.t.a.w.s.WebMvcTestContextBootstrapper : Using TestExecutionListeners: [org.springframework.test.context.web.ServletTestExecutionListener@750c0b79, org.springframework.test.context.support.DirtiesContextBeforeModesTestExecutionListener@1c825439, org.springframework.boot.test.mock.mockito.MockitoTestExecutionListener@6677ac8d, org.springframework.boot.test.autoconfigure.SpringBootDependencyInjectionTestExecutionListener@28eab47, org.springframework.test.context.support.DirtiesContextTestExecutionListener@174c2fac, org.springframework.test.context.transaction.TransactionalTestExecutionListener@196192e0, org.springframework.test.context.jdbc.SqlScriptsTestExecutionListener@42294685, org.springframework.security.test.context.support.WithSecurityContextTestExecutionListener@350a0914, org.springframework.security.test.context.support.ReactorContextTestExecutionListener@434d6156, org.springframework.boot.test.autoconfigure.restdocs.RestDocsTestExecutionListener@56ae1d4d, org.springframework.boot.test.autoconfigure.web.client.MockRestServiceServerResetTestExecutionListener@5ebb7473, org.springframework.boot.test.autoconfigure.web.servlet.MockMvcPrintOnlyOnFailureTestExecutionListener@3b1c8419, org.springframework.boot.test.autoconfigure.web.servlet.WebDriverTestExecutionListener@13f315fd, org.springframework.boot.test.mock.mockito.ResetMocksTestExecutionListener@351136bb]

  .   ____          _            __ _ _
 /\\ / ___'_ __ _ _(_)_ __  __ _ \ \ \ \
( ( )\___ | '_ | '_| | '_ \/ _` | \ \ \ \
 \\/  ___)| |_)| | | | | || (_| |  ) ) ) )
  '  |____| .__|_| |_|_| |_\__, | / / / /
 =========|_|==============|___/=/_/_/_/
 :: Spring Boot ::        (v2.1.9.RELEASE)

2022-06-30 05:46:01.863  INFO 7136 --- [    Test worker] c.S.springboot.web.HelloControllerTest   : Starting HelloControllerTest on hongjunpyoui-MacBookPro.local with PID 7136 (started by hongjunpyo in /Users/hongjunpyo/IdeaProjects/TestSpring)
2022-06-30 05:46:01.866  INFO 7136 --- [    Test worker] c.S.springboot.web.HelloControllerTest   : No active profile set, falling back to default profiles: default
2022-06-30 05:46:02.506  INFO 7136 --- [    Test worker] o.s.s.concurrent.ThreadPoolTaskExecutor  : Initializing ExecutorService 'applicationTaskExecutor'
2022-06-30 05:46:02.540  INFO 7136 --- [    Test worker] o.s.b.a.w.s.WelcomePageHandlerMapping    : Adding welcome page template: index
2022-06-30 05:46:02.799  INFO 7136 --- [    Test worker] .s.s.UserDetailsServiceAutoConfiguration : 

Using generated security password: e0d03def-708a-4592-aa0e-745b0a988c8a

2022-06-30 05:46:02.884  INFO 7136 --- [    Test worker] o.s.s.web.DefaultSecurityFilterChain     : Creating filter chain: any request, [org.springframework.security.web.context.request.async.WebAsyncManagerIntegrationFilter@7b2ac63c, org.springframework.security.web.context.SecurityContextPersistenceFilter@5bcef435, org.springframework.security.web.header.HeaderWriterFilter@5cc1b9e7, org.springframework.security.web.csrf.CsrfFilter@4bbc2375, org.springframework.security.web.authentication.logout.LogoutFilter@58649370, org.springframework.security.web.authentication.UsernamePasswordAuthenticationFilter@35754c08, org.springframework.security.web.authentication.ui.DefaultLoginPageGeneratingFilter@61eb269a, org.springframework.security.web.authentication.ui.DefaultLogoutPageGeneratingFilter@64ee3c1b, org.springframework.security.web.authentication.www.BasicAuthenticationFilter@3a316e, org.springframework.security.web.savedrequest.RequestCacheAwareFilter@221e0dc0, org.springframework.security.web.servletapi.SecurityContextHolderAwareRequestFilter@734186e5, org.springframework.security.web.authentication.AnonymousAuthenticationFilter@358ec0a9, org.springframework.security.web.session.SessionManagementFilter@76cc9e81, org.springframework.security.web.access.ExceptionTranslationFilter@46b7e3d7, org.springframework.security.web.access.intercept.FilterSecurityInterceptor@18e9a191]
2022-06-30 05:46:02.907  INFO 7136 --- [    Test worker] o.s.b.t.m.w.SpringBootMockServletContext : Initializing Spring TestDispatcherServlet ''
2022-06-30 05:46:02.908  INFO 7136 --- [    Test worker] o.s.t.web.servlet.TestDispatcherServlet  : Initializing Servlet ''
2022-06-30 05:46:02.911  INFO 7136 --- [    Test worker] o.s.t.web.servlet.TestDispatcherServlet  : Completed initialization in 3 ms
2022-06-30 05:46:02.951  INFO 7136 --- [    Test worker] c.S.springboot.web.HelloControllerTest   : Started HelloControllerTest in 1.14 seconds (JVM running for 11.489)
]]></system-out>
  <system-err><![CDATA[]]></system-err>
</testsuite>
