<?xml version="1.0" encoding="UTF-8"?>
<testsuite name="com.SpringS.springboot.web.IndexControllerTest" tests="1" skipped="0" failures="0" errors="0" timestamp="2022-06-28T17:18:58" hostname="hongjunpyoui-MacBookPro.local" time="0.112">
  <properties/>
  <testcase name="메인페이지_로딩" classname="com.SpringS.springboot.web.IndexControllerTest" time="0.112"/>
  <system-out><![CDATA[2022-06-29 02:18:58.026  INFO 60205 --- [    Test worker] .b.t.c.SpringBootTestContextBootstrapper : Neither @ContextConfiguration nor @ContextHierarchy found for test class [com.SpringS.springboot.web.IndexControllerTest], using SpringBootContextLoader
2022-06-29 02:18:58.028  INFO 60205 --- [    Test worker] o.s.t.c.support.AbstractContextLoader    : Could not detect default resource locations for test class [com.SpringS.springboot.web.IndexControllerTest]: no resource found for suffixes {-context.xml, Context.groovy}.
2022-06-29 02:18:58.028  INFO 60205 --- [    Test worker] t.c.s.AnnotationConfigContextLoaderUtils : Could not detect default configuration classes for test class [com.SpringS.springboot.web.IndexControllerTest]: IndexControllerTest does not declare any static, non-private, non-final, nested classes annotated with @Configuration.
2022-06-29 02:18:58.031  INFO 60205 --- [    Test worker] .b.t.c.SpringBootTestContextBootstrapper : Found @SpringBootConfiguration com.SpringS.springboot.Application for test class com.SpringS.springboot.web.IndexControllerTest
2022-06-29 02:18:58.033  INFO 60205 --- [    Test worker] .b.t.c.SpringBootTestContextBootstrapper : Loaded default TestExecutionListener class names from location [META-INF/spring.factories]: [org.springframework.security.test.context.support.WithSecurityContextTestExecutionListener, org.springframework.security.test.context.support.ReactorContextTestExecutionListener, org.springframework.boot.test.autoconfigure.restdocs.RestDocsTestExecutionListener, org.springframework.boot.test.autoconfigure.web.client.MockRestServiceServerResetTestExecutionListener, org.springframework.boot.test.autoconfigure.web.servlet.MockMvcPrintOnlyOnFailureTestExecutionListener, org.springframework.boot.test.autoconfigure.web.servlet.WebDriverTestExecutionListener, org.springframework.boot.test.mock.mockito.MockitoTestExecutionListener, org.springframework.boot.test.mock.mockito.ResetMocksTestExecutionListener, org.springframework.test.context.web.ServletTestExecutionListener, org.springframework.test.context.support.DirtiesContextBeforeModesTestExecutionListener, org.springframework.test.context.support.DependencyInjectionTestExecutionListener, org.springframework.test.context.support.DirtiesContextTestExecutionListener, org.springframework.test.context.transaction.TransactionalTestExecutionListener, org.springframework.test.context.jdbc.SqlScriptsTestExecutionListener]
2022-06-29 02:18:58.034  INFO 60205 --- [    Test worker] .b.t.c.SpringBootTestContextBootstrapper : Using TestExecutionListeners: [org.springframework.test.context.web.ServletTestExecutionListener@2156b31f, org.springframework.test.context.support.DirtiesContextBeforeModesTestExecutionListener@6af262a, org.springframework.boot.test.mock.mockito.MockitoTestExecutionListener@54559f12, org.springframework.boot.test.autoconfigure.SpringBootDependencyInjectionTestExecutionListener@508e0b02, org.springframework.test.context.support.DirtiesContextTestExecutionListener@44d48447, org.springframework.test.context.transaction.TransactionalTestExecutionListener@3b357481, org.springframework.test.context.jdbc.SqlScriptsTestExecutionListener@43e0c1fa, org.springframework.security.test.context.support.WithSecurityContextTestExecutionListener@6316149f, org.springframework.security.test.context.support.ReactorContextTestExecutionListener@3804206, org.springframework.boot.test.autoconfigure.restdocs.RestDocsTestExecutionListener@1301bf8b, org.springframework.boot.test.autoconfigure.web.client.MockRestServiceServerResetTestExecutionListener@562b5300, org.springframework.boot.test.autoconfigure.web.servlet.MockMvcPrintOnlyOnFailureTestExecutionListener@5ca07b6, org.springframework.boot.test.autoconfigure.web.servlet.WebDriverTestExecutionListener@4dbe57b, org.springframework.boot.test.mock.mockito.ResetMocksTestExecutionListener@1ab8ef8c]
Hibernate: select posts0_.id as id1_0_, posts0_.created_date as created_2_0_, posts0_.modified_date as modified3_0_, posts0_.author as author4_0_, posts0_.content as content5_0_, posts0_.title as title6_0_ from posts posts0_ order by posts0_.id DESC
]]></system-out>
  <system-err><![CDATA[]]></system-err>
</testsuite>
