<?xml version="1.0" encoding="UTF-8"?>
<testsuite name="com.SpringS.springboot.domain.posts.PostsRespositoryTest" tests="2" skipped="0" failures="0" errors="0" timestamp="2022-06-29T20:46:04" hostname="hongjunpyoui-MacBookPro.local" time="0.042">
  <properties/>
  <testcase name="게시글저장_불러오기" classname="com.SpringS.springboot.domain.posts.PostsRespositoryTest" time="0.035"/>
  <testcase name="BaseTimeEntity_등록" classname="com.SpringS.springboot.domain.posts.PostsRespositoryTest" time="0.007"/>
  <system-out><![CDATA[2022-06-30 05:46:03.427  INFO 7136 --- [    Test worker] .b.t.c.SpringBootTestContextBootstrapper : Neither @ContextConfiguration nor @ContextHierarchy found for test class [com.SpringS.springboot.domain.posts.PostsRespositoryTest], using SpringBootContextLoader
2022-06-30 05:46:03.429  INFO 7136 --- [    Test worker] o.s.t.c.support.AbstractContextLoader    : Could not detect default resource locations for test class [com.SpringS.springboot.domain.posts.PostsRespositoryTest]: no resource found for suffixes {-context.xml, Context.groovy}.
2022-06-30 05:46:03.429  INFO 7136 --- [    Test worker] t.c.s.AnnotationConfigContextLoaderUtils : Could not detect default configuration classes for test class [com.SpringS.springboot.domain.posts.PostsRespositoryTest]: PostsRespositoryTest does not declare any static, non-private, non-final, nested classes annotated with @Configuration.
2022-06-30 05:46:03.445  INFO 7136 --- [    Test worker] .b.t.c.SpringBootTestContextBootstrapper : Found @SpringBootConfiguration com.SpringS.springboot.Application for test class com.SpringS.springboot.domain.posts.PostsRespositoryTest
2022-06-30 05:46:03.446  INFO 7136 --- [    Test worker] .b.t.c.SpringBootTestContextBootstrapper : Loaded default TestExecutionListener class names from location [META-INF/spring.factories]: [org.springframework.security.test.context.support.WithSecurityContextTestExecutionListener, org.springframework.security.test.context.support.ReactorContextTestExecutionListener, org.springframework.boot.test.autoconfigure.restdocs.RestDocsTestExecutionListener, org.springframework.boot.test.autoconfigure.web.client.MockRestServiceServerResetTestExecutionListener, org.springframework.boot.test.autoconfigure.web.servlet.MockMvcPrintOnlyOnFailureTestExecutionListener, org.springframework.boot.test.autoconfigure.web.servlet.WebDriverTestExecutionListener, org.springframework.boot.test.mock.mockito.MockitoTestExecutionListener, org.springframework.boot.test.mock.mockito.ResetMocksTestExecutionListener, org.springframework.test.context.web.ServletTestExecutionListener, org.springframework.test.context.support.DirtiesContextBeforeModesTestExecutionListener, org.springframework.test.context.support.DependencyInjectionTestExecutionListener, org.springframework.test.context.support.DirtiesContextTestExecutionListener, org.springframework.test.context.transaction.TransactionalTestExecutionListener, org.springframework.test.context.jdbc.SqlScriptsTestExecutionListener]
2022-06-30 05:46:03.447  INFO 7136 --- [    Test worker] .b.t.c.SpringBootTestContextBootstrapper : Using TestExecutionListeners: [org.springframework.test.context.web.ServletTestExecutionListener@500f8cde, org.springframework.test.context.support.DirtiesContextBeforeModesTestExecutionListener@29fbc826, org.springframework.boot.test.mock.mockito.MockitoTestExecutionListener@66872c02, org.springframework.boot.test.autoconfigure.SpringBootDependencyInjectionTestExecutionListener@5b3ebcb7, org.springframework.test.context.support.DirtiesContextTestExecutionListener@77fbb272, org.springframework.test.context.transaction.TransactionalTestExecutionListener@36fe53, org.springframework.test.context.jdbc.SqlScriptsTestExecutionListener@5f8e256b, org.springframework.security.test.context.support.WithSecurityContextTestExecutionListener@717bf129, org.springframework.security.test.context.support.ReactorContextTestExecutionListener@5bb9b556, org.springframework.boot.test.autoconfigure.restdocs.RestDocsTestExecutionListener@6cca0c14, org.springframework.boot.test.autoconfigure.web.client.MockRestServiceServerResetTestExecutionListener@4241d99b, org.springframework.boot.test.autoconfigure.web.servlet.MockMvcPrintOnlyOnFailureTestExecutionListener@6c1d9a43, org.springframework.boot.test.autoconfigure.web.servlet.WebDriverTestExecutionListener@7a189193, org.springframework.boot.test.mock.mockito.ResetMocksTestExecutionListener@468e8868]

  .   ____          _            __ _ _
 /\\ / ___'_ __ _ _(_)_ __  __ _ \ \ \ \
( ( )\___ | '_ | '_| | '_ \/ _` | \ \ \ \
 \\/  ___)| |_)| | | | | || (_| |  ) ) ) )
  '  |____| .__|_| |_|_| |_\__, | / / / /
 =========|_|==============|___/=/_/_/_/
 :: Spring Boot ::        (v2.1.9.RELEASE)

2022-06-30 05:46:03.471  INFO 7136 --- [    Test worker] c.S.s.domain.posts.PostsRespositoryTest  : Starting PostsRespositoryTest on hongjunpyoui-MacBookPro.local with PID 7136 (started by hongjunpyo in /Users/hongjunpyo/IdeaProjects/TestSpring)
2022-06-30 05:46:03.472  INFO 7136 --- [    Test worker] c.S.s.domain.posts.PostsRespositoryTest  : No active profile set, falling back to default profiles: default
2022-06-30 05:46:03.721  INFO 7136 --- [    Test worker] .s.d.r.c.RepositoryConfigurationDelegate : Bootstrapping Spring Data repositories in DEFAULT mode.
2022-06-30 05:46:03.740  INFO 7136 --- [    Test worker] .s.d.r.c.RepositoryConfigurationDelegate : Finished Spring Data repository scanning in 19ms. Found 2 repository interfaces.
2022-06-30 05:46:03.837  INFO 7136 --- [    Test worker] trationDelegate$BeanPostProcessorChecker : Bean 'org.springframework.transaction.annotation.ProxyTransactionManagementConfiguration' of type [org.springframework.transaction.annotation.ProxyTransactionManagementConfiguration$$EnhancerBySpringCGLIB$$d2e3fd0b] is not eligible for getting processed by all BeanPostProcessors (for example: not eligible for auto-proxying)
2022-06-30 05:46:03.909  INFO 7136 --- [    Test worker] com.zaxxer.hikari.HikariDataSource       : HikariPool-2 - Starting...
2022-06-30 05:46:03.911  INFO 7136 --- [    Test worker] com.zaxxer.hikari.HikariDataSource       : HikariPool-2 - Start completed.
2022-06-30 05:46:03.929  INFO 7136 --- [    Test worker] o.hibernate.jpa.internal.util.LogHelper  : HHH000204: Processing PersistenceUnitInfo [
	name: default
	...]
2022-06-30 05:46:03.938  INFO 7136 --- [    Test worker] org.hibernate.dialect.Dialect            : HHH000400: Using dialect: org.hibernate.dialect.MySQL5InnoDBDialect
Hibernate: drop table if exists posts
Hibernate: drop table if exists user
Hibernate: create table posts (id bigint not null auto_increment, created_date datetime, modified_date datetime, author varchar(255), content TEXT not null, title varchar(500) not null, primary key (id)) engine=InnoDB
Hibernate: create table user (id bigint not null auto_increment, created_date datetime, modified_date datetime, email varchar(255) not null, name varchar(255) not null, picture varchar(255), role varchar(255) not null, primary key (id)) engine=InnoDB
2022-06-30 05:46:04.006  INFO 7136 --- [    Test worker] o.h.t.schema.internal.SchemaCreatorImpl  : HHH000476: Executing import script 'org.hibernate.tool.schema.internal.exec.ScriptSourceInputNonExistentImpl@651ce519'
2022-06-30 05:46:04.006  INFO 7136 --- [    Test worker] j.LocalContainerEntityManagerFactoryBean : Initialized JPA EntityManagerFactory for persistence unit 'default'
2022-06-30 05:46:04.183  INFO 7136 --- [    Test worker] o.h.h.i.QueryTranslatorFactoryInitiator  : HHH000397: Using ASTQueryTranslatorFactory
2022-06-30 05:46:04.279  INFO 7136 --- [    Test worker] o.s.s.web.DefaultSecurityFilterChain     : Creating filter chain: any request, [org.springframework.security.web.context.request.async.WebAsyncManagerIntegrationFilter@2cc6ada, org.springframework.security.web.context.SecurityContextPersistenceFilter@170e25df, org.springframework.security.web.header.HeaderWriterFilter@10c5a900, org.springframework.security.web.authentication.logout.LogoutFilter@4241a381, org.springframework.security.oauth2.client.web.OAuth2AuthorizationRequestRedirectFilter@886277a, org.springframework.security.oauth2.client.web.OAuth2LoginAuthenticationFilter@79bc19e5, org.springframework.security.web.authentication.ui.DefaultLoginPageGeneratingFilter@24074a03, org.springframework.security.web.authentication.ui.DefaultLogoutPageGeneratingFilter@5c4311fc, org.springframework.security.web.savedrequest.RequestCacheAwareFilter@7c13b84a, org.springframework.security.web.servletapi.SecurityContextHolderAwareRequestFilter@41239361, org.springframework.security.web.authentication.AnonymousAuthenticationFilter@65c750f9, org.springframework.security.web.session.SessionManagementFilter@58c7b0c6, org.springframework.security.web.access.ExceptionTranslationFilter@3b7a019d, org.springframework.security.web.access.intercept.FilterSecurityInterceptor@46c31245]
2022-06-30 05:46:04.498  INFO 7136 --- [    Test worker] o.s.s.concurrent.ThreadPoolTaskExecutor  : Initializing ExecutorService 'applicationTaskExecutor'
2022-06-30 05:46:04.508  WARN 7136 --- [    Test worker] aWebConfiguration$JpaWebMvcConfiguration : spring.jpa.open-in-view is enabled by default. Therefore, database queries may be performed during view rendering. Explicitly configure spring.jpa.open-in-view to disable this warning
2022-06-30 05:46:04.533  INFO 7136 --- [    Test worker] o.s.b.a.w.s.WelcomePageHandlerMapping    : Adding welcome page template: index
2022-06-30 05:46:04.746  INFO 7136 --- [    Test worker] s.a.ScheduledAnnotationBeanPostProcessor : No TaskScheduler/ScheduledExecutorService bean found for scheduled processing
2022-06-30 05:46:04.748  INFO 7136 --- [    Test worker] c.S.s.domain.posts.PostsRespositoryTest  : Started PostsRespositoryTest in 1.299 seconds (JVM running for 13.286)
Hibernate: insert into posts (created_date, modified_date, author, content, title) values (?, ?, ?, ?, ?)
Hibernate: select posts0_.id as id1_0_, posts0_.created_date as created_2_0_, posts0_.modified_date as modified3_0_, posts0_.author as author4_0_, posts0_.content as content5_0_, posts0_.title as title6_0_ from posts posts0_
Hibernate: select posts0_.id as id1_0_, posts0_.created_date as created_2_0_, posts0_.modified_date as modified3_0_, posts0_.author as author4_0_, posts0_.content as content5_0_, posts0_.title as title6_0_ from posts posts0_
Hibernate: delete from posts where id=?
Hibernate: insert into posts (created_date, modified_date, author, content, title) values (?, ?, ?, ?, ?)
Hibernate: select posts0_.id as id1_0_, posts0_.created_date as created_2_0_, posts0_.modified_date as modified3_0_, posts0_.author as author4_0_, posts0_.content as content5_0_, posts0_.title as title6_0_ from posts posts0_
>>>>>>>>>>>>>>> createDate = 2022-06-30T05:46:04.789594, modifiedDate = 2022-06-30T05:46:04.789594
Hibernate: select posts0_.id as id1_0_, posts0_.created_date as created_2_0_, posts0_.modified_date as modified3_0_, posts0_.author as author4_0_, posts0_.content as content5_0_, posts0_.title as title6_0_ from posts posts0_
Hibernate: delete from posts where id=?
]]></system-out>
  <system-err><![CDATA[]]></system-err>
</testsuite>
