<?xml version="1.0" encoding="UTF-8"?>
<testsuite name="com.SpringS.springboot.web.ProfileControllerTest" tests="1" skipped="0" failures="0" errors="0" timestamp="2022-06-29T20:46:01" hostname="hongjunpyoui-MacBookPro.local" time="0.342">
  <properties/>
  <testcase name="profile은_인증없이_호출된다" classname="com.SpringS.springboot.web.ProfileControllerTest" time="0.342"/>
  <system-out><![CDATA[05:45:52.447 [Test worker] DEBUG org.springframework.test.context.junit4.SpringJUnit4ClassRunner - SpringJUnit4ClassRunner constructor called with [class com.SpringS.springboot.web.ProfileControllerTest]
05:45:52.456 [Test worker] DEBUG org.springframework.test.context.BootstrapUtils - Instantiating CacheAwareContextLoaderDelegate from class [org.springframework.test.context.cache.DefaultCacheAwareContextLoaderDelegate]
05:45:52.462 [Test worker] DEBUG org.springframework.test.context.BootstrapUtils - Instantiating BootstrapContext using constructor [public org.springframework.test.context.support.DefaultBootstrapContext(java.lang.Class,org.springframework.test.context.CacheAwareContextLoaderDelegate)]
05:45:52.486 [Test worker] DEBUG org.springframework.test.context.BootstrapUtils - Instantiating TestContextBootstrapper for test class [com.SpringS.springboot.web.ProfileControllerTest] from class [org.springframework.boot.test.context.SpringBootTestContextBootstrapper]
05:45:52.501 [Test worker] INFO org.springframework.boot.test.context.SpringBootTestContextBootstrapper - Neither @ContextConfiguration nor @ContextHierarchy found for test class [com.SpringS.springboot.web.ProfileControllerTest], using SpringBootContextLoader
05:45:52.510 [Test worker] DEBUG org.springframework.test.context.support.AbstractContextLoader - Did not detect default resource location for test class [com.SpringS.springboot.web.ProfileControllerTest]: class path resource [com/SpringS/springboot/web/ProfileControllerTest-context.xml] does not exist
05:45:52.512 [Test worker] DEBUG org.springframework.test.context.support.AbstractContextLoader - Did not detect default resource location for test class [com.SpringS.springboot.web.ProfileControllerTest]: class path resource [com/SpringS/springboot/web/ProfileControllerTestContext.groovy] does not exist
05:45:52.512 [Test worker] INFO org.springframework.test.context.support.AbstractContextLoader - Could not detect default resource locations for test class [com.SpringS.springboot.web.ProfileControllerTest]: no resource found for suffixes {-context.xml, Context.groovy}.
05:45:52.513 [Test worker] INFO org.springframework.test.context.support.AnnotationConfigContextLoaderUtils - Could not detect default configuration classes for test class [com.SpringS.springboot.web.ProfileControllerTest]: ProfileControllerTest does not declare any static, non-private, non-final, nested classes annotated with @Configuration.
05:45:52.582 [Test worker] DEBUG org.springframework.test.context.support.ActiveProfilesUtils - Could not find an 'annotation declaring class' for annotation type [org.springframework.test.context.ActiveProfiles] and class [com.SpringS.springboot.web.ProfileControllerTest]
05:45:52.741 [Test worker] DEBUG org.springframework.context.annotation.ClassPathScanningCandidateComponentProvider - Identified candidate component class: file [/Users/hongjunpyo/IdeaProjects/TestSpring/build/classes/java/main/com/SpringS/springboot/Application.class]
05:45:52.744 [Test worker] INFO org.springframework.boot.test.context.SpringBootTestContextBootstrapper - Found @SpringBootConfiguration com.SpringS.springboot.Application for test class com.SpringS.springboot.web.ProfileControllerTest
05:45:52.834 [Test worker] DEBUG org.springframework.boot.test.context.SpringBootTestContextBootstrapper - @TestExecutionListeners is not present for class [com.SpringS.springboot.web.ProfileControllerTest]: using defaults.
05:45:52.835 [Test worker] INFO org.springframework.boot.test.context.SpringBootTestContextBootstrapper - Loaded default TestExecutionListener class names from location [META-INF/spring.factories]: [org.springframework.security.test.context.support.WithSecurityContextTestExecutionListener, org.springframework.security.test.context.support.ReactorContextTestExecutionListener, org.springframework.boot.test.autoconfigure.restdocs.RestDocsTestExecutionListener, org.springframework.boot.test.autoconfigure.web.client.MockRestServiceServerResetTestExecutionListener, org.springframework.boot.test.autoconfigure.web.servlet.MockMvcPrintOnlyOnFailureTestExecutionListener, org.springframework.boot.test.autoconfigure.web.servlet.WebDriverTestExecutionListener, org.springframework.boot.test.mock.mockito.MockitoTestExecutionListener, org.springframework.boot.test.mock.mockito.ResetMocksTestExecutionListener, org.springframework.test.context.web.ServletTestExecutionListener, org.springframework.test.context.support.DirtiesContextBeforeModesTestExecutionListener, org.springframework.test.context.support.DependencyInjectionTestExecutionListener, org.springframework.test.context.support.DirtiesContextTestExecutionListener, org.springframework.test.context.transaction.TransactionalTestExecutionListener, org.springframework.test.context.jdbc.SqlScriptsTestExecutionListener]
05:45:52.859 [Test worker] INFO org.springframework.boot.test.context.SpringBootTestContextBootstrapper - Using TestExecutionListeners: [org.springframework.test.context.web.ServletTestExecutionListener@2b34196f, org.springframework.test.context.support.DirtiesContextBeforeModesTestExecutionListener@6c0f674d, org.springframework.boot.test.mock.mockito.MockitoTestExecutionListener@2fa674c4, org.springframework.boot.test.autoconfigure.SpringBootDependencyInjectionTestExecutionListener@5e52b402, org.springframework.test.context.support.DirtiesContextTestExecutionListener@55a631c6, org.springframework.test.context.transaction.TransactionalTestExecutionListener@42841130, org.springframework.test.context.jdbc.SqlScriptsTestExecutionListener@5e185df0, org.springframework.security.test.context.support.WithSecurityContextTestExecutionListener@15a10095, org.springframework.security.test.context.support.ReactorContextTestExecutionListener@716d2be6, org.springframework.boot.test.autoconfigure.restdocs.RestDocsTestExecutionListener@1382a96a, org.springframework.boot.test.autoconfigure.web.client.MockRestServiceServerResetTestExecutionListener@fe98137, org.springframework.boot.test.autoconfigure.web.servlet.MockMvcPrintOnlyOnFailureTestExecutionListener@12519df7, org.springframework.boot.test.autoconfigure.web.servlet.WebDriverTestExecutionListener@afba640, org.springframework.boot.test.mock.mockito.ResetMocksTestExecutionListener@c34978c]
05:45:52.861 [Test worker] DEBUG org.springframework.test.annotation.ProfileValueUtils - Retrieved @ProfileValueSourceConfiguration [null] for test class [com.SpringS.springboot.web.ProfileControllerTest]
05:45:52.862 [Test worker] DEBUG org.springframework.test.annotation.ProfileValueUtils - Retrieved ProfileValueSource type [class org.springframework.test.annotation.SystemProfileValueSource] for class [com.SpringS.springboot.web.ProfileControllerTest]
05:45:52.862 [Test worker] DEBUG org.springframework.test.annotation.ProfileValueUtils - Retrieved @ProfileValueSourceConfiguration [null] for test class [com.SpringS.springboot.web.ProfileControllerTest]
05:45:52.862 [Test worker] DEBUG org.springframework.test.annotation.ProfileValueUtils - Retrieved ProfileValueSource type [class org.springframework.test.annotation.SystemProfileValueSource] for class [com.SpringS.springboot.web.ProfileControllerTest]
05:45:52.866 [Test worker] DEBUG org.springframework.test.context.support.AbstractDirtiesContextTestExecutionListener - Before test class: context [DefaultTestContext@48753547 testClass = ProfileControllerTest, testInstance = [null], testMethod = [null], testException = [null], mergedContextConfiguration = [WebMergedContextConfiguration@306c1082 testClass = ProfileControllerTest, locations = '{}', classes = '{class com.SpringS.springboot.Application}', contextInitializerClasses = '[]', activeProfiles = '{}', propertySourceLocations = '{}', propertySourceProperties = '{org.springframework.boot.test.context.SpringBootTestContextBootstrapper=true, server.port=0}', contextCustomizers = set[org.springframework.boot.test.autoconfigure.properties.PropertyMappingContextCustomizer@0, org.springframework.boot.test.autoconfigure.web.servlet.WebDriverContextCustomizerFactory$Customizer@625d00ba, org.springframework.boot.test.context.filter.ExcludeFilterContextCustomizer@6ebc259a, org.springframework.boot.test.json.DuplicateJsonObjectContextCustomizerFactory$DuplicateJsonObjectContextCustomizer@29341aea, org.springframework.boot.test.mock.mockito.MockitoContextCustomizer@0, org.springframework.boot.test.web.client.TestRestTemplateContextCustomizer@5fa392b1], resourceBasePath = 'src/main/webapp', contextLoader = 'org.springframework.boot.test.context.SpringBootContextLoader', parent = [null]], attributes = map['org.springframework.test.context.web.ServletTestExecutionListener.activateListener' -> false]], class annotated with @DirtiesContext [false] with mode [null].
05:45:52.867 [Test worker] DEBUG org.springframework.test.annotation.ProfileValueUtils - Retrieved @ProfileValueSourceConfiguration [null] for test class [com.SpringS.springboot.web.ProfileControllerTest]
05:45:52.867 [Test worker] DEBUG org.springframework.test.annotation.ProfileValueUtils - Retrieved ProfileValueSource type [class org.springframework.test.annotation.SystemProfileValueSource] for class [com.SpringS.springboot.web.ProfileControllerTest]
05:45:52.874 [Test worker] DEBUG org.springframework.test.context.support.DependencyInjectionTestExecutionListener - Performing dependency injection for test context [[DefaultTestContext@48753547 testClass = ProfileControllerTest, testInstance = com.SpringS.springboot.web.ProfileControllerTest@5ed6c27d, testMethod = [null], testException = [null], mergedContextConfiguration = [WebMergedContextConfiguration@306c1082 testClass = ProfileControllerTest, locations = '{}', classes = '{class com.SpringS.springboot.Application}', contextInitializerClasses = '[]', activeProfiles = '{}', propertySourceLocations = '{}', propertySourceProperties = '{org.springframework.boot.test.context.SpringBootTestContextBootstrapper=true, server.port=0}', contextCustomizers = set[org.springframework.boot.test.autoconfigure.properties.PropertyMappingContextCustomizer@0, org.springframework.boot.test.autoconfigure.web.servlet.WebDriverContextCustomizerFactory$Customizer@625d00ba, org.springframework.boot.test.context.filter.ExcludeFilterContextCustomizer@6ebc259a, org.springframework.boot.test.json.DuplicateJsonObjectContextCustomizerFactory$DuplicateJsonObjectContextCustomizer@29341aea, org.springframework.boot.test.mock.mockito.MockitoContextCustomizer@0, org.springframework.boot.test.web.client.TestRestTemplateContextCustomizer@5fa392b1], resourceBasePath = 'src/main/webapp', contextLoader = 'org.springframework.boot.test.context.SpringBootContextLoader', parent = [null]], attributes = map['org.springframework.test.context.web.ServletTestExecutionListener.activateListener' -> false]]].
05:45:52.899 [Test worker] DEBUG org.springframework.test.context.support.TestPropertySourceUtils - Adding inlined properties to environment: {spring.jmx.enabled=false, org.springframework.boot.test.context.SpringBootTestContextBootstrapper=true, server.port=0}

  .   ____          _            __ _ _
 /\\ / ___'_ __ _ _(_)_ __  __ _ \ \ \ \
( ( )\___ | '_ | '_| | '_ \/ _` | \ \ \ \
 \\/  ___)| |_)| | | | | || (_| |  ) ) ) )
  '  |____| .__|_| |_|_| |_\__, | / / / /
 =========|_|==============|___/=/_/_/_/
 :: Spring Boot ::        (v2.1.9.RELEASE)

2022-06-30 05:45:53.501  INFO 7136 --- [    Test worker] c.S.s.web.ProfileControllerTest          : Starting ProfileControllerTest on hongjunpyoui-MacBookPro.local with PID 7136 (started by hongjunpyo in /Users/hongjunpyo/IdeaProjects/TestSpring)
2022-06-30 05:45:53.505  INFO 7136 --- [    Test worker] c.S.s.web.ProfileControllerTest          : No active profile set, falling back to default profiles: default
2022-06-30 05:45:55.028  INFO 7136 --- [    Test worker] .s.d.r.c.RepositoryConfigurationDelegate : Bootstrapping Spring Data repositories in DEFAULT mode.
2022-06-30 05:45:55.148  INFO 7136 --- [    Test worker] .s.d.r.c.RepositoryConfigurationDelegate : Finished Spring Data repository scanning in 111ms. Found 2 repository interfaces.
2022-06-30 05:45:55.988  INFO 7136 --- [    Test worker] trationDelegate$BeanPostProcessorChecker : Bean 'org.springframework.transaction.annotation.ProxyTransactionManagementConfiguration' of type [org.springframework.transaction.annotation.ProxyTransactionManagementConfiguration$$EnhancerBySpringCGLIB$$d2e3fd0b] is not eligible for getting processed by all BeanPostProcessors (for example: not eligible for auto-proxying)
2022-06-30 05:45:56.637  INFO 7136 --- [    Test worker] o.s.b.w.embedded.tomcat.TomcatWebServer  : Tomcat initialized with port(s): 0 (http)
2022-06-30 05:45:56.683  INFO 7136 --- [    Test worker] o.apache.catalina.core.StandardService   : Starting service [Tomcat]
2022-06-30 05:45:56.684  INFO 7136 --- [    Test worker] org.apache.catalina.core.StandardEngine  : Starting Servlet engine: [Apache Tomcat/9.0.26]
2022-06-30 05:45:56.854  INFO 7136 --- [    Test worker] o.a.c.c.C.[Tomcat].[localhost].[/]       : Initializing Spring embedded WebApplicationContext
2022-06-30 05:45:56.854  INFO 7136 --- [    Test worker] o.s.web.context.ContextLoader            : Root WebApplicationContext: initialization completed in 3329 ms
2022-06-30 05:45:57.242  INFO 7136 --- [    Test worker] com.zaxxer.hikari.HikariDataSource       : HikariPool-1 - Starting...
2022-06-30 05:45:57.438  INFO 7136 --- [    Test worker] com.zaxxer.hikari.HikariDataSource       : HikariPool-1 - Start completed.
2022-06-30 05:45:57.672  INFO 7136 --- [    Test worker] o.hibernate.jpa.internal.util.LogHelper  : HHH000204: Processing PersistenceUnitInfo [
	name: default
	...]
2022-06-30 05:45:57.732  INFO 7136 --- [    Test worker] org.hibernate.Version                    : HHH000412: Hibernate Core {5.3.12.Final}
2022-06-30 05:45:57.735  INFO 7136 --- [    Test worker] org.hibernate.cfg.Environment            : HHH000206: hibernate.properties not found
2022-06-30 05:45:57.914  INFO 7136 --- [    Test worker] o.hibernate.annotations.common.Version   : HCANN000001: Hibernate Commons Annotations {5.0.4.Final}
2022-06-30 05:45:58.050  INFO 7136 --- [    Test worker] org.hibernate.dialect.Dialect            : HHH000400: Using dialect: org.hibernate.dialect.MySQL5InnoDBDialect
Hibernate: drop table if exists posts
Hibernate: drop table if exists user
Hibernate: create table posts (id bigint not null auto_increment, created_date datetime, modified_date datetime, author varchar(255), content TEXT not null, title varchar(500) not null, primary key (id)) engine=InnoDB
Hibernate: create table user (id bigint not null auto_increment, created_date datetime, modified_date datetime, email varchar(255) not null, name varchar(255) not null, picture varchar(255), role varchar(255) not null, primary key (id)) engine=InnoDB
2022-06-30 05:45:58.872  INFO 7136 --- [    Test worker] o.h.t.schema.internal.SchemaCreatorImpl  : HHH000476: Executing import script 'org.hibernate.tool.schema.internal.exec.ScriptSourceInputNonExistentImpl@651ce519'
2022-06-30 05:45:58.879  INFO 7136 --- [    Test worker] j.LocalContainerEntityManagerFactoryBean : Initialized JPA EntityManagerFactory for persistence unit 'default'
2022-06-30 05:45:59.842  INFO 7136 --- [    Test worker] o.h.h.i.QueryTranslatorFactoryInitiator  : HHH000397: Using ASTQueryTranslatorFactory
2022-06-30 05:46:00.327  INFO 7136 --- [    Test worker] o.s.s.web.DefaultSecurityFilterChain     : Creating filter chain: any request, [org.springframework.security.web.context.request.async.WebAsyncManagerIntegrationFilter@3073d133, org.springframework.security.web.context.SecurityContextPersistenceFilter@346cecac, org.springframework.security.web.header.HeaderWriterFilter@354b7e17, org.springframework.security.web.authentication.logout.LogoutFilter@431cf064, org.springframework.security.oauth2.client.web.OAuth2AuthorizationRequestRedirectFilter@7157c9ba, org.springframework.security.oauth2.client.web.OAuth2LoginAuthenticationFilter@7b90ea2b, org.springframework.security.web.authentication.ui.DefaultLoginPageGeneratingFilter@7b2a9f23, org.springframework.security.web.authentication.ui.DefaultLogoutPageGeneratingFilter@48ec79ee, org.springframework.security.web.savedrequest.RequestCacheAwareFilter@72870b4e, org.springframework.security.web.servletapi.SecurityContextHolderAwareRequestFilter@507da9bc, org.springframework.security.web.authentication.AnonymousAuthenticationFilter@77f23e77, org.springframework.security.web.session.SessionManagementFilter@50cef0ea, org.springframework.security.web.access.ExceptionTranslationFilter@3d70e0, org.springframework.security.web.access.intercept.FilterSecurityInterceptor@4571fc6c]
2022-06-30 05:46:00.760  INFO 7136 --- [    Test worker] o.s.s.concurrent.ThreadPoolTaskExecutor  : Initializing ExecutorService 'applicationTaskExecutor'
2022-06-30 05:46:00.819  WARN 7136 --- [    Test worker] aWebConfiguration$JpaWebMvcConfiguration : spring.jpa.open-in-view is enabled by default. Therefore, database queries may be performed during view rendering. Explicitly configure spring.jpa.open-in-view to disable this warning
2022-06-30 05:46:00.893  INFO 7136 --- [    Test worker] o.s.b.a.w.s.WelcomePageHandlerMapping    : Adding welcome page template: index
2022-06-30 05:46:01.332  INFO 7136 --- [    Test worker] s.a.ScheduledAnnotationBeanPostProcessor : No TaskScheduler/ScheduledExecutorService bean found for scheduled processing
2022-06-30 05:46:01.360  INFO 7136 --- [    Test worker] o.s.b.w.embedded.tomcat.TomcatWebServer  : Tomcat started on port(s): 51214 (http) with context path ''
2022-06-30 05:46:01.365  INFO 7136 --- [    Test worker] c.S.s.web.ProfileControllerTest          : Started ProfileControllerTest in 8.461 seconds (JVM running for 9.903)
2022-06-30 05:46:01.602  INFO 7136 --- [o-auto-1-exec-1] o.a.c.c.C.[Tomcat].[localhost].[/]       : Initializing Spring DispatcherServlet 'dispatcherServlet'
2022-06-30 05:46:01.604  INFO 7136 --- [o-auto-1-exec-1] o.s.web.servlet.DispatcherServlet        : Initializing Servlet 'dispatcherServlet'
2022-06-30 05:46:01.648  INFO 7136 --- [o-auto-1-exec-1] o.s.web.servlet.DispatcherServlet        : Completed initialization in 44 ms
]]></system-out>
  <system-err><![CDATA[]]></system-err>
</testsuite>
