<?xml version="1.0" encoding="UTF-8"?>
<testsuite name="com.SpringS.springboot.web.HelloControllerTest" tests="2" skipped="0" failures="0" errors="0" timestamp="2022-06-28T18:29:43" hostname="hongjunpyoui-MacBookPro.local" time="0.114">
  <properties/>
  <testcase name="hello가_리턴된다" classname="com.SpringS.springboot.web.HelloControllerTest" time="0.039"/>
  <testcase name="helloDto가_리턴된다" classname="com.SpringS.springboot.web.HelloControllerTest" time="0.074"/>
  <system-out><![CDATA[2022-06-29 03:29:41.892  INFO 63830 --- [    Test worker] .b.t.a.w.s.WebMvcTestContextBootstrapper : Neither @ContextConfiguration nor @ContextHierarchy found for test class [com.SpringS.springboot.web.HelloControllerTest], using SpringBootContextLoader
2022-06-29 03:29:41.895  INFO 63830 --- [    Test worker] o.s.t.c.support.AbstractContextLoader    : Could not detect default resource locations for test class [com.SpringS.springboot.web.HelloControllerTest]: no resource found for suffixes {-context.xml, Context.groovy}.
2022-06-29 03:29:41.896  INFO 63830 --- [    Test worker] t.c.s.AnnotationConfigContextLoaderUtils : Could not detect default configuration classes for test class [com.SpringS.springboot.web.HelloControllerTest]: HelloControllerTest does not declare any static, non-private, non-final, nested classes annotated with @Configuration.
2022-06-29 03:29:41.950  INFO 63830 --- [    Test worker] .b.t.c.SpringBootTestContextBootstrapper : Found @SpringBootConfiguration com.SpringS.springboot.Application for test class com.SpringS.springboot.web.HelloControllerTest
2022-06-29 03:29:41.952  INFO 63830 --- [    Test worker] .b.t.a.w.s.WebMvcTestContextBootstrapper : Loaded default TestExecutionListener class names from location [META-INF/spring.factories]: [org.springframework.security.test.context.support.WithSecurityContextTestExecutionListener, org.springframework.security.test.context.support.ReactorContextTestExecutionListener, org.springframework.boot.test.autoconfigure.restdocs.RestDocsTestExecutionListener, org.springframework.boot.test.autoconfigure.web.client.MockRestServiceServerResetTestExecutionListener, org.springframework.boot.test.autoconfigure.web.servlet.MockMvcPrintOnlyOnFailureTestExecutionListener, org.springframework.boot.test.autoconfigure.web.servlet.WebDriverTestExecutionListener, org.springframework.boot.test.mock.mockito.MockitoTestExecutionListener, org.springframework.boot.test.mock.mockito.ResetMocksTestExecutionListener, org.springframework.test.context.web.ServletTestExecutionListener, org.springframework.test.context.support.DirtiesContextBeforeModesTestExecutionListener, org.springframework.test.context.support.DependencyInjectionTestExecutionListener, org.springframework.test.context.support.DirtiesContextTestExecutionListener, org.springframework.test.context.transaction.TransactionalTestExecutionListener, org.springframework.test.context.jdbc.SqlScriptsTestExecutionListener]
2022-06-29 03:29:41.953  INFO 63830 --- [    Test worker] .b.t.a.w.s.WebMvcTestContextBootstrapper : Using TestExecutionListeners: [org.springframework.test.context.web.ServletTestExecutionListener@375eadc9, org.springframework.test.context.support.DirtiesContextBeforeModesTestExecutionListener@61624ee7, org.springframework.boot.test.mock.mockito.MockitoTestExecutionListener@3523c7fc, org.springframework.boot.test.autoconfigure.SpringBootDependencyInjectionTestExecutionListener@30796890, org.springframework.test.context.support.DirtiesContextTestExecutionListener@728bbbb3, org.springframework.test.context.transaction.TransactionalTestExecutionListener@1edc673, org.springframework.test.context.jdbc.SqlScriptsTestExecutionListener@2a5aed95, org.springframework.security.test.context.support.WithSecurityContextTestExecutionListener@519c3da6, org.springframework.security.test.context.support.ReactorContextTestExecutionListener@7e655205, org.springframework.boot.test.autoconfigure.restdocs.RestDocsTestExecutionListener@1154dde4, org.springframework.boot.test.autoconfigure.web.client.MockRestServiceServerResetTestExecutionListener@6c9fbc1e, org.springframework.boot.test.autoconfigure.web.servlet.MockMvcPrintOnlyOnFailureTestExecutionListener@5cdecd26, org.springframework.boot.test.autoconfigure.web.servlet.WebDriverTestExecutionListener@87f49c2, org.springframework.boot.test.mock.mockito.ResetMocksTestExecutionListener@3ff30ed4]

  .   ____          _            __ _ _
 /\\ / ___'_ __ _ _(_)_ __  __ _ \ \ \ \
( ( )\___ | '_ | '_| | '_ \/ _` | \ \ \ \
 \\/  ___)| |_)| | | | | || (_| |  ) ) ) )
  '  |____| .__|_| |_|_| |_\__, | / / / /
 =========|_|==============|___/=/_/_/_/
 :: Spring Boot ::        (v2.1.9.RELEASE)

2022-06-29 03:29:42.041  INFO 63830 --- [    Test worker] c.S.springboot.web.HelloControllerTest   : Starting HelloControllerTest on hongjunpyoui-MacBookPro.local with PID 63830 (started by hongjunpyo in /Users/hongjunpyo/IdeaProjects/TestSpring)
2022-06-29 03:29:42.053  INFO 63830 --- [    Test worker] c.S.springboot.web.HelloControllerTest   : No active profile set, falling back to default profiles: default
2022-06-29 03:29:42.984  INFO 63830 --- [    Test worker] o.s.s.concurrent.ThreadPoolTaskExecutor  : Initializing ExecutorService 'applicationTaskExecutor'
2022-06-29 03:29:43.023  INFO 63830 --- [    Test worker] o.s.b.a.w.s.WelcomePageHandlerMapping    : Adding welcome page template: index
2022-06-29 03:29:43.236  INFO 63830 --- [    Test worker] .s.s.UserDetailsServiceAutoConfiguration : 

Using generated security password: 9f1c10ee-a489-40b0-b118-27993adba14c

2022-06-29 03:29:43.322  INFO 63830 --- [    Test worker] o.s.s.web.DefaultSecurityFilterChain     : Creating filter chain: any request, [org.springframework.security.web.context.request.async.WebAsyncManagerIntegrationFilter@b2f5fa6, org.springframework.security.web.context.SecurityContextPersistenceFilter@4d581dc5, org.springframework.security.web.header.HeaderWriterFilter@6e43b1b8, org.springframework.security.web.csrf.CsrfFilter@67ee4768, org.springframework.security.web.authentication.logout.LogoutFilter@66df3cbb, org.springframework.security.web.authentication.UsernamePasswordAuthenticationFilter@1d2eb3a1, org.springframework.security.web.authentication.ui.DefaultLoginPageGeneratingFilter@7b6ebbf0, org.springframework.security.web.authentication.ui.DefaultLogoutPageGeneratingFilter@269bb2b3, org.springframework.security.web.authentication.www.BasicAuthenticationFilter@747980d6, org.springframework.security.web.savedrequest.RequestCacheAwareFilter@68406fc7, org.springframework.security.web.servletapi.SecurityContextHolderAwareRequestFilter@1bfddd06, org.springframework.security.web.authentication.AnonymousAuthenticationFilter@1e5cf986, org.springframework.security.web.session.SessionManagementFilter@7b836e1f, org.springframework.security.web.access.ExceptionTranslationFilter@54ce2e7f, org.springframework.security.web.access.intercept.FilterSecurityInterceptor@5483cce2]
2022-06-29 03:29:43.343  INFO 63830 --- [    Test worker] o.s.b.t.m.w.SpringBootMockServletContext : Initializing Spring TestDispatcherServlet ''
2022-06-29 03:29:43.344  INFO 63830 --- [    Test worker] o.s.t.web.servlet.TestDispatcherServlet  : Initializing Servlet ''
2022-06-29 03:29:43.347  INFO 63830 --- [    Test worker] o.s.t.web.servlet.TestDispatcherServlet  : Completed initialization in 2 ms
2022-06-29 03:29:43.388  INFO 63830 --- [    Test worker] c.S.springboot.web.HelloControllerTest   : Started HelloControllerTest in 1.416 seconds (JVM running for 12.713)
]]></system-out>
  <system-err><![CDATA[]]></system-err>
</testsuite>
