<?xml version="1.0" encoding="UTF-8"?>
<testsuite name="com.SpringS.springboot.web.IndexControllerTest" tests="1" skipped="0" failures="0" errors="0" timestamp="2022-06-28T20:28:54" hostname="hongjunpyoui-MacBookPro.local" time="0.113">
  <properties/>
  <testcase name="메인페이지_로딩" classname="com.SpringS.springboot.web.IndexControllerTest" time="0.113"/>
  <system-out><![CDATA[2022-06-29 05:28:54.374  INFO 76768 --- [    Test worker] .b.t.c.SpringBootTestContextBootstrapper : Neither @ContextConfiguration nor @ContextHierarchy found for test class [com.SpringS.springboot.web.IndexControllerTest], using SpringBootContextLoader
2022-06-29 05:28:54.375  INFO 76768 --- [    Test worker] o.s.t.c.support.AbstractContextLoader    : Could not detect default resource locations for test class [com.SpringS.springboot.web.IndexControllerTest]: no resource found for suffixes {-context.xml, Context.groovy}.
2022-06-29 05:28:54.375  INFO 76768 --- [    Test worker] t.c.s.AnnotationConfigContextLoaderUtils : Could not detect default configuration classes for test class [com.SpringS.springboot.web.IndexControllerTest]: IndexControllerTest does not declare any static, non-private, non-final, nested classes annotated with @Configuration.
2022-06-29 05:28:54.378  INFO 76768 --- [    Test worker] .b.t.c.SpringBootTestContextBootstrapper : Found @SpringBootConfiguration com.SpringS.springboot.Application for test class com.SpringS.springboot.web.IndexControllerTest
2022-06-29 05:28:54.380  INFO 76768 --- [    Test worker] .b.t.c.SpringBootTestContextBootstrapper : Loaded default TestExecutionListener class names from location [META-INF/spring.factories]: [org.springframework.security.test.context.support.WithSecurityContextTestExecutionListener, org.springframework.security.test.context.support.ReactorContextTestExecutionListener, org.springframework.boot.test.autoconfigure.restdocs.RestDocsTestExecutionListener, org.springframework.boot.test.autoconfigure.web.client.MockRestServiceServerResetTestExecutionListener, org.springframework.boot.test.autoconfigure.web.servlet.MockMvcPrintOnlyOnFailureTestExecutionListener, org.springframework.boot.test.autoconfigure.web.servlet.WebDriverTestExecutionListener, org.springframework.boot.test.mock.mockito.MockitoTestExecutionListener, org.springframework.boot.test.mock.mockito.ResetMocksTestExecutionListener, org.springframework.test.context.web.ServletTestExecutionListener, org.springframework.test.context.support.DirtiesContextBeforeModesTestExecutionListener, org.springframework.test.context.support.DependencyInjectionTestExecutionListener, org.springframework.test.context.support.DirtiesContextTestExecutionListener, org.springframework.test.context.transaction.TransactionalTestExecutionListener, org.springframework.test.context.jdbc.SqlScriptsTestExecutionListener]
2022-06-29 05:28:54.380  INFO 76768 --- [    Test worker] .b.t.c.SpringBootTestContextBootstrapper : Using TestExecutionListeners: [org.springframework.test.context.web.ServletTestExecutionListener@3bf0cd11, org.springframework.test.context.support.DirtiesContextBeforeModesTestExecutionListener@5c20e503, org.springframework.boot.test.mock.mockito.MockitoTestExecutionListener@308ede5a, org.springframework.boot.test.autoconfigure.SpringBootDependencyInjectionTestExecutionListener@490f457, org.springframework.test.context.support.DirtiesContextTestExecutionListener@39b53991, org.springframework.test.context.transaction.TransactionalTestExecutionListener@6266cb59, org.springframework.test.context.jdbc.SqlScriptsTestExecutionListener@245ca541, org.springframework.security.test.context.support.WithSecurityContextTestExecutionListener@276dcfd1, org.springframework.security.test.context.support.ReactorContextTestExecutionListener@3784131c, org.springframework.boot.test.autoconfigure.restdocs.RestDocsTestExecutionListener@636c2ab6, org.springframework.boot.test.autoconfigure.web.client.MockRestServiceServerResetTestExecutionListener@225bed37, org.springframework.boot.test.autoconfigure.web.servlet.MockMvcPrintOnlyOnFailureTestExecutionListener@6b81adea, org.springframework.boot.test.autoconfigure.web.servlet.WebDriverTestExecutionListener@7c8a4f75, org.springframework.boot.test.mock.mockito.ResetMocksTestExecutionListener@7e31e3c8]
Hibernate: select posts0_.id as id1_0_, posts0_.created_date as created_2_0_, posts0_.modified_date as modified3_0_, posts0_.author as author4_0_, posts0_.content as content5_0_, posts0_.title as title6_0_ from posts posts0_ order by posts0_.id DESC
]]></system-out>
  <system-err><![CDATA[]]></system-err>
</testsuite>
