<?xml version="1.0" encoding="UTF-8"?>
<testsuite name="com.SpringS.springboot.web.ProfileControllerTest" tests="1" skipped="0" failures="0" errors="0" timestamp="2022-06-28T20:28:52" hostname="hongjunpyoui-MacBookPro.local" time="0.31">
  <properties/>
  <testcase name="profile은_인증없이_호출된다" classname="com.SpringS.springboot.web.ProfileControllerTest" time="0.31"/>
  <system-out><![CDATA[05:28:43.852 [Test worker] DEBUG org.springframework.test.context.junit4.SpringJUnit4ClassRunner - SpringJUnit4ClassRunner constructor called with [class com.SpringS.springboot.web.ProfileControllerTest]
05:28:43.863 [Test worker] DEBUG org.springframework.test.context.BootstrapUtils - Instantiating CacheAwareContextLoaderDelegate from class [org.springframework.test.context.cache.DefaultCacheAwareContextLoaderDelegate]
05:28:43.868 [Test worker] DEBUG org.springframework.test.context.BootstrapUtils - Instantiating BootstrapContext using constructor [public org.springframework.test.context.support.DefaultBootstrapContext(java.lang.Class,org.springframework.test.context.CacheAwareContextLoaderDelegate)]
05:28:43.887 [Test worker] DEBUG org.springframework.test.context.BootstrapUtils - Instantiating TestContextBootstrapper for test class [com.SpringS.springboot.web.ProfileControllerTest] from class [org.springframework.boot.test.context.SpringBootTestContextBootstrapper]
05:28:43.899 [Test worker] INFO org.springframework.boot.test.context.SpringBootTestContextBootstrapper - Neither @ContextConfiguration nor @ContextHierarchy found for test class [com.SpringS.springboot.web.ProfileControllerTest], using SpringBootContextLoader
05:28:43.903 [Test worker] DEBUG org.springframework.test.context.support.AbstractContextLoader - Did not detect default resource location for test class [com.SpringS.springboot.web.ProfileControllerTest]: class path resource [com/SpringS/springboot/web/ProfileControllerTest-context.xml] does not exist
05:28:43.905 [Test worker] DEBUG org.springframework.test.context.support.AbstractContextLoader - Did not detect default resource location for test class [com.SpringS.springboot.web.ProfileControllerTest]: class path resource [com/SpringS/springboot/web/ProfileControllerTestContext.groovy] does not exist
05:28:43.905 [Test worker] INFO org.springframework.test.context.support.AbstractContextLoader - Could not detect default resource locations for test class [com.SpringS.springboot.web.ProfileControllerTest]: no resource found for suffixes {-context.xml, Context.groovy}.
05:28:43.906 [Test worker] INFO org.springframework.test.context.support.AnnotationConfigContextLoaderUtils - Could not detect default configuration classes for test class [com.SpringS.springboot.web.ProfileControllerTest]: ProfileControllerTest does not declare any static, non-private, non-final, nested classes annotated with @Configuration.
05:28:43.964 [Test worker] DEBUG org.springframework.test.context.support.ActiveProfilesUtils - Could not find an 'annotation declaring class' for annotation type [org.springframework.test.context.ActiveProfiles] and class [com.SpringS.springboot.web.ProfileControllerTest]
05:28:44.112 [Test worker] DEBUG org.springframework.context.annotation.ClassPathScanningCandidateComponentProvider - Identified candidate component class: file [/Users/hongjunpyo/IdeaProjects/TestSpring/build/classes/java/main/com/SpringS/springboot/Application.class]
05:28:44.114 [Test worker] INFO org.springframework.boot.test.context.SpringBootTestContextBootstrapper - Found @SpringBootConfiguration com.SpringS.springboot.Application for test class com.SpringS.springboot.web.ProfileControllerTest
05:28:44.198 [Test worker] DEBUG org.springframework.boot.test.context.SpringBootTestContextBootstrapper - @TestExecutionListeners is not present for class [com.SpringS.springboot.web.ProfileControllerTest]: using defaults.
05:28:44.199 [Test worker] INFO org.springframework.boot.test.context.SpringBootTestContextBootstrapper - Loaded default TestExecutionListener class names from location [META-INF/spring.factories]: [org.springframework.security.test.context.support.WithSecurityContextTestExecutionListener, org.springframework.security.test.context.support.ReactorContextTestExecutionListener, org.springframework.boot.test.autoconfigure.restdocs.RestDocsTestExecutionListener, org.springframework.boot.test.autoconfigure.web.client.MockRestServiceServerResetTestExecutionListener, org.springframework.boot.test.autoconfigure.web.servlet.MockMvcPrintOnlyOnFailureTestExecutionListener, org.springframework.boot.test.autoconfigure.web.servlet.WebDriverTestExecutionListener, org.springframework.boot.test.mock.mockito.MockitoTestExecutionListener, org.springframework.boot.test.mock.mockito.ResetMocksTestExecutionListener, org.springframework.test.context.web.ServletTestExecutionListener, org.springframework.test.context.support.DirtiesContextBeforeModesTestExecutionListener, org.springframework.test.context.support.DependencyInjectionTestExecutionListener, org.springframework.test.context.support.DirtiesContextTestExecutionListener, org.springframework.test.context.transaction.TransactionalTestExecutionListener, org.springframework.test.context.jdbc.SqlScriptsTestExecutionListener]
05:28:44.222 [Test worker] INFO org.springframework.boot.test.context.SpringBootTestContextBootstrapper - Using TestExecutionListeners: [org.springframework.test.context.web.ServletTestExecutionListener@2b34196f, org.springframework.test.context.support.DirtiesContextBeforeModesTestExecutionListener@6c0f674d, org.springframework.boot.test.mock.mockito.MockitoTestExecutionListener@2fa674c4, org.springframework.boot.test.autoconfigure.SpringBootDependencyInjectionTestExecutionListener@5e52b402, org.springframework.test.context.support.DirtiesContextTestExecutionListener@55a631c6, org.springframework.test.context.transaction.TransactionalTestExecutionListener@42841130, org.springframework.test.context.jdbc.SqlScriptsTestExecutionListener@5e185df0, org.springframework.security.test.context.support.WithSecurityContextTestExecutionListener@15a10095, org.springframework.security.test.context.support.ReactorContextTestExecutionListener@716d2be6, org.springframework.boot.test.autoconfigure.restdocs.RestDocsTestExecutionListener@1382a96a, org.springframework.boot.test.autoconfigure.web.client.MockRestServiceServerResetTestExecutionListener@fe98137, org.springframework.boot.test.autoconfigure.web.servlet.MockMvcPrintOnlyOnFailureTestExecutionListener@12519df7, org.springframework.boot.test.autoconfigure.web.servlet.WebDriverTestExecutionListener@afba640, org.springframework.boot.test.mock.mockito.ResetMocksTestExecutionListener@c34978c]
05:28:44.224 [Test worker] DEBUG org.springframework.test.annotation.ProfileValueUtils - Retrieved @ProfileValueSourceConfiguration [null] for test class [com.SpringS.springboot.web.ProfileControllerTest]
05:28:44.225 [Test worker] DEBUG org.springframework.test.annotation.ProfileValueUtils - Retrieved ProfileValueSource type [class org.springframework.test.annotation.SystemProfileValueSource] for class [com.SpringS.springboot.web.ProfileControllerTest]
05:28:44.225 [Test worker] DEBUG org.springframework.test.annotation.ProfileValueUtils - Retrieved @ProfileValueSourceConfiguration [null] for test class [com.SpringS.springboot.web.ProfileControllerTest]
05:28:44.225 [Test worker] DEBUG org.springframework.test.annotation.ProfileValueUtils - Retrieved ProfileValueSource type [class org.springframework.test.annotation.SystemProfileValueSource] for class [com.SpringS.springboot.web.ProfileControllerTest]
05:28:44.229 [Test worker] DEBUG org.springframework.test.context.support.AbstractDirtiesContextTestExecutionListener - Before test class: context [DefaultTestContext@48753547 testClass = ProfileControllerTest, testInstance = [null], testMethod = [null], testException = [null], mergedContextConfiguration = [WebMergedContextConfiguration@306c1082 testClass = ProfileControllerTest, locations = '{}', classes = '{class com.SpringS.springboot.Application}', contextInitializerClasses = '[]', activeProfiles = '{}', propertySourceLocations = '{}', propertySourceProperties = '{org.springframework.boot.test.context.SpringBootTestContextBootstrapper=true, server.port=0}', contextCustomizers = set[org.springframework.boot.test.autoconfigure.properties.PropertyMappingContextCustomizer@0, org.springframework.boot.test.autoconfigure.web.servlet.WebDriverContextCustomizerFactory$Customizer@625d00ba, org.springframework.boot.test.context.filter.ExcludeFilterContextCustomizer@6ebc259a, org.springframework.boot.test.json.DuplicateJsonObjectContextCustomizerFactory$DuplicateJsonObjectContextCustomizer@29341aea, org.springframework.boot.test.mock.mockito.MockitoContextCustomizer@0, org.springframework.boot.test.web.client.TestRestTemplateContextCustomizer@5fa392b1], resourceBasePath = 'src/main/webapp', contextLoader = 'org.springframework.boot.test.context.SpringBootContextLoader', parent = [null]], attributes = map['org.springframework.test.context.web.ServletTestExecutionListener.activateListener' -> false]], class annotated with @DirtiesContext [false] with mode [null].
05:28:44.229 [Test worker] DEBUG org.springframework.test.annotation.ProfileValueUtils - Retrieved @ProfileValueSourceConfiguration [null] for test class [com.SpringS.springboot.web.ProfileControllerTest]
05:28:44.229 [Test worker] DEBUG org.springframework.test.annotation.ProfileValueUtils - Retrieved ProfileValueSource type [class org.springframework.test.annotation.SystemProfileValueSource] for class [com.SpringS.springboot.web.ProfileControllerTest]
05:28:44.236 [Test worker] DEBUG org.springframework.test.context.support.DependencyInjectionTestExecutionListener - Performing dependency injection for test context [[DefaultTestContext@48753547 testClass = ProfileControllerTest, testInstance = com.SpringS.springboot.web.ProfileControllerTest@5ed6c27d, testMethod = [null], testException = [null], mergedContextConfiguration = [WebMergedContextConfiguration@306c1082 testClass = ProfileControllerTest, locations = '{}', classes = '{class com.SpringS.springboot.Application}', contextInitializerClasses = '[]', activeProfiles = '{}', propertySourceLocations = '{}', propertySourceProperties = '{org.springframework.boot.test.context.SpringBootTestContextBootstrapper=true, server.port=0}', contextCustomizers = set[org.springframework.boot.test.autoconfigure.properties.PropertyMappingContextCustomizer@0, org.springframework.boot.test.autoconfigure.web.servlet.WebDriverContextCustomizerFactory$Customizer@625d00ba, org.springframework.boot.test.context.filter.ExcludeFilterContextCustomizer@6ebc259a, org.springframework.boot.test.json.DuplicateJsonObjectContextCustomizerFactory$DuplicateJsonObjectContextCustomizer@29341aea, org.springframework.boot.test.mock.mockito.MockitoContextCustomizer@0, org.springframework.boot.test.web.client.TestRestTemplateContextCustomizer@5fa392b1], resourceBasePath = 'src/main/webapp', contextLoader = 'org.springframework.boot.test.context.SpringBootContextLoader', parent = [null]], attributes = map['org.springframework.test.context.web.ServletTestExecutionListener.activateListener' -> false]]].
05:28:44.261 [Test worker] DEBUG org.springframework.test.context.support.TestPropertySourceUtils - Adding inlined properties to environment: {spring.jmx.enabled=false, org.springframework.boot.test.context.SpringBootTestContextBootstrapper=true, server.port=0}

  .   ____          _            __ _ _
 /\\ / ___'_ __ _ _(_)_ __  __ _ \ \ \ \
( ( )\___ | '_ | '_| | '_ \/ _` | \ \ \ \
 \\/  ___)| |_)| | | | | || (_| |  ) ) ) )
  '  |____| .__|_| |_|_| |_\__, | / / / /
 =========|_|==============|___/=/_/_/_/
 :: Spring Boot ::        (v2.1.9.RELEASE)

2022-06-29 05:28:44.881  INFO 76768 --- [    Test worker] c.S.s.web.ProfileControllerTest          : Starting ProfileControllerTest on hongjunpyoui-MacBookPro.local with PID 76768 (started by hongjunpyo in /Users/hongjunpyo/IdeaProjects/TestSpring)
2022-06-29 05:28:44.885  INFO 76768 --- [    Test worker] c.S.s.web.ProfileControllerTest          : No active profile set, falling back to default profiles: default
2022-06-29 05:28:46.514  INFO 76768 --- [    Test worker] .s.d.r.c.RepositoryConfigurationDelegate : Bootstrapping Spring Data repositories in DEFAULT mode.
2022-06-29 05:28:46.635  INFO 76768 --- [    Test worker] .s.d.r.c.RepositoryConfigurationDelegate : Finished Spring Data repository scanning in 113ms. Found 2 repository interfaces.
2022-06-29 05:28:47.495  INFO 76768 --- [    Test worker] trationDelegate$BeanPostProcessorChecker : Bean 'org.springframework.transaction.annotation.ProxyTransactionManagementConfiguration' of type [org.springframework.transaction.annotation.ProxyTransactionManagementConfiguration$$EnhancerBySpringCGLIB$$5fe358d8] is not eligible for getting processed by all BeanPostProcessors (for example: not eligible for auto-proxying)
2022-06-29 05:28:48.118  INFO 76768 --- [    Test worker] o.s.b.w.embedded.tomcat.TomcatWebServer  : Tomcat initialized with port(s): 0 (http)
2022-06-29 05:28:48.169  INFO 76768 --- [    Test worker] o.apache.catalina.core.StandardService   : Starting service [Tomcat]
2022-06-29 05:28:48.170  INFO 76768 --- [    Test worker] org.apache.catalina.core.StandardEngine  : Starting Servlet engine: [Apache Tomcat/9.0.26]
2022-06-29 05:28:48.366  INFO 76768 --- [    Test worker] o.a.c.c.C.[Tomcat].[localhost].[/]       : Initializing Spring embedded WebApplicationContext
2022-06-29 05:28:48.367  INFO 76768 --- [    Test worker] o.s.web.context.ContextLoader            : Root WebApplicationContext: initialization completed in 3453 ms
2022-06-29 05:28:48.783  INFO 76768 --- [    Test worker] com.zaxxer.hikari.HikariDataSource       : HikariPool-1 - Starting...
2022-06-29 05:28:48.985  INFO 76768 --- [    Test worker] com.zaxxer.hikari.HikariDataSource       : HikariPool-1 - Start completed.
2022-06-29 05:28:49.182  INFO 76768 --- [    Test worker] o.hibernate.jpa.internal.util.LogHelper  : HHH000204: Processing PersistenceUnitInfo [
	name: default
	...]
2022-06-29 05:28:49.243  INFO 76768 --- [    Test worker] org.hibernate.Version                    : HHH000412: Hibernate Core {5.3.12.Final}
2022-06-29 05:28:49.246  INFO 76768 --- [    Test worker] org.hibernate.cfg.Environment            : HHH000206: hibernate.properties not found
2022-06-29 05:28:49.422  INFO 76768 --- [    Test worker] o.hibernate.annotations.common.Version   : HCANN000001: Hibernate Commons Annotations {5.0.4.Final}
2022-06-29 05:28:49.542  INFO 76768 --- [    Test worker] org.hibernate.dialect.Dialect            : HHH000400: Using dialect: org.hibernate.dialect.MySQL5InnoDBDialect
Hibernate: drop table if exists posts
Hibernate: drop table if exists user
Hibernate: create table posts (id bigint not null auto_increment, created_date datetime, modified_date datetime, author varchar(255), content TEXT not null, title varchar(500) not null, primary key (id)) engine=InnoDB
Hibernate: create table user (id bigint not null auto_increment, created_date datetime, modified_date datetime, email varchar(255) not null, name varchar(255) not null, picture varchar(255), role varchar(255) not null, primary key (id)) engine=InnoDB
2022-06-29 05:28:50.315  INFO 76768 --- [    Test worker] o.h.t.schema.internal.SchemaCreatorImpl  : HHH000476: Executing import script 'org.hibernate.tool.schema.internal.exec.ScriptSourceInputNonExistentImpl@651ce519'
2022-06-29 05:28:50.317  INFO 76768 --- [    Test worker] j.LocalContainerEntityManagerFactoryBean : Initialized JPA EntityManagerFactory for persistence unit 'default'
2022-06-29 05:28:51.268  INFO 76768 --- [    Test worker] o.h.h.i.QueryTranslatorFactoryInitiator  : HHH000397: Using ASTQueryTranslatorFactory
2022-06-29 05:28:51.796  INFO 76768 --- [    Test worker] o.s.s.web.DefaultSecurityFilterChain     : Creating filter chain: any request, [org.springframework.security.web.context.request.async.WebAsyncManagerIntegrationFilter@14fc1d16, org.springframework.security.web.context.SecurityContextPersistenceFilter@6dae46, org.springframework.security.web.header.HeaderWriterFilter@346cecac, org.springframework.security.web.authentication.logout.LogoutFilter@22e7be72, org.springframework.security.oauth2.client.web.OAuth2AuthorizationRequestRedirectFilter@7b90ea2b, org.springframework.security.oauth2.client.web.OAuth2LoginAuthenticationFilter@66c2822b, org.springframework.security.web.authentication.ui.DefaultLoginPageGeneratingFilter@2ea421e3, org.springframework.security.web.authentication.ui.DefaultLogoutPageGeneratingFilter@5bb30fea, org.springframework.security.web.savedrequest.RequestCacheAwareFilter@27ace44c, org.springframework.security.web.servletapi.SecurityContextHolderAwareRequestFilter@7e2a4086, org.springframework.security.web.authentication.AnonymousAuthenticationFilter@1fcf01c0, org.springframework.security.web.session.SessionManagementFilter@713a8c58, org.springframework.security.web.access.ExceptionTranslationFilter@354b7e17, org.springframework.security.web.access.intercept.FilterSecurityInterceptor@654a42df]
2022-06-29 05:28:52.229  INFO 76768 --- [    Test worker] o.s.s.concurrent.ThreadPoolTaskExecutor  : Initializing ExecutorService 'applicationTaskExecutor'
2022-06-29 05:28:52.293  WARN 76768 --- [    Test worker] aWebConfiguration$JpaWebMvcConfiguration : spring.jpa.open-in-view is enabled by default. Therefore, database queries may be performed during view rendering. Explicitly configure spring.jpa.open-in-view to disable this warning
2022-06-29 05:28:52.372  INFO 76768 --- [    Test worker] o.s.b.a.w.s.WelcomePageHandlerMapping    : Adding welcome page template: index
2022-06-29 05:28:52.731  INFO 76768 --- [    Test worker] s.a.ScheduledAnnotationBeanPostProcessor : No TaskScheduler/ScheduledExecutorService bean found for scheduled processing
2022-06-29 05:28:52.757  INFO 76768 --- [    Test worker] o.s.b.w.embedded.tomcat.TomcatWebServer  : Tomcat started on port(s): 65494 (http) with context path ''
2022-06-29 05:28:52.762  INFO 76768 --- [    Test worker] c.S.s.web.ProfileControllerTest          : Started ProfileControllerTest in 8.498 seconds (JVM running for 9.895)
2022-06-29 05:28:52.975  INFO 76768 --- [o-auto-1-exec-1] o.a.c.c.C.[Tomcat].[localhost].[/]       : Initializing Spring DispatcherServlet 'dispatcherServlet'
2022-06-29 05:28:52.976  INFO 76768 --- [o-auto-1-exec-1] o.s.web.servlet.DispatcherServlet        : Initializing Servlet 'dispatcherServlet'
2022-06-29 05:28:53.015  INFO 76768 --- [o-auto-1-exec-1] o.s.web.servlet.DispatcherServlet        : Completed initialization in 39 ms
]]></system-out>
  <system-err><![CDATA[]]></system-err>
</testsuite>
