<?xml version="1.0" encoding="UTF-8"?>
<testsuite name="com.SpringS.springboot.web.HelloControllerTest" tests="2" skipped="0" failures="0" errors="0" timestamp="2022-06-28T17:06:21" hostname="hongjunpyoui-MacBookPro.local" time="0.104">
  <properties/>
  <testcase name="hello가_리턴된다" classname="com.SpringS.springboot.web.HelloControllerTest" time="0.034"/>
  <testcase name="helloDto가_리턴된다" classname="com.SpringS.springboot.web.HelloControllerTest" time="0.069"/>
  <system-out><![CDATA[2022-06-29 02:06:20.550  INFO 59483 --- [    Test worker] .b.t.a.w.s.WebMvcTestContextBootstrapper : Neither @ContextConfiguration nor @ContextHierarchy found for test class [com.SpringS.springboot.web.HelloControllerTest], using SpringBootContextLoader
2022-06-29 02:06:20.553  INFO 59483 --- [    Test worker] o.s.t.c.support.AbstractContextLoader    : Could not detect default resource locations for test class [com.SpringS.springboot.web.HelloControllerTest]: no resource found for suffixes {-context.xml, Context.groovy}.
2022-06-29 02:06:20.554  INFO 59483 --- [    Test worker] t.c.s.AnnotationConfigContextLoaderUtils : Could not detect default configuration classes for test class [com.SpringS.springboot.web.HelloControllerTest]: HelloControllerTest does not declare any static, non-private, non-final, nested classes annotated with @Configuration.
2022-06-29 02:06:20.581  INFO 59483 --- [    Test worker] .b.t.c.SpringBootTestContextBootstrapper : Found @SpringBootConfiguration com.SpringS.springboot.Application for test class com.SpringS.springboot.web.HelloControllerTest
2022-06-29 02:06:20.583  INFO 59483 --- [    Test worker] .b.t.a.w.s.WebMvcTestContextBootstrapper : Loaded default TestExecutionListener class names from location [META-INF/spring.factories]: [org.springframework.security.test.context.support.WithSecurityContextTestExecutionListener, org.springframework.security.test.context.support.ReactorContextTestExecutionListener, org.springframework.boot.test.autoconfigure.restdocs.RestDocsTestExecutionListener, org.springframework.boot.test.autoconfigure.web.client.MockRestServiceServerResetTestExecutionListener, org.springframework.boot.test.autoconfigure.web.servlet.MockMvcPrintOnlyOnFailureTestExecutionListener, org.springframework.boot.test.autoconfigure.web.servlet.WebDriverTestExecutionListener, org.springframework.boot.test.mock.mockito.MockitoTestExecutionListener, org.springframework.boot.test.mock.mockito.ResetMocksTestExecutionListener, org.springframework.test.context.web.ServletTestExecutionListener, org.springframework.test.context.support.DirtiesContextBeforeModesTestExecutionListener, org.springframework.test.context.support.DependencyInjectionTestExecutionListener, org.springframework.test.context.support.DirtiesContextTestExecutionListener, org.springframework.test.context.transaction.TransactionalTestExecutionListener, org.springframework.test.context.jdbc.SqlScriptsTestExecutionListener]
2022-06-29 02:06:20.587  INFO 59483 --- [    Test worker] .b.t.a.w.s.WebMvcTestContextBootstrapper : Using TestExecutionListeners: [org.springframework.test.context.web.ServletTestExecutionListener@5bafac37, org.springframework.test.context.support.DirtiesContextBeforeModesTestExecutionListener@762ebc90, org.springframework.boot.test.mock.mockito.MockitoTestExecutionListener@69667699, org.springframework.boot.test.autoconfigure.SpringBootDependencyInjectionTestExecutionListener@51cd6c76, org.springframework.test.context.support.DirtiesContextTestExecutionListener@7725ac6c, org.springframework.test.context.transaction.TransactionalTestExecutionListener@74ec4424, org.springframework.test.context.jdbc.SqlScriptsTestExecutionListener@2ee4369e, org.springframework.security.test.context.support.WithSecurityContextTestExecutionListener@14f041e8, org.springframework.security.test.context.support.ReactorContextTestExecutionListener@4e6cd9d6, org.springframework.boot.test.autoconfigure.restdocs.RestDocsTestExecutionListener@5837795b, org.springframework.boot.test.autoconfigure.web.client.MockRestServiceServerResetTestExecutionListener@5768f405, org.springframework.boot.test.autoconfigure.web.servlet.MockMvcPrintOnlyOnFailureTestExecutionListener@41811001, org.springframework.boot.test.autoconfigure.web.servlet.WebDriverTestExecutionListener@690bc38e, org.springframework.boot.test.mock.mockito.ResetMocksTestExecutionListener@a958255]

  .   ____          _            __ _ _
 /\\ / ___'_ __ _ _(_)_ __  __ _ \ \ \ \
( ( )\___ | '_ | '_| | '_ \/ _` | \ \ \ \
 \\/  ___)| |_)| | | | | || (_| |  ) ) ) )
  '  |____| .__|_| |_|_| |_\__, | / / / /
 =========|_|==============|___/=/_/_/_/
 :: Spring Boot ::        (v2.1.9.RELEASE)

2022-06-29 02:06:20.658  INFO 59483 --- [    Test worker] c.S.springboot.web.HelloControllerTest   : Starting HelloControllerTest on hongjunpyoui-MacBookPro.local with PID 59483 (started by hongjunpyo in /Users/hongjunpyo/IdeaProjects/TestSpring)
2022-06-29 02:06:20.662  INFO 59483 --- [    Test worker] c.S.springboot.web.HelloControllerTest   : No active profile set, falling back to default profiles: default
2022-06-29 02:06:21.264  INFO 59483 --- [    Test worker] o.s.s.concurrent.ThreadPoolTaskExecutor  : Initializing ExecutorService 'applicationTaskExecutor'
2022-06-29 02:06:21.320  INFO 59483 --- [    Test worker] o.s.b.a.w.s.WelcomePageHandlerMapping    : Adding welcome page template: index
2022-06-29 02:06:21.553  INFO 59483 --- [    Test worker] .s.s.UserDetailsServiceAutoConfiguration : 

Using generated security password: e02be0cc-30be-4bec-bb6a-e12d81dc8e1e

2022-06-29 02:06:21.636  INFO 59483 --- [    Test worker] o.s.s.web.DefaultSecurityFilterChain     : Creating filter chain: any request, [org.springframework.security.web.context.request.async.WebAsyncManagerIntegrationFilter@409fbf60, org.springframework.security.web.context.SecurityContextPersistenceFilter@37a98a75, org.springframework.security.web.header.HeaderWriterFilter@670c6f41, org.springframework.security.web.csrf.CsrfFilter@57f644b2, org.springframework.security.web.authentication.logout.LogoutFilter@fe3db3a, org.springframework.security.web.authentication.UsernamePasswordAuthenticationFilter@21b2ed3c, org.springframework.security.web.authentication.ui.DefaultLoginPageGeneratingFilter@7e1c171f, org.springframework.security.web.authentication.ui.DefaultLogoutPageGeneratingFilter@729bb38b, org.springframework.security.web.authentication.www.BasicAuthenticationFilter@1be21d0d, org.springframework.security.web.savedrequest.RequestCacheAwareFilter@2ba3ce25, org.springframework.security.web.servletapi.SecurityContextHolderAwareRequestFilter@2f51ca77, org.springframework.security.web.authentication.AnonymousAuthenticationFilter@799ad2a0, org.springframework.security.web.session.SessionManagementFilter@23a74c6, org.springframework.security.web.access.ExceptionTranslationFilter@36755c71, org.springframework.security.web.access.intercept.FilterSecurityInterceptor@4f93c878]
2022-06-29 02:06:21.658  INFO 59483 --- [    Test worker] o.s.b.t.m.w.SpringBootMockServletContext : Initializing Spring TestDispatcherServlet ''
2022-06-29 02:06:21.660  INFO 59483 --- [    Test worker] o.s.t.web.servlet.TestDispatcherServlet  : Initializing Servlet ''
2022-06-29 02:06:21.663  INFO 59483 --- [    Test worker] o.s.t.web.servlet.TestDispatcherServlet  : Completed initialization in 3 ms
2022-06-29 02:06:21.696  INFO 59483 --- [    Test worker] c.S.springboot.web.HelloControllerTest   : Started HelloControllerTest in 1.093 seconds (JVM running for 12.024)
]]></system-out>
  <system-err><![CDATA[]]></system-err>
</testsuite>
