<?xml version="1.0" encoding="UTF-8"?>
<testsuite name="com.SpringS.springboot.web.HelloControllerTest" tests="2" skipped="0" failures="0" errors="0" timestamp="2022-06-28T17:18:57" hostname="hongjunpyoui-MacBookPro.local" time="0.106">
  <properties/>
  <testcase name="hello가_리턴된다" classname="com.SpringS.springboot.web.HelloControllerTest" time="0.035"/>
  <testcase name="helloDto가_리턴된다" classname="com.SpringS.springboot.web.HelloControllerTest" time="0.07"/>
  <system-out><![CDATA[2022-06-29 02:18:56.853  INFO 60205 --- [    Test worker] .b.t.a.w.s.WebMvcTestContextBootstrapper : Neither @ContextConfiguration nor @ContextHierarchy found for test class [com.SpringS.springboot.web.HelloControllerTest], using SpringBootContextLoader
2022-06-29 02:18:56.854  INFO 60205 --- [    Test worker] o.s.t.c.support.AbstractContextLoader    : Could not detect default resource locations for test class [com.SpringS.springboot.web.HelloControllerTest]: no resource found for suffixes {-context.xml, Context.groovy}.
2022-06-29 02:18:56.855  INFO 60205 --- [    Test worker] t.c.s.AnnotationConfigContextLoaderUtils : Could not detect default configuration classes for test class [com.SpringS.springboot.web.HelloControllerTest]: HelloControllerTest does not declare any static, non-private, non-final, nested classes annotated with @Configuration.
2022-06-29 02:18:56.893  INFO 60205 --- [    Test worker] .b.t.c.SpringBootTestContextBootstrapper : Found @SpringBootConfiguration com.SpringS.springboot.Application for test class com.SpringS.springboot.web.HelloControllerTest
2022-06-29 02:18:56.894  INFO 60205 --- [    Test worker] .b.t.a.w.s.WebMvcTestContextBootstrapper : Loaded default TestExecutionListener class names from location [META-INF/spring.factories]: [org.springframework.security.test.context.support.WithSecurityContextTestExecutionListener, org.springframework.security.test.context.support.ReactorContextTestExecutionListener, org.springframework.boot.test.autoconfigure.restdocs.RestDocsTestExecutionListener, org.springframework.boot.test.autoconfigure.web.client.MockRestServiceServerResetTestExecutionListener, org.springframework.boot.test.autoconfigure.web.servlet.MockMvcPrintOnlyOnFailureTestExecutionListener, org.springframework.boot.test.autoconfigure.web.servlet.WebDriverTestExecutionListener, org.springframework.boot.test.mock.mockito.MockitoTestExecutionListener, org.springframework.boot.test.mock.mockito.ResetMocksTestExecutionListener, org.springframework.test.context.web.ServletTestExecutionListener, org.springframework.test.context.support.DirtiesContextBeforeModesTestExecutionListener, org.springframework.test.context.support.DependencyInjectionTestExecutionListener, org.springframework.test.context.support.DirtiesContextTestExecutionListener, org.springframework.test.context.transaction.TransactionalTestExecutionListener, org.springframework.test.context.jdbc.SqlScriptsTestExecutionListener]
2022-06-29 02:18:56.895  INFO 60205 --- [    Test worker] .b.t.a.w.s.WebMvcTestContextBootstrapper : Using TestExecutionListeners: [org.springframework.test.context.web.ServletTestExecutionListener@5408a551, org.springframework.test.context.support.DirtiesContextBeforeModesTestExecutionListener@4bf03289, org.springframework.boot.test.mock.mockito.MockitoTestExecutionListener@1964a74d, org.springframework.boot.test.autoconfigure.SpringBootDependencyInjectionTestExecutionListener@1bc646a9, org.springframework.test.context.support.DirtiesContextTestExecutionListener@a754aad, org.springframework.test.context.transaction.TransactionalTestExecutionListener@40db4510, org.springframework.test.context.jdbc.SqlScriptsTestExecutionListener@7c39dc89, org.springframework.security.test.context.support.WithSecurityContextTestExecutionListener@55e33ea9, org.springframework.security.test.context.support.ReactorContextTestExecutionListener@75e3269a, org.springframework.boot.test.autoconfigure.restdocs.RestDocsTestExecutionListener@6f8a0ef3, org.springframework.boot.test.autoconfigure.web.client.MockRestServiceServerResetTestExecutionListener@5d654a1f, org.springframework.boot.test.autoconfigure.web.servlet.MockMvcPrintOnlyOnFailureTestExecutionListener@11bf216c, org.springframework.boot.test.autoconfigure.web.servlet.WebDriverTestExecutionListener@7d841237, org.springframework.boot.test.mock.mockito.ResetMocksTestExecutionListener@424676e2]

  .   ____          _            __ _ _
 /\\ / ___'_ __ _ _(_)_ __  __ _ \ \ \ \
( ( )\___ | '_ | '_| | '_ \/ _` | \ \ \ \
 \\/  ___)| |_)| | | | | || (_| |  ) ) ) )
  '  |____| .__|_| |_|_| |_\__, | / / / /
 =========|_|==============|___/=/_/_/_/
 :: Spring Boot ::        (v2.1.9.RELEASE)

2022-06-29 02:18:56.967  INFO 60205 --- [    Test worker] c.S.springboot.web.HelloControllerTest   : Starting HelloControllerTest on hongjunpyoui-MacBookPro.local with PID 60205 (started by hongjunpyo in /Users/hongjunpyo/IdeaProjects/TestSpring)
2022-06-29 02:18:56.973  INFO 60205 --- [    Test worker] c.S.springboot.web.HelloControllerTest   : No active profile set, falling back to default profiles: default
2022-06-29 02:18:57.519  INFO 60205 --- [    Test worker] o.s.s.concurrent.ThreadPoolTaskExecutor  : Initializing ExecutorService 'applicationTaskExecutor'
2022-06-29 02:18:57.583  INFO 60205 --- [    Test worker] o.s.b.a.w.s.WelcomePageHandlerMapping    : Adding welcome page template: index
2022-06-29 02:18:57.762  INFO 60205 --- [    Test worker] .s.s.UserDetailsServiceAutoConfiguration : 

Using generated security password: c7ee4780-edc5-48c3-9a6a-18fa262a2588

2022-06-29 02:18:57.850  INFO 60205 --- [    Test worker] o.s.s.web.DefaultSecurityFilterChain     : Creating filter chain: any request, [org.springframework.security.web.context.request.async.WebAsyncManagerIntegrationFilter@32999c05, org.springframework.security.web.context.SecurityContextPersistenceFilter@3a9d1d5b, org.springframework.security.web.header.HeaderWriterFilter@26946916, org.springframework.security.web.csrf.CsrfFilter@1482273a, org.springframework.security.web.authentication.logout.LogoutFilter@6c74a98b, org.springframework.security.web.authentication.UsernamePasswordAuthenticationFilter@c934274, org.springframework.security.web.authentication.ui.DefaultLoginPageGeneratingFilter@5bce7deb, org.springframework.security.web.authentication.ui.DefaultLogoutPageGeneratingFilter@137961b5, org.springframework.security.web.authentication.www.BasicAuthenticationFilter@7f1aba30, org.springframework.security.web.savedrequest.RequestCacheAwareFilter@2c4723ef, org.springframework.security.web.servletapi.SecurityContextHolderAwareRequestFilter@299e33a8, org.springframework.security.web.authentication.AnonymousAuthenticationFilter@399882d0, org.springframework.security.web.session.SessionManagementFilter@23aa3109, org.springframework.security.web.access.ExceptionTranslationFilter@1160e592, org.springframework.security.web.access.intercept.FilterSecurityInterceptor@71db4ac1]
2022-06-29 02:18:57.867  INFO 60205 --- [    Test worker] o.s.b.t.m.w.SpringBootMockServletContext : Initializing Spring TestDispatcherServlet ''
2022-06-29 02:18:57.869  INFO 60205 --- [    Test worker] o.s.t.web.servlet.TestDispatcherServlet  : Initializing Servlet ''
2022-06-29 02:18:57.873  INFO 60205 --- [    Test worker] o.s.t.web.servlet.TestDispatcherServlet  : Completed initialization in 3 ms
2022-06-29 02:18:57.908  INFO 60205 --- [    Test worker] c.S.springboot.web.HelloControllerTest   : Started HelloControllerTest in 0.998 seconds (JVM running for 11.638)
]]></system-out>
  <system-err><![CDATA[]]></system-err>
</testsuite>
