<?xml version="1.0" encoding="UTF-8"?>
<testsuite name="com.SpringS.springboot.web.PostsApiControllerTest" tests="2" skipped="0" failures="0" errors="0" timestamp="2022-06-27T15:05:33" hostname="hongjunpyoui-MacBookPro.local" time="0.252">
  <properties/>
  <testcase name="Posts_등록된다" classname="com.SpringS.springboot.web.PostsApiControllerTest" time="0.21"/>
  <testcase name="Posts_수정된다" classname="com.SpringS.springboot.web.PostsApiControllerTest" time="0.04"/>
  <system-out><![CDATA[2022-06-28 00:05:33.094  INFO 30522 --- [    Test worker] .b.t.c.SpringBootTestContextBootstrapper : Neither @ContextConfiguration nor @ContextHierarchy found for test class [com.SpringS.springboot.web.PostsApiControllerTest], using SpringBootContextLoader
2022-06-28 00:05:33.097  INFO 30522 --- [    Test worker] o.s.t.c.support.AbstractContextLoader    : Could not detect default resource locations for test class [com.SpringS.springboot.web.PostsApiControllerTest]: no resource found for suffixes {-context.xml, Context.groovy}.
2022-06-28 00:05:33.098  INFO 30522 --- [    Test worker] t.c.s.AnnotationConfigContextLoaderUtils : Could not detect default configuration classes for test class [com.SpringS.springboot.web.PostsApiControllerTest]: PostsApiControllerTest does not declare any static, non-private, non-final, nested classes annotated with @Configuration.
2022-06-28 00:05:33.102  INFO 30522 --- [    Test worker] .b.t.c.SpringBootTestContextBootstrapper : Found @SpringBootConfiguration com.SpringS.springboot.Application for test class com.SpringS.springboot.web.PostsApiControllerTest
2022-06-28 00:05:33.105  INFO 30522 --- [    Test worker] .b.t.c.SpringBootTestContextBootstrapper : Loaded default TestExecutionListener class names from location [META-INF/spring.factories]: [org.springframework.security.test.context.support.WithSecurityContextTestExecutionListener, org.springframework.security.test.context.support.ReactorContextTestExecutionListener, org.springframework.boot.test.autoconfigure.restdocs.RestDocsTestExecutionListener, org.springframework.boot.test.autoconfigure.web.client.MockRestServiceServerResetTestExecutionListener, org.springframework.boot.test.autoconfigure.web.servlet.MockMvcPrintOnlyOnFailureTestExecutionListener, org.springframework.boot.test.autoconfigure.web.servlet.WebDriverTestExecutionListener, org.springframework.boot.test.mock.mockito.MockitoTestExecutionListener, org.springframework.boot.test.mock.mockito.ResetMocksTestExecutionListener, org.springframework.test.context.web.ServletTestExecutionListener, org.springframework.test.context.support.DirtiesContextBeforeModesTestExecutionListener, org.springframework.test.context.support.DependencyInjectionTestExecutionListener, org.springframework.test.context.support.DirtiesContextTestExecutionListener, org.springframework.test.context.transaction.TransactionalTestExecutionListener, org.springframework.test.context.jdbc.SqlScriptsTestExecutionListener]
2022-06-28 00:05:33.106  INFO 30522 --- [    Test worker] .b.t.c.SpringBootTestContextBootstrapper : Using TestExecutionListeners: [org.springframework.test.context.web.ServletTestExecutionListener@59868956, org.springframework.test.context.support.DirtiesContextBeforeModesTestExecutionListener@1ec9275e, org.springframework.boot.test.mock.mockito.MockitoTestExecutionListener@f5600d4, org.springframework.boot.test.autoconfigure.SpringBootDependencyInjectionTestExecutionListener@641c0c77, org.springframework.test.context.support.DirtiesContextTestExecutionListener@9bdf59b, org.springframework.test.context.transaction.TransactionalTestExecutionListener@5e19d025, org.springframework.test.context.jdbc.SqlScriptsTestExecutionListener@61762b92, org.springframework.security.test.context.support.WithSecurityContextTestExecutionListener@658dec7f, org.springframework.security.test.context.support.ReactorContextTestExecutionListener@37acc78, org.springframework.boot.test.autoconfigure.restdocs.RestDocsTestExecutionListener@1372acca, org.springframework.boot.test.autoconfigure.web.client.MockRestServiceServerResetTestExecutionListener@43882f8d, org.springframework.boot.test.autoconfigure.web.servlet.MockMvcPrintOnlyOnFailureTestExecutionListener@49ecdd97, org.springframework.boot.test.autoconfigure.web.servlet.WebDriverTestExecutionListener@1c20d1de, org.springframework.boot.test.mock.mockito.ResetMocksTestExecutionListener@1a323a6c]
2022-06-28 00:05:33.126  INFO 30522 --- [    Test worker] o.a.c.c.C.[Tomcat].[localhost].[/]       : Initializing Spring TestDispatcherServlet ''
2022-06-28 00:05:33.126  INFO 30522 --- [    Test worker] o.s.t.web.servlet.TestDispatcherServlet  : Initializing Servlet ''
2022-06-28 00:05:33.128  INFO 30522 --- [    Test worker] o.s.t.web.servlet.TestDispatcherServlet  : Completed initialization in 2 ms
Hibernate: insert into posts (created_date, modified_date, author, content, title) values (?, ?, ?, ?, ?)
Hibernate: select posts0_.id as id1_0_, posts0_.created_date as created_2_0_, posts0_.modified_date as modified3_0_, posts0_.author as author4_0_, posts0_.content as content5_0_, posts0_.title as title6_0_ from posts posts0_
Hibernate: select posts0_.id as id1_0_, posts0_.created_date as created_2_0_, posts0_.modified_date as modified3_0_, posts0_.author as author4_0_, posts0_.content as content5_0_, posts0_.title as title6_0_ from posts posts0_
Hibernate: delete from posts where id=?
2022-06-28 00:05:33.332  INFO 30522 --- [    Test worker] o.a.c.c.C.[Tomcat].[localhost].[/]       : Initializing Spring TestDispatcherServlet ''
2022-06-28 00:05:33.334  INFO 30522 --- [    Test worker] o.s.t.web.servlet.TestDispatcherServlet  : Initializing Servlet ''
2022-06-28 00:05:33.337  INFO 30522 --- [    Test worker] o.s.t.web.servlet.TestDispatcherServlet  : Completed initialization in 3 ms
Hibernate: insert into posts (created_date, modified_date, author, content, title) values (?, ?, ?, ?, ?)
Hibernate: select posts0_.id as id1_0_0_, posts0_.created_date as created_2_0_0_, posts0_.modified_date as modified3_0_0_, posts0_.author as author4_0_0_, posts0_.content as content5_0_0_, posts0_.title as title6_0_0_ from posts posts0_ where posts0_.id=?
Hibernate: update posts set created_date=?, modified_date=?, author=?, content=?, title=? where id=?
Hibernate: select posts0_.id as id1_0_, posts0_.created_date as created_2_0_, posts0_.modified_date as modified3_0_, posts0_.author as author4_0_, posts0_.content as content5_0_, posts0_.title as title6_0_ from posts posts0_
Hibernate: select posts0_.id as id1_0_, posts0_.created_date as created_2_0_, posts0_.modified_date as modified3_0_, posts0_.author as author4_0_, posts0_.content as content5_0_, posts0_.title as title6_0_ from posts posts0_
Hibernate: delete from posts where id=?
]]></system-out>
  <system-err><![CDATA[]]></system-err>
</testsuite>
