<?xml version="1.0" encoding="UTF-8"?>
<testsuite name="com.SpringS.springboot.web.IndexControllerTest" tests="1" skipped="0" failures="0" errors="0" timestamp="2022-06-29T20:46:03" hostname="hongjunpyoui-MacBookPro.local" time="0.114">
  <properties/>
  <testcase name="메인페이지_로딩" classname="com.SpringS.springboot.web.IndexControllerTest" time="0.114"/>
  <system-out><![CDATA[2022-06-30 05:46:03.063  INFO 7136 --- [    Test worker] .b.t.c.SpringBootTestContextBootstrapper : Neither @ContextConfiguration nor @ContextHierarchy found for test class [com.SpringS.springboot.web.IndexControllerTest], using SpringBootContextLoader
2022-06-30 05:46:03.065  INFO 7136 --- [    Test worker] o.s.t.c.support.AbstractContextLoader    : Could not detect default resource locations for test class [com.SpringS.springboot.web.IndexControllerTest]: no resource found for suffixes {-context.xml, Context.groovy}.
2022-06-30 05:46:03.065  INFO 7136 --- [    Test worker] t.c.s.AnnotationConfigContextLoaderUtils : Could not detect default configuration classes for test class [com.SpringS.springboot.web.IndexControllerTest]: IndexControllerTest does not declare any static, non-private, non-final, nested classes annotated with @Configuration.
2022-06-30 05:46:03.068  INFO 7136 --- [    Test worker] .b.t.c.SpringBootTestContextBootstrapper : Found @SpringBootConfiguration com.SpringS.springboot.Application for test class com.SpringS.springboot.web.IndexControllerTest
2022-06-30 05:46:03.069  INFO 7136 --- [    Test worker] .b.t.c.SpringBootTestContextBootstrapper : Loaded default TestExecutionListener class names from location [META-INF/spring.factories]: [org.springframework.security.test.context.support.WithSecurityContextTestExecutionListener, org.springframework.security.test.context.support.ReactorContextTestExecutionListener, org.springframework.boot.test.autoconfigure.restdocs.RestDocsTestExecutionListener, org.springframework.boot.test.autoconfigure.web.client.MockRestServiceServerResetTestExecutionListener, org.springframework.boot.test.autoconfigure.web.servlet.MockMvcPrintOnlyOnFailureTestExecutionListener, org.springframework.boot.test.autoconfigure.web.servlet.WebDriverTestExecutionListener, org.springframework.boot.test.mock.mockito.MockitoTestExecutionListener, org.springframework.boot.test.mock.mockito.ResetMocksTestExecutionListener, org.springframework.test.context.web.ServletTestExecutionListener, org.springframework.test.context.support.DirtiesContextBeforeModesTestExecutionListener, org.springframework.test.context.support.DependencyInjectionTestExecutionListener, org.springframework.test.context.support.DirtiesContextTestExecutionListener, org.springframework.test.context.transaction.TransactionalTestExecutionListener, org.springframework.test.context.jdbc.SqlScriptsTestExecutionListener]
2022-06-30 05:46:03.070  INFO 7136 --- [    Test worker] .b.t.c.SpringBootTestContextBootstrapper : Using TestExecutionListeners: [org.springframework.test.context.web.ServletTestExecutionListener@42504aa6, org.springframework.test.context.support.DirtiesContextBeforeModesTestExecutionListener@a67f6f8, org.springframework.boot.test.mock.mockito.MockitoTestExecutionListener@6b2f2bce, org.springframework.boot.test.autoconfigure.SpringBootDependencyInjectionTestExecutionListener@37d4296e, org.springframework.test.context.support.DirtiesContextTestExecutionListener@77914048, org.springframework.test.context.transaction.TransactionalTestExecutionListener@42f4b874, org.springframework.test.context.jdbc.SqlScriptsTestExecutionListener@50979abf, org.springframework.security.test.context.support.WithSecurityContextTestExecutionListener@461e569a, org.springframework.security.test.context.support.ReactorContextTestExecutionListener@3bf0cd11, org.springframework.boot.test.autoconfigure.restdocs.RestDocsTestExecutionListener@5c20e503, org.springframework.boot.test.autoconfigure.web.client.MockRestServiceServerResetTestExecutionListener@308ede5a, org.springframework.boot.test.autoconfigure.web.servlet.MockMvcPrintOnlyOnFailureTestExecutionListener@490f457, org.springframework.boot.test.autoconfigure.web.servlet.WebDriverTestExecutionListener@39b53991, org.springframework.boot.test.mock.mockito.ResetMocksTestExecutionListener@6266cb59]
Hibernate: select posts0_.id as id1_0_, posts0_.created_date as created_2_0_, posts0_.modified_date as modified3_0_, posts0_.author as author4_0_, posts0_.content as content5_0_, posts0_.title as title6_0_ from posts posts0_ order by posts0_.id DESC
]]></system-out>
  <system-err><![CDATA[]]></system-err>
</testsuite>
