<?xml version="1.0" encoding="UTF-8"?>
<testsuite name="com.SpringS.springboot.web.IndexControllerTest" tests="1" skipped="0" failures="0" errors="0" timestamp="2022-06-28T17:06:21" hostname="hongjunpyoui-MacBookPro.local" time="0.122">
  <properties/>
  <testcase name="메인페이지_로딩" classname="com.SpringS.springboot.web.IndexControllerTest" time="0.122"/>
  <system-out><![CDATA[2022-06-29 02:06:21.812  INFO 59483 --- [    Test worker] .b.t.c.SpringBootTestContextBootstrapper : Neither @ContextConfiguration nor @ContextHierarchy found for test class [com.SpringS.springboot.web.IndexControllerTest], using SpringBootContextLoader
2022-06-29 02:06:21.813  INFO 59483 --- [    Test worker] o.s.t.c.support.AbstractContextLoader    : Could not detect default resource locations for test class [com.SpringS.springboot.web.IndexControllerTest]: no resource found for suffixes {-context.xml, Context.groovy}.
2022-06-29 02:06:21.813  INFO 59483 --- [    Test worker] t.c.s.AnnotationConfigContextLoaderUtils : Could not detect default configuration classes for test class [com.SpringS.springboot.web.IndexControllerTest]: IndexControllerTest does not declare any static, non-private, non-final, nested classes annotated with @Configuration.
2022-06-29 02:06:21.816  INFO 59483 --- [    Test worker] .b.t.c.SpringBootTestContextBootstrapper : Found @SpringBootConfiguration com.SpringS.springboot.Application for test class com.SpringS.springboot.web.IndexControllerTest
2022-06-29 02:06:21.818  INFO 59483 --- [    Test worker] .b.t.c.SpringBootTestContextBootstrapper : Loaded default TestExecutionListener class names from location [META-INF/spring.factories]: [org.springframework.security.test.context.support.WithSecurityContextTestExecutionListener, org.springframework.security.test.context.support.ReactorContextTestExecutionListener, org.springframework.boot.test.autoconfigure.restdocs.RestDocsTestExecutionListener, org.springframework.boot.test.autoconfigure.web.client.MockRestServiceServerResetTestExecutionListener, org.springframework.boot.test.autoconfigure.web.servlet.MockMvcPrintOnlyOnFailureTestExecutionListener, org.springframework.boot.test.autoconfigure.web.servlet.WebDriverTestExecutionListener, org.springframework.boot.test.mock.mockito.MockitoTestExecutionListener, org.springframework.boot.test.mock.mockito.ResetMocksTestExecutionListener, org.springframework.test.context.web.ServletTestExecutionListener, org.springframework.test.context.support.DirtiesContextBeforeModesTestExecutionListener, org.springframework.test.context.support.DependencyInjectionTestExecutionListener, org.springframework.test.context.support.DirtiesContextTestExecutionListener, org.springframework.test.context.transaction.TransactionalTestExecutionListener, org.springframework.test.context.jdbc.SqlScriptsTestExecutionListener]
2022-06-29 02:06:21.818  INFO 59483 --- [    Test worker] .b.t.c.SpringBootTestContextBootstrapper : Using TestExecutionListeners: [org.springframework.test.context.web.ServletTestExecutionListener@7e5a3c3e, org.springframework.test.context.support.DirtiesContextBeforeModesTestExecutionListener@1089b140, org.springframework.boot.test.mock.mockito.MockitoTestExecutionListener@5d94706e, org.springframework.boot.test.autoconfigure.SpringBootDependencyInjectionTestExecutionListener@67c24fae, org.springframework.test.context.support.DirtiesContextTestExecutionListener@48d634a4, org.springframework.test.context.transaction.TransactionalTestExecutionListener@15089f4f, org.springframework.test.context.jdbc.SqlScriptsTestExecutionListener@6b618a80, org.springframework.security.test.context.support.WithSecurityContextTestExecutionListener@1eab077d, org.springframework.security.test.context.support.ReactorContextTestExecutionListener@67a16318, org.springframework.boot.test.autoconfigure.restdocs.RestDocsTestExecutionListener@36027a44, org.springframework.boot.test.autoconfigure.web.client.MockRestServiceServerResetTestExecutionListener@5150c38e, org.springframework.boot.test.autoconfigure.web.servlet.MockMvcPrintOnlyOnFailureTestExecutionListener@1786b636, org.springframework.boot.test.autoconfigure.web.servlet.WebDriverTestExecutionListener@7b53ae7d, org.springframework.boot.test.mock.mockito.ResetMocksTestExecutionListener@5ea62b09]
Hibernate: select posts0_.id as id1_0_, posts0_.created_date as created_2_0_, posts0_.modified_date as modified3_0_, posts0_.author as author4_0_, posts0_.content as content5_0_, posts0_.title as title6_0_ from posts posts0_ order by posts0_.id DESC
]]></system-out>
  <system-err><![CDATA[]]></system-err>
</testsuite>
