<?xml version="1.0" encoding="UTF-8"?>
<testsuite name="com.SpringS.springboot.web.HelloControllerTest" tests="2" skipped="0" failures="0" errors="0" timestamp="2022-06-28T20:49:13" hostname="hongjunpyoui-MacBookPro.local" time="0.096">
  <properties/>
  <testcase name="hello가_리턴된다" classname="com.SpringS.springboot.web.HelloControllerTest" time="0.033"/>
  <testcase name="helloDto가_리턴된다" classname="com.SpringS.springboot.web.HelloControllerTest" time="0.062"/>
  <system-out><![CDATA[2022-06-29 05:49:11.997  INFO 79021 --- [    Test worker] .b.t.a.w.s.WebMvcTestContextBootstrapper : Neither @ContextConfiguration nor @ContextHierarchy found for test class [com.SpringS.springboot.web.HelloControllerTest], using SpringBootContextLoader
2022-06-29 05:49:11.999  INFO 79021 --- [    Test worker] o.s.t.c.support.AbstractContextLoader    : Could not detect default resource locations for test class [com.SpringS.springboot.web.HelloControllerTest]: no resource found for suffixes {-context.xml, Context.groovy}.
2022-06-29 05:49:11.999  INFO 79021 --- [    Test worker] t.c.s.AnnotationConfigContextLoaderUtils : Could not detect default configuration classes for test class [com.SpringS.springboot.web.HelloControllerTest]: HelloControllerTest does not declare any static, non-private, non-final, nested classes annotated with @Configuration.
2022-06-29 05:49:12.038  INFO 79021 --- [    Test worker] .b.t.c.SpringBootTestContextBootstrapper : Found @SpringBootConfiguration com.SpringS.springboot.Application for test class com.SpringS.springboot.web.HelloControllerTest
2022-06-29 05:49:12.039  INFO 79021 --- [    Test worker] .b.t.a.w.s.WebMvcTestContextBootstrapper : Loaded default TestExecutionListener class names from location [META-INF/spring.factories]: [org.springframework.security.test.context.support.WithSecurityContextTestExecutionListener, org.springframework.security.test.context.support.ReactorContextTestExecutionListener, org.springframework.boot.test.autoconfigure.restdocs.RestDocsTestExecutionListener, org.springframework.boot.test.autoconfigure.web.client.MockRestServiceServerResetTestExecutionListener, org.springframework.boot.test.autoconfigure.web.servlet.MockMvcPrintOnlyOnFailureTestExecutionListener, org.springframework.boot.test.autoconfigure.web.servlet.WebDriverTestExecutionListener, org.springframework.boot.test.mock.mockito.MockitoTestExecutionListener, org.springframework.boot.test.mock.mockito.ResetMocksTestExecutionListener, org.springframework.test.context.web.ServletTestExecutionListener, org.springframework.test.context.support.DirtiesContextBeforeModesTestExecutionListener, org.springframework.test.context.support.DependencyInjectionTestExecutionListener, org.springframework.test.context.support.DirtiesContextTestExecutionListener, org.springframework.test.context.transaction.TransactionalTestExecutionListener, org.springframework.test.context.jdbc.SqlScriptsTestExecutionListener]
2022-06-29 05:49:12.040  INFO 79021 --- [    Test worker] .b.t.a.w.s.WebMvcTestContextBootstrapper : Using TestExecutionListeners: [org.springframework.test.context.web.ServletTestExecutionListener@74ec4424, org.springframework.test.context.support.DirtiesContextBeforeModesTestExecutionListener@2ee4369e, org.springframework.boot.test.mock.mockito.MockitoTestExecutionListener@14f041e8, org.springframework.boot.test.autoconfigure.SpringBootDependencyInjectionTestExecutionListener@4e6cd9d6, org.springframework.test.context.support.DirtiesContextTestExecutionListener@5837795b, org.springframework.test.context.transaction.TransactionalTestExecutionListener@5768f405, org.springframework.test.context.jdbc.SqlScriptsTestExecutionListener@41811001, org.springframework.security.test.context.support.WithSecurityContextTestExecutionListener@690bc38e, org.springframework.security.test.context.support.ReactorContextTestExecutionListener@a958255, org.springframework.boot.test.autoconfigure.restdocs.RestDocsTestExecutionListener@1acd87de, org.springframework.boot.test.autoconfigure.web.client.MockRestServiceServerResetTestExecutionListener@53059d9e, org.springframework.boot.test.autoconfigure.web.servlet.MockMvcPrintOnlyOnFailureTestExecutionListener@64a523c3, org.springframework.boot.test.autoconfigure.web.servlet.WebDriverTestExecutionListener@42048228, org.springframework.boot.test.mock.mockito.ResetMocksTestExecutionListener@34810ec1]

  .   ____          _            __ _ _
 /\\ / ___'_ __ _ _(_)_ __  __ _ \ \ \ \
( ( )\___ | '_ | '_| | '_ \/ _` | \ \ \ \
 \\/  ___)| |_)| | | | | || (_| |  ) ) ) )
  '  |____| .__|_| |_|_| |_\__, | / / / /
 =========|_|==============|___/=/_/_/_/
 :: Spring Boot ::        (v2.1.9.RELEASE)

2022-06-29 05:49:12.128  INFO 79021 --- [    Test worker] c.S.springboot.web.HelloControllerTest   : Starting HelloControllerTest on hongjunpyoui-MacBookPro.local with PID 79021 (started by hongjunpyo in /Users/hongjunpyo/IdeaProjects/TestSpring)
2022-06-29 05:49:12.132  INFO 79021 --- [    Test worker] c.S.springboot.web.HelloControllerTest   : No active profile set, falling back to default profiles: default
2022-06-29 05:49:12.719  INFO 79021 --- [    Test worker] o.s.s.concurrent.ThreadPoolTaskExecutor  : Initializing ExecutorService 'applicationTaskExecutor'
2022-06-29 05:49:12.751  INFO 79021 --- [    Test worker] o.s.b.a.w.s.WelcomePageHandlerMapping    : Adding welcome page template: index
2022-06-29 05:49:12.947  INFO 79021 --- [    Test worker] .s.s.UserDetailsServiceAutoConfiguration : 

Using generated security password: 9f478a02-60d0-42a7-8de2-7f797ac290c3

2022-06-29 05:49:13.036  INFO 79021 --- [    Test worker] o.s.s.web.DefaultSecurityFilterChain     : Creating filter chain: any request, [org.springframework.security.web.context.request.async.WebAsyncManagerIntegrationFilter@3eaf745c, org.springframework.security.web.context.SecurityContextPersistenceFilter@30faf4fb, org.springframework.security.web.header.HeaderWriterFilter@7e1c171f, org.springframework.security.web.csrf.CsrfFilter@37a98a75, org.springframework.security.web.authentication.logout.LogoutFilter@21b2ed3c, org.springframework.security.web.authentication.UsernamePasswordAuthenticationFilter@449d2706, org.springframework.security.web.authentication.ui.DefaultLoginPageGeneratingFilter@64915bc5, org.springframework.security.web.authentication.ui.DefaultLogoutPageGeneratingFilter@118faefb, org.springframework.security.web.authentication.www.BasicAuthenticationFilter@2cde4448, org.springframework.security.web.savedrequest.RequestCacheAwareFilter@115982e1, org.springframework.security.web.servletapi.SecurityContextHolderAwareRequestFilter@fe3db3a, org.springframework.security.web.authentication.AnonymousAuthenticationFilter@4fad5486, org.springframework.security.web.session.SessionManagementFilter@59dd08b, org.springframework.security.web.access.ExceptionTranslationFilter@2f51ca77, org.springframework.security.web.access.intercept.FilterSecurityInterceptor@52e65af]
2022-06-29 05:49:13.053  INFO 79021 --- [    Test worker] o.s.b.t.m.w.SpringBootMockServletContext : Initializing Spring TestDispatcherServlet ''
2022-06-29 05:49:13.053  INFO 79021 --- [    Test worker] o.s.t.web.servlet.TestDispatcherServlet  : Initializing Servlet ''
2022-06-29 05:49:13.056  INFO 79021 --- [    Test worker] o.s.t.web.servlet.TestDispatcherServlet  : Completed initialization in 2 ms
2022-06-29 05:49:13.088  INFO 79021 --- [    Test worker] c.S.springboot.web.HelloControllerTest   : Started HelloControllerTest in 1.037 seconds (JVM running for 11.668)
]]></system-out>
  <system-err><![CDATA[]]></system-err>
</testsuite>
