<?xml version="1.0" encoding="UTF-8"?>
<testsuite name="com.SpringS.springboot.domain.posts.PostsRespositoryTest" tests="2" skipped="0" failures="0" errors="0" timestamp="2022-06-27T15:05:34" hostname="hongjunpyoui-MacBookPro.local" time="0.046">
  <properties/>
  <testcase name="게시글저장_불러오기" classname="com.SpringS.springboot.domain.posts.PostsRespositoryTest" time="0.038"/>
  <testcase name="BaseTimeEntity_등록" classname="com.SpringS.springboot.domain.posts.PostsRespositoryTest" time="0.007"/>
  <system-out><![CDATA[2022-06-28 00:05:33.374  INFO 30522 --- [    Test worker] .b.t.c.SpringBootTestContextBootstrapper : Neither @ContextConfiguration nor @ContextHierarchy found for test class [com.SpringS.springboot.domain.posts.PostsRespositoryTest], using SpringBootContextLoader
2022-06-28 00:05:33.375  INFO 30522 --- [    Test worker] o.s.t.c.support.AbstractContextLoader    : Could not detect default resource locations for test class [com.SpringS.springboot.domain.posts.PostsRespositoryTest]: no resource found for suffixes {-context.xml, Context.groovy}.
2022-06-28 00:05:33.376  INFO 30522 --- [    Test worker] t.c.s.AnnotationConfigContextLoaderUtils : Could not detect default configuration classes for test class [com.SpringS.springboot.domain.posts.PostsRespositoryTest]: PostsRespositoryTest does not declare any static, non-private, non-final, nested classes annotated with @Configuration.
2022-06-28 00:05:33.397  INFO 30522 --- [    Test worker] .b.t.c.SpringBootTestContextBootstrapper : Found @SpringBootConfiguration com.SpringS.springboot.Application for test class com.SpringS.springboot.domain.posts.PostsRespositoryTest
2022-06-28 00:05:33.401  INFO 30522 --- [    Test worker] .b.t.c.SpringBootTestContextBootstrapper : Loaded default TestExecutionListener class names from location [META-INF/spring.factories]: [org.springframework.security.test.context.support.WithSecurityContextTestExecutionListener, org.springframework.security.test.context.support.ReactorContextTestExecutionListener, org.springframework.boot.test.autoconfigure.restdocs.RestDocsTestExecutionListener, org.springframework.boot.test.autoconfigure.web.client.MockRestServiceServerResetTestExecutionListener, org.springframework.boot.test.autoconfigure.web.servlet.MockMvcPrintOnlyOnFailureTestExecutionListener, org.springframework.boot.test.autoconfigure.web.servlet.WebDriverTestExecutionListener, org.springframework.boot.test.mock.mockito.MockitoTestExecutionListener, org.springframework.boot.test.mock.mockito.ResetMocksTestExecutionListener, org.springframework.test.context.web.ServletTestExecutionListener, org.springframework.test.context.support.DirtiesContextBeforeModesTestExecutionListener, org.springframework.test.context.support.DependencyInjectionTestExecutionListener, org.springframework.test.context.support.DirtiesContextTestExecutionListener, org.springframework.test.context.transaction.TransactionalTestExecutionListener, org.springframework.test.context.jdbc.SqlScriptsTestExecutionListener]
2022-06-28 00:05:33.402  INFO 30522 --- [    Test worker] .b.t.c.SpringBootTestContextBootstrapper : Using TestExecutionListeners: [org.springframework.test.context.web.ServletTestExecutionListener@297939ca, org.springframework.test.context.support.DirtiesContextBeforeModesTestExecutionListener@33d496ed, org.springframework.boot.test.mock.mockito.MockitoTestExecutionListener@2275ce60, org.springframework.boot.test.autoconfigure.SpringBootDependencyInjectionTestExecutionListener@733284da, org.springframework.test.context.support.DirtiesContextTestExecutionListener@13e5441f, org.springframework.test.context.transaction.TransactionalTestExecutionListener@411cb70, org.springframework.test.context.jdbc.SqlScriptsTestExecutionListener@81b035c, org.springframework.security.test.context.support.WithSecurityContextTestExecutionListener@6f6842d1, org.springframework.security.test.context.support.ReactorContextTestExecutionListener@5614369f, org.springframework.boot.test.autoconfigure.restdocs.RestDocsTestExecutionListener@5cd42d66, org.springframework.boot.test.autoconfigure.web.client.MockRestServiceServerResetTestExecutionListener@c05c443, org.springframework.boot.test.autoconfigure.web.servlet.MockMvcPrintOnlyOnFailureTestExecutionListener@215661d8, org.springframework.boot.test.autoconfigure.web.servlet.WebDriverTestExecutionListener@56811ba3, org.springframework.boot.test.mock.mockito.ResetMocksTestExecutionListener@2bc3a308]

  .   ____          _            __ _ _
 /\\ / ___'_ __ _ _(_)_ __  __ _ \ \ \ \
( ( )\___ | '_ | '_| | '_ \/ _` | \ \ \ \
 \\/  ___)| |_)| | | | | || (_| |  ) ) ) )
  '  |____| .__|_| |_|_| |_\__, | / / / /
 =========|_|==============|___/=/_/_/_/
 :: Spring Boot ::        (v2.1.9.RELEASE)

2022-06-28 00:05:33.449  INFO 30522 --- [    Test worker] c.S.s.domain.posts.PostsRespositoryTest  : Starting PostsRespositoryTest on hongjunpyoui-MacBookPro.local with PID 30522 (started by hongjunpyo in /Users/hongjunpyo/IdeaProjects/TestSpring)
2022-06-28 00:05:33.450  INFO 30522 --- [    Test worker] c.S.s.domain.posts.PostsRespositoryTest  : No active profile set, falling back to default profiles: default
2022-06-28 00:05:33.712  INFO 30522 --- [    Test worker] .s.d.r.c.RepositoryConfigurationDelegate : Bootstrapping Spring Data repositories in DEFAULT mode.
2022-06-28 00:05:33.735  INFO 30522 --- [    Test worker] .s.d.r.c.RepositoryConfigurationDelegate : Finished Spring Data repository scanning in 22ms. Found 2 repository interfaces.
2022-06-28 00:05:33.839  INFO 30522 --- [    Test worker] trationDelegate$BeanPostProcessorChecker : Bean 'org.springframework.transaction.annotation.ProxyTransactionManagementConfiguration' of type [org.springframework.transaction.annotation.ProxyTransactionManagementConfiguration$$EnhancerBySpringCGLIB$$ab141bc0] is not eligible for getting processed by all BeanPostProcessors (for example: not eligible for auto-proxying)
2022-06-28 00:05:33.914  INFO 30522 --- [    Test worker] com.zaxxer.hikari.HikariDataSource       : HikariPool-2 - Starting...
2022-06-28 00:05:33.916  INFO 30522 --- [    Test worker] com.zaxxer.hikari.HikariDataSource       : HikariPool-2 - Start completed.
2022-06-28 00:05:33.933  INFO 30522 --- [    Test worker] o.hibernate.jpa.internal.util.LogHelper  : HHH000204: Processing PersistenceUnitInfo [
	name: default
	...]
2022-06-28 00:05:33.942  INFO 30522 --- [    Test worker] org.hibernate.dialect.Dialect            : HHH000400: Using dialect: org.hibernate.dialect.MySQL5InnoDBDialect
Hibernate: drop table if exists posts
Hibernate: drop table if exists user
Hibernate: create table posts (id bigint not null auto_increment, created_date datetime, modified_date datetime, author varchar(255), content TEXT not null, title varchar(500) not null, primary key (id)) engine=InnoDB
Hibernate: create table user (id bigint not null auto_increment, created_date datetime, modified_date datetime, email varchar(255) not null, name varchar(255) not null, picture varchar(255), role varchar(255) not null, primary key (id)) engine=InnoDB
2022-06-28 00:05:34.017  INFO 30522 --- [    Test worker] o.h.t.schema.internal.SchemaCreatorImpl  : HHH000476: Executing import script 'org.hibernate.tool.schema.internal.exec.ScriptSourceInputNonExistentImpl@1ddfcbbe'
2022-06-28 00:05:34.018  INFO 30522 --- [    Test worker] j.LocalContainerEntityManagerFactoryBean : Initialized JPA EntityManagerFactory for persistence unit 'default'
2022-06-28 00:05:34.226  INFO 30522 --- [    Test worker] o.h.h.i.QueryTranslatorFactoryInitiator  : HHH000397: Using ASTQueryTranslatorFactory
2022-06-28 00:05:34.332  INFO 30522 --- [    Test worker] o.s.s.web.DefaultSecurityFilterChain     : Creating filter chain: any request, [org.springframework.security.web.context.request.async.WebAsyncManagerIntegrationFilter@77e80ff2, org.springframework.security.web.context.SecurityContextPersistenceFilter@6bf77112, org.springframework.security.web.header.HeaderWriterFilter@4c50840d, org.springframework.security.web.authentication.logout.LogoutFilter@257c1eb3, org.springframework.security.oauth2.client.web.OAuth2AuthorizationRequestRedirectFilter@2120901e, org.springframework.security.oauth2.client.web.OAuth2LoginAuthenticationFilter@60fe669a, org.springframework.security.web.authentication.ui.DefaultLoginPageGeneratingFilter@75539eea, org.springframework.security.web.authentication.ui.DefaultLogoutPageGeneratingFilter@63315e20, org.springframework.security.web.savedrequest.RequestCacheAwareFilter@6b31f26d, org.springframework.security.web.servletapi.SecurityContextHolderAwareRequestFilter@238963ea, org.springframework.security.web.authentication.AnonymousAuthenticationFilter@46348238, org.springframework.security.web.session.SessionManagementFilter@70a4c514, org.springframework.security.web.access.ExceptionTranslationFilter@c010d9, org.springframework.security.web.access.intercept.FilterSecurityInterceptor@5398eaad]
2022-06-28 00:05:34.527  INFO 30522 --- [    Test worker] o.s.s.concurrent.ThreadPoolTaskExecutor  : Initializing ExecutorService 'applicationTaskExecutor'
2022-06-28 00:05:34.537  WARN 30522 --- [    Test worker] aWebConfiguration$JpaWebMvcConfiguration : spring.jpa.open-in-view is enabled by default. Therefore, database queries may be performed during view rendering. Explicitly configure spring.jpa.open-in-view to disable this warning
2022-06-28 00:05:34.559  INFO 30522 --- [    Test worker] o.s.b.a.w.s.WelcomePageHandlerMapping    : Adding welcome page template: index
2022-06-28 00:05:34.777  INFO 30522 --- [    Test worker] s.a.ScheduledAnnotationBeanPostProcessor : No TaskScheduler/ScheduledExecutorService bean found for scheduled processing
2022-06-28 00:05:34.778  INFO 30522 --- [    Test worker] c.S.s.domain.posts.PostsRespositoryTest  : Started PostsRespositoryTest in 1.371 seconds (JVM running for 13.311)
Hibernate: insert into posts (created_date, modified_date, author, content, title) values (?, ?, ?, ?, ?)
Hibernate: select posts0_.id as id1_0_, posts0_.created_date as created_2_0_, posts0_.modified_date as modified3_0_, posts0_.author as author4_0_, posts0_.content as content5_0_, posts0_.title as title6_0_ from posts posts0_
Hibernate: select posts0_.id as id1_0_, posts0_.created_date as created_2_0_, posts0_.modified_date as modified3_0_, posts0_.author as author4_0_, posts0_.content as content5_0_, posts0_.title as title6_0_ from posts posts0_
Hibernate: delete from posts where id=?
Hibernate: insert into posts (created_date, modified_date, author, content, title) values (?, ?, ?, ?, ?)
Hibernate: select posts0_.id as id1_0_, posts0_.created_date as created_2_0_, posts0_.modified_date as modified3_0_, posts0_.author as author4_0_, posts0_.content as content5_0_, posts0_.title as title6_0_ from posts posts0_
>>>>>>>>>>>>>>> createDate = 2022-06-28T00:05:34.826234, modifiedDate = 2022-06-28T00:05:34.826234
Hibernate: select posts0_.id as id1_0_, posts0_.created_date as created_2_0_, posts0_.modified_date as modified3_0_, posts0_.author as author4_0_, posts0_.content as content5_0_, posts0_.title as title6_0_ from posts posts0_
Hibernate: delete from posts where id=?
]]></system-out>
  <system-err><![CDATA[]]></system-err>
</testsuite>
