<?xml version="1.0" encoding="UTF-8"?>
<testsuite name="com.SpringS.springboot.web.ProfileControllerTest" tests="1" skipped="0" failures="0" errors="0" timestamp="2022-06-28T20:49:11" hostname="hongjunpyoui-MacBookPro.local" time="0.312">
  <properties/>
  <testcase name="profile은_인증없이_호출된다" classname="com.SpringS.springboot.web.ProfileControllerTest" time="0.312"/>
  <system-out><![CDATA[05:49:02.467 [Test worker] DEBUG org.springframework.test.context.junit4.SpringJUnit4ClassRunner - SpringJUnit4ClassRunner constructor called with [class com.SpringS.springboot.web.ProfileControllerTest]
05:49:02.477 [Test worker] DEBUG org.springframework.test.context.BootstrapUtils - Instantiating CacheAwareContextLoaderDelegate from class [org.springframework.test.context.cache.DefaultCacheAwareContextLoaderDelegate]
05:49:02.484 [Test worker] DEBUG org.springframework.test.context.BootstrapUtils - Instantiating BootstrapContext using constructor [public org.springframework.test.context.support.DefaultBootstrapContext(java.lang.Class,org.springframework.test.context.CacheAwareContextLoaderDelegate)]
05:49:02.504 [Test worker] DEBUG org.springframework.test.context.BootstrapUtils - Instantiating TestContextBootstrapper for test class [com.SpringS.springboot.web.ProfileControllerTest] from class [org.springframework.boot.test.context.SpringBootTestContextBootstrapper]
05:49:02.516 [Test worker] INFO org.springframework.boot.test.context.SpringBootTestContextBootstrapper - Neither @ContextConfiguration nor @ContextHierarchy found for test class [com.SpringS.springboot.web.ProfileControllerTest], using SpringBootContextLoader
05:49:02.520 [Test worker] DEBUG org.springframework.test.context.support.AbstractContextLoader - Did not detect default resource location for test class [com.SpringS.springboot.web.ProfileControllerTest]: class path resource [com/SpringS/springboot/web/ProfileControllerTest-context.xml] does not exist
05:49:02.520 [Test worker] DEBUG org.springframework.test.context.support.AbstractContextLoader - Did not detect default resource location for test class [com.SpringS.springboot.web.ProfileControllerTest]: class path resource [com/SpringS/springboot/web/ProfileControllerTestContext.groovy] does not exist
05:49:02.520 [Test worker] INFO org.springframework.test.context.support.AbstractContextLoader - Could not detect default resource locations for test class [com.SpringS.springboot.web.ProfileControllerTest]: no resource found for suffixes {-context.xml, Context.groovy}.
05:49:02.521 [Test worker] INFO org.springframework.test.context.support.AnnotationConfigContextLoaderUtils - Could not detect default configuration classes for test class [com.SpringS.springboot.web.ProfileControllerTest]: ProfileControllerTest does not declare any static, non-private, non-final, nested classes annotated with @Configuration.
05:49:02.577 [Test worker] DEBUG org.springframework.test.context.support.ActiveProfilesUtils - Could not find an 'annotation declaring class' for annotation type [org.springframework.test.context.ActiveProfiles] and class [com.SpringS.springboot.web.ProfileControllerTest]
05:49:02.742 [Test worker] DEBUG org.springframework.context.annotation.ClassPathScanningCandidateComponentProvider - Identified candidate component class: file [/Users/hongjunpyo/IdeaProjects/TestSpring/build/classes/java/main/com/SpringS/springboot/Application.class]
05:49:02.744 [Test worker] INFO org.springframework.boot.test.context.SpringBootTestContextBootstrapper - Found @SpringBootConfiguration com.SpringS.springboot.Application for test class com.SpringS.springboot.web.ProfileControllerTest
05:49:02.828 [Test worker] DEBUG org.springframework.boot.test.context.SpringBootTestContextBootstrapper - @TestExecutionListeners is not present for class [com.SpringS.springboot.web.ProfileControllerTest]: using defaults.
05:49:02.829 [Test worker] INFO org.springframework.boot.test.context.SpringBootTestContextBootstrapper - Loaded default TestExecutionListener class names from location [META-INF/spring.factories]: [org.springframework.security.test.context.support.WithSecurityContextTestExecutionListener, org.springframework.security.test.context.support.ReactorContextTestExecutionListener, org.springframework.boot.test.autoconfigure.restdocs.RestDocsTestExecutionListener, org.springframework.boot.test.autoconfigure.web.client.MockRestServiceServerResetTestExecutionListener, org.springframework.boot.test.autoconfigure.web.servlet.MockMvcPrintOnlyOnFailureTestExecutionListener, org.springframework.boot.test.autoconfigure.web.servlet.WebDriverTestExecutionListener, org.springframework.boot.test.mock.mockito.MockitoTestExecutionListener, org.springframework.boot.test.mock.mockito.ResetMocksTestExecutionListener, org.springframework.test.context.web.ServletTestExecutionListener, org.springframework.test.context.support.DirtiesContextBeforeModesTestExecutionListener, org.springframework.test.context.support.DependencyInjectionTestExecutionListener, org.springframework.test.context.support.DirtiesContextTestExecutionListener, org.springframework.test.context.transaction.TransactionalTestExecutionListener, org.springframework.test.context.jdbc.SqlScriptsTestExecutionListener]
05:49:02.844 [Test worker] INFO org.springframework.boot.test.context.SpringBootTestContextBootstrapper - Using TestExecutionListeners: [org.springframework.test.context.web.ServletTestExecutionListener@7294f593, org.springframework.test.context.support.DirtiesContextBeforeModesTestExecutionListener@72ef50e4, org.springframework.boot.test.mock.mockito.MockitoTestExecutionListener@65da063, org.springframework.boot.test.autoconfigure.SpringBootDependencyInjectionTestExecutionListener@1917eb01, org.springframework.test.context.support.DirtiesContextTestExecutionListener@4cfabddd, org.springframework.test.context.transaction.TransactionalTestExecutionListener@449abcd6, org.springframework.test.context.jdbc.SqlScriptsTestExecutionListener@2faf429e, org.springframework.security.test.context.support.WithSecurityContextTestExecutionListener@946fb89, org.springframework.security.test.context.support.ReactorContextTestExecutionListener@104bbb29, org.springframework.boot.test.autoconfigure.restdocs.RestDocsTestExecutionListener@126c9fa, org.springframework.boot.test.autoconfigure.web.client.MockRestServiceServerResetTestExecutionListener@5448c0f2, org.springframework.boot.test.autoconfigure.web.servlet.MockMvcPrintOnlyOnFailureTestExecutionListener@6aecf341, org.springframework.boot.test.autoconfigure.web.servlet.WebDriverTestExecutionListener@27338fc6, org.springframework.boot.test.mock.mockito.ResetMocksTestExecutionListener@106debc3]
05:49:02.846 [Test worker] DEBUG org.springframework.test.annotation.ProfileValueUtils - Retrieved @ProfileValueSourceConfiguration [null] for test class [com.SpringS.springboot.web.ProfileControllerTest]
05:49:02.847 [Test worker] DEBUG org.springframework.test.annotation.ProfileValueUtils - Retrieved ProfileValueSource type [class org.springframework.test.annotation.SystemProfileValueSource] for class [com.SpringS.springboot.web.ProfileControllerTest]
05:49:02.847 [Test worker] DEBUG org.springframework.test.annotation.ProfileValueUtils - Retrieved @ProfileValueSourceConfiguration [null] for test class [com.SpringS.springboot.web.ProfileControllerTest]
05:49:02.847 [Test worker] DEBUG org.springframework.test.annotation.ProfileValueUtils - Retrieved ProfileValueSource type [class org.springframework.test.annotation.SystemProfileValueSource] for class [com.SpringS.springboot.web.ProfileControllerTest]
05:49:02.850 [Test worker] DEBUG org.springframework.test.context.support.AbstractDirtiesContextTestExecutionListener - Before test class: context [DefaultTestContext@5ee09f18 testClass = ProfileControllerTest, testInstance = [null], testMethod = [null], testException = [null], mergedContextConfiguration = [WebMergedContextConfiguration@1582a720 testClass = ProfileControllerTest, locations = '{}', classes = '{class com.SpringS.springboot.Application}', contextInitializerClasses = '[]', activeProfiles = '{}', propertySourceLocations = '{}', propertySourceProperties = '{org.springframework.boot.test.context.SpringBootTestContextBootstrapper=true, server.port=0}', contextCustomizers = set[org.springframework.boot.test.autoconfigure.properties.PropertyMappingContextCustomizer@0, org.springframework.boot.test.autoconfigure.web.servlet.WebDriverContextCustomizerFactory$Customizer@333c3319, org.springframework.boot.test.context.filter.ExcludeFilterContextCustomizer@421f47a3, org.springframework.boot.test.json.DuplicateJsonObjectContextCustomizerFactory$DuplicateJsonObjectContextCustomizer@10c2114b, org.springframework.boot.test.mock.mockito.MockitoContextCustomizer@0, org.springframework.boot.test.web.client.TestRestTemplateContextCustomizer@37349939], resourceBasePath = 'src/main/webapp', contextLoader = 'org.springframework.boot.test.context.SpringBootContextLoader', parent = [null]], attributes = map['org.springframework.test.context.web.ServletTestExecutionListener.activateListener' -> false]], class annotated with @DirtiesContext [false] with mode [null].
05:49:02.851 [Test worker] DEBUG org.springframework.test.annotation.ProfileValueUtils - Retrieved @ProfileValueSourceConfiguration [null] for test class [com.SpringS.springboot.web.ProfileControllerTest]
05:49:02.851 [Test worker] DEBUG org.springframework.test.annotation.ProfileValueUtils - Retrieved ProfileValueSource type [class org.springframework.test.annotation.SystemProfileValueSource] for class [com.SpringS.springboot.web.ProfileControllerTest]
05:49:02.857 [Test worker] DEBUG org.springframework.test.context.support.DependencyInjectionTestExecutionListener - Performing dependency injection for test context [[DefaultTestContext@5ee09f18 testClass = ProfileControllerTest, testInstance = com.SpringS.springboot.web.ProfileControllerTest@624e476b, testMethod = [null], testException = [null], mergedContextConfiguration = [WebMergedContextConfiguration@1582a720 testClass = ProfileControllerTest, locations = '{}', classes = '{class com.SpringS.springboot.Application}', contextInitializerClasses = '[]', activeProfiles = '{}', propertySourceLocations = '{}', propertySourceProperties = '{org.springframework.boot.test.context.SpringBootTestContextBootstrapper=true, server.port=0}', contextCustomizers = set[org.springframework.boot.test.autoconfigure.properties.PropertyMappingContextCustomizer@0, org.springframework.boot.test.autoconfigure.web.servlet.WebDriverContextCustomizerFactory$Customizer@333c3319, org.springframework.boot.test.context.filter.ExcludeFilterContextCustomizer@421f47a3, org.springframework.boot.test.json.DuplicateJsonObjectContextCustomizerFactory$DuplicateJsonObjectContextCustomizer@10c2114b, org.springframework.boot.test.mock.mockito.MockitoContextCustomizer@0, org.springframework.boot.test.web.client.TestRestTemplateContextCustomizer@37349939], resourceBasePath = 'src/main/webapp', contextLoader = 'org.springframework.boot.test.context.SpringBootContextLoader', parent = [null]], attributes = map['org.springframework.test.context.web.ServletTestExecutionListener.activateListener' -> false]]].
05:49:02.879 [Test worker] DEBUG org.springframework.test.context.support.TestPropertySourceUtils - Adding inlined properties to environment: {spring.jmx.enabled=false, org.springframework.boot.test.context.SpringBootTestContextBootstrapper=true, server.port=0}

  .   ____          _            __ _ _
 /\\ / ___'_ __ _ _(_)_ __  __ _ \ \ \ \
( ( )\___ | '_ | '_| | '_ \/ _` | \ \ \ \
 \\/  ___)| |_)| | | | | || (_| |  ) ) ) )
  '  |____| .__|_| |_|_| |_\__, | / / / /
 =========|_|==============|___/=/_/_/_/
 :: Spring Boot ::        (v2.1.9.RELEASE)

2022-06-29 05:49:03.509  INFO 79021 --- [    Test worker] c.S.s.web.ProfileControllerTest          : Starting ProfileControllerTest on hongjunpyoui-MacBookPro.local with PID 79021 (started by hongjunpyo in /Users/hongjunpyo/IdeaProjects/TestSpring)
2022-06-29 05:49:03.515  INFO 79021 --- [    Test worker] c.S.s.web.ProfileControllerTest          : No active profile set, falling back to default profiles: default
2022-06-29 05:49:05.158  INFO 79021 --- [    Test worker] .s.d.r.c.RepositoryConfigurationDelegate : Bootstrapping Spring Data repositories in DEFAULT mode.
2022-06-29 05:49:05.291  INFO 79021 --- [    Test worker] .s.d.r.c.RepositoryConfigurationDelegate : Finished Spring Data repository scanning in 125ms. Found 2 repository interfaces.
2022-06-29 05:49:06.150  INFO 79021 --- [    Test worker] trationDelegate$BeanPostProcessorChecker : Bean 'org.springframework.transaction.annotation.ProxyTransactionManagementConfiguration' of type [org.springframework.transaction.annotation.ProxyTransactionManagementConfiguration$$EnhancerBySpringCGLIB$$6a683efd] is not eligible for getting processed by all BeanPostProcessors (for example: not eligible for auto-proxying)
2022-06-29 05:49:06.786  INFO 79021 --- [    Test worker] o.s.b.w.embedded.tomcat.TomcatWebServer  : Tomcat initialized with port(s): 0 (http)
2022-06-29 05:49:06.874  INFO 79021 --- [    Test worker] o.apache.catalina.core.StandardService   : Starting service [Tomcat]
2022-06-29 05:49:06.876  INFO 79021 --- [    Test worker] org.apache.catalina.core.StandardEngine  : Starting Servlet engine: [Apache Tomcat/9.0.26]
2022-06-29 05:49:07.050  INFO 79021 --- [    Test worker] o.a.c.c.C.[Tomcat].[localhost].[/]       : Initializing Spring embedded WebApplicationContext
2022-06-29 05:49:07.051  INFO 79021 --- [    Test worker] o.s.web.context.ContextLoader            : Root WebApplicationContext: initialization completed in 3509 ms
2022-06-29 05:49:07.485  INFO 79021 --- [    Test worker] com.zaxxer.hikari.HikariDataSource       : HikariPool-1 - Starting...
2022-06-29 05:49:07.695  INFO 79021 --- [    Test worker] com.zaxxer.hikari.HikariDataSource       : HikariPool-1 - Start completed.
2022-06-29 05:49:07.902  INFO 79021 --- [    Test worker] o.hibernate.jpa.internal.util.LogHelper  : HHH000204: Processing PersistenceUnitInfo [
	name: default
	...]
2022-06-29 05:49:07.961  INFO 79021 --- [    Test worker] org.hibernate.Version                    : HHH000412: Hibernate Core {5.3.12.Final}
2022-06-29 05:49:07.963  INFO 79021 --- [    Test worker] org.hibernate.cfg.Environment            : HHH000206: hibernate.properties not found
2022-06-29 05:49:08.144  INFO 79021 --- [    Test worker] o.hibernate.annotations.common.Version   : HCANN000001: Hibernate Commons Annotations {5.0.4.Final}
2022-06-29 05:49:08.272  INFO 79021 --- [    Test worker] org.hibernate.dialect.Dialect            : HHH000400: Using dialect: org.hibernate.dialect.MySQL5InnoDBDialect
Hibernate: drop table if exists posts
Hibernate: drop table if exists user
Hibernate: create table posts (id bigint not null auto_increment, created_date datetime, modified_date datetime, author varchar(255), content TEXT not null, title varchar(500) not null, primary key (id)) engine=InnoDB
Hibernate: create table user (id bigint not null auto_increment, created_date datetime, modified_date datetime, email varchar(255) not null, name varchar(255) not null, picture varchar(255), role varchar(255) not null, primary key (id)) engine=InnoDB
2022-06-29 05:49:09.086  INFO 79021 --- [    Test worker] o.h.t.schema.internal.SchemaCreatorImpl  : HHH000476: Executing import script 'org.hibernate.tool.schema.internal.exec.ScriptSourceInputNonExistentImpl@375e7e49'
2022-06-29 05:49:09.089  INFO 79021 --- [    Test worker] j.LocalContainerEntityManagerFactoryBean : Initialized JPA EntityManagerFactory for persistence unit 'default'
2022-06-29 05:49:10.067  INFO 79021 --- [    Test worker] o.h.h.i.QueryTranslatorFactoryInitiator  : HHH000397: Using ASTQueryTranslatorFactory
2022-06-29 05:49:10.590  INFO 79021 --- [    Test worker] o.s.s.web.DefaultSecurityFilterChain     : Creating filter chain: any request, [org.springframework.security.web.context.request.async.WebAsyncManagerIntegrationFilter@67bb317e, org.springframework.security.web.context.SecurityContextPersistenceFilter@58e11a56, org.springframework.security.web.header.HeaderWriterFilter@b8cdb90, org.springframework.security.web.authentication.logout.LogoutFilter@660c4884, org.springframework.security.oauth2.client.web.OAuth2AuthorizationRequestRedirectFilter@1d88acad, org.springframework.security.oauth2.client.web.OAuth2LoginAuthenticationFilter@2f13b83f, org.springframework.security.web.authentication.ui.DefaultLoginPageGeneratingFilter@42ed9b0a, org.springframework.security.web.authentication.ui.DefaultLogoutPageGeneratingFilter@1fa8ba7d, org.springframework.security.web.savedrequest.RequestCacheAwareFilter@24dd4457, org.springframework.security.web.servletapi.SecurityContextHolderAwareRequestFilter@5284d2a5, org.springframework.security.web.authentication.AnonymousAuthenticationFilter@1970ca7f, org.springframework.security.web.session.SessionManagementFilter@4aea4a9b, org.springframework.security.web.access.ExceptionTranslationFilter@12d04750, org.springframework.security.web.access.intercept.FilterSecurityInterceptor@50120807]
2022-06-29 05:49:11.037  INFO 79021 --- [    Test worker] o.s.s.concurrent.ThreadPoolTaskExecutor  : Initializing ExecutorService 'applicationTaskExecutor'
2022-06-29 05:49:11.099  WARN 79021 --- [    Test worker] aWebConfiguration$JpaWebMvcConfiguration : spring.jpa.open-in-view is enabled by default. Therefore, database queries may be performed during view rendering. Explicitly configure spring.jpa.open-in-view to disable this warning
2022-06-29 05:49:11.193  INFO 79021 --- [    Test worker] o.s.b.a.w.s.WelcomePageHandlerMapping    : Adding welcome page template: index
2022-06-29 05:49:11.608  INFO 79021 --- [    Test worker] s.a.ScheduledAnnotationBeanPostProcessor : No TaskScheduler/ScheduledExecutorService bean found for scheduled processing
2022-06-29 05:49:11.633  INFO 79021 --- [    Test worker] o.s.b.w.embedded.tomcat.TomcatWebServer  : Tomcat started on port(s): 49573 (http) with context path ''
2022-06-29 05:49:11.638  INFO 79021 --- [    Test worker] c.S.s.web.ProfileControllerTest          : Started ProfileControllerTest in 8.754 seconds (JVM running for 10.218)
2022-06-29 05:49:11.860  INFO 79021 --- [o-auto-1-exec-1] o.a.c.c.C.[Tomcat].[localhost].[/]       : Initializing Spring DispatcherServlet 'dispatcherServlet'
2022-06-29 05:49:11.861  INFO 79021 --- [o-auto-1-exec-1] o.s.web.servlet.DispatcherServlet        : Initializing Servlet 'dispatcherServlet'
2022-06-29 05:49:11.904  INFO 79021 --- [o-auto-1-exec-1] o.s.web.servlet.DispatcherServlet        : Completed initialization in 43 ms
]]></system-out>
  <system-err><![CDATA[]]></system-err>
</testsuite>
