<?xml version="1.0" encoding="UTF-8"?>
<testsuite name="com.SpringS.springboot.domain.posts.PostsRespositoryTest" tests="2" skipped="0" failures="0" errors="0" timestamp="2022-06-28T17:06:23" hostname="hongjunpyoui-MacBookPro.local" time="0.055">
  <properties/>
  <testcase name="게시글저장_불러오기" classname="com.SpringS.springboot.domain.posts.PostsRespositoryTest" time="0.042"/>
  <testcase name="BaseTimeEntity_등록" classname="com.SpringS.springboot.domain.posts.PostsRespositoryTest" time="0.011"/>
  <system-out><![CDATA[2022-06-29 02:06:22.187  INFO 59483 --- [    Test worker] .b.t.c.SpringBootTestContextBootstrapper : Neither @ContextConfiguration nor @ContextHierarchy found for test class [com.SpringS.springboot.domain.posts.PostsRespositoryTest], using SpringBootContextLoader
2022-06-29 02:06:22.189  INFO 59483 --- [    Test worker] o.s.t.c.support.AbstractContextLoader    : Could not detect default resource locations for test class [com.SpringS.springboot.domain.posts.PostsRespositoryTest]: no resource found for suffixes {-context.xml, Context.groovy}.
2022-06-29 02:06:22.189  INFO 59483 --- [    Test worker] t.c.s.AnnotationConfigContextLoaderUtils : Could not detect default configuration classes for test class [com.SpringS.springboot.domain.posts.PostsRespositoryTest]: PostsRespositoryTest does not declare any static, non-private, non-final, nested classes annotated with @Configuration.
2022-06-29 02:06:22.204  INFO 59483 --- [    Test worker] .b.t.c.SpringBootTestContextBootstrapper : Found @SpringBootConfiguration com.SpringS.springboot.Application for test class com.SpringS.springboot.domain.posts.PostsRespositoryTest
2022-06-29 02:06:22.207  INFO 59483 --- [    Test worker] .b.t.c.SpringBootTestContextBootstrapper : Loaded default TestExecutionListener class names from location [META-INF/spring.factories]: [org.springframework.security.test.context.support.WithSecurityContextTestExecutionListener, org.springframework.security.test.context.support.ReactorContextTestExecutionListener, org.springframework.boot.test.autoconfigure.restdocs.RestDocsTestExecutionListener, org.springframework.boot.test.autoconfigure.web.client.MockRestServiceServerResetTestExecutionListener, org.springframework.boot.test.autoconfigure.web.servlet.MockMvcPrintOnlyOnFailureTestExecutionListener, org.springframework.boot.test.autoconfigure.web.servlet.WebDriverTestExecutionListener, org.springframework.boot.test.mock.mockito.MockitoTestExecutionListener, org.springframework.boot.test.mock.mockito.ResetMocksTestExecutionListener, org.springframework.test.context.web.ServletTestExecutionListener, org.springframework.test.context.support.DirtiesContextBeforeModesTestExecutionListener, org.springframework.test.context.support.DependencyInjectionTestExecutionListener, org.springframework.test.context.support.DirtiesContextTestExecutionListener, org.springframework.test.context.transaction.TransactionalTestExecutionListener, org.springframework.test.context.jdbc.SqlScriptsTestExecutionListener]
2022-06-29 02:06:22.207  INFO 59483 --- [    Test worker] .b.t.c.SpringBootTestContextBootstrapper : Using TestExecutionListeners: [org.springframework.test.context.web.ServletTestExecutionListener@24be811a, org.springframework.test.context.support.DirtiesContextBeforeModesTestExecutionListener@4869726b, org.springframework.boot.test.mock.mockito.MockitoTestExecutionListener@4cddf4fe, org.springframework.boot.test.autoconfigure.SpringBootDependencyInjectionTestExecutionListener@5e502f47, org.springframework.test.context.support.DirtiesContextTestExecutionListener@eb6d3c6, org.springframework.test.context.transaction.TransactionalTestExecutionListener@d4f1251, org.springframework.test.context.jdbc.SqlScriptsTestExecutionListener@2e967d02, org.springframework.security.test.context.support.WithSecurityContextTestExecutionListener@71e34580, org.springframework.security.test.context.support.ReactorContextTestExecutionListener@49f38099, org.springframework.boot.test.autoconfigure.restdocs.RestDocsTestExecutionListener@3cdbce6c, org.springframework.boot.test.autoconfigure.web.client.MockRestServiceServerResetTestExecutionListener@2138ca98, org.springframework.boot.test.autoconfigure.web.servlet.MockMvcPrintOnlyOnFailureTestExecutionListener@4a9c447a, org.springframework.boot.test.autoconfigure.web.servlet.WebDriverTestExecutionListener@1fbef2f8, org.springframework.boot.test.mock.mockito.ResetMocksTestExecutionListener@7d74e7cd]

  .   ____          _            __ _ _
 /\\ / ___'_ __ _ _(_)_ __  __ _ \ \ \ \
( ( )\___ | '_ | '_| | '_ \/ _` | \ \ \ \
 \\/  ___)| |_)| | | | | || (_| |  ) ) ) )
  '  |____| .__|_| |_|_| |_\__, | / / / /
 =========|_|==============|___/=/_/_/_/
 :: Spring Boot ::        (v2.1.9.RELEASE)

2022-06-29 02:06:22.234  INFO 59483 --- [    Test worker] c.S.s.domain.posts.PostsRespositoryTest  : Starting PostsRespositoryTest on hongjunpyoui-MacBookPro.local with PID 59483 (started by hongjunpyo in /Users/hongjunpyo/IdeaProjects/TestSpring)
2022-06-29 02:06:22.235  INFO 59483 --- [    Test worker] c.S.s.domain.posts.PostsRespositoryTest  : No active profile set, falling back to default profiles: default
2022-06-29 02:06:22.462  INFO 59483 --- [    Test worker] .s.d.r.c.RepositoryConfigurationDelegate : Bootstrapping Spring Data repositories in DEFAULT mode.
2022-06-29 02:06:22.480  INFO 59483 --- [    Test worker] .s.d.r.c.RepositoryConfigurationDelegate : Finished Spring Data repository scanning in 18ms. Found 2 repository interfaces.
2022-06-29 02:06:22.576  INFO 59483 --- [    Test worker] trationDelegate$BeanPostProcessorChecker : Bean 'org.springframework.transaction.annotation.ProxyTransactionManagementConfiguration' of type [org.springframework.transaction.annotation.ProxyTransactionManagementConfiguration$$EnhancerBySpringCGLIB$$a6d89d44] is not eligible for getting processed by all BeanPostProcessors (for example: not eligible for auto-proxying)
2022-06-29 02:06:22.661  INFO 59483 --- [    Test worker] com.zaxxer.hikari.HikariDataSource       : HikariPool-2 - Starting...
2022-06-29 02:06:22.664  INFO 59483 --- [    Test worker] com.zaxxer.hikari.HikariDataSource       : HikariPool-2 - Start completed.
2022-06-29 02:06:22.686  INFO 59483 --- [    Test worker] o.hibernate.jpa.internal.util.LogHelper  : HHH000204: Processing PersistenceUnitInfo [
	name: default
	...]
2022-06-29 02:06:22.694  INFO 59483 --- [    Test worker] org.hibernate.dialect.Dialect            : HHH000400: Using dialect: org.hibernate.dialect.MySQL5InnoDBDialect
Hibernate: drop table if exists posts
Hibernate: drop table if exists user
Hibernate: create table posts (id bigint not null auto_increment, created_date datetime, modified_date datetime, author varchar(255), content TEXT not null, title varchar(500) not null, primary key (id)) engine=InnoDB
Hibernate: create table user (id bigint not null auto_increment, created_date datetime, modified_date datetime, email varchar(255) not null, name varchar(255) not null, picture varchar(255), role varchar(255) not null, primary key (id)) engine=InnoDB
2022-06-29 02:06:22.765  INFO 59483 --- [    Test worker] o.h.t.schema.internal.SchemaCreatorImpl  : HHH000476: Executing import script 'org.hibernate.tool.schema.internal.exec.ScriptSourceInputNonExistentImpl@6db527a'
2022-06-29 02:06:22.765  INFO 59483 --- [    Test worker] j.LocalContainerEntityManagerFactoryBean : Initialized JPA EntityManagerFactory for persistence unit 'default'
2022-06-29 02:06:23.004  INFO 59483 --- [    Test worker] o.h.h.i.QueryTranslatorFactoryInitiator  : HHH000397: Using ASTQueryTranslatorFactory
2022-06-29 02:06:23.137  INFO 59483 --- [    Test worker] o.s.s.web.DefaultSecurityFilterChain     : Creating filter chain: any request, [org.springframework.security.web.context.request.async.WebAsyncManagerIntegrationFilter@1192885a, org.springframework.security.web.context.SecurityContextPersistenceFilter@71cb3e19, org.springframework.security.web.header.HeaderWriterFilter@615e075b, org.springframework.security.web.authentication.logout.LogoutFilter@2319ef1a, org.springframework.security.oauth2.client.web.OAuth2AuthorizationRequestRedirectFilter@51ab0367, org.springframework.security.oauth2.client.web.OAuth2LoginAuthenticationFilter@3c229daa, org.springframework.security.web.authentication.ui.DefaultLoginPageGeneratingFilter@b8a3384, org.springframework.security.web.authentication.ui.DefaultLogoutPageGeneratingFilter@3dd0584f, org.springframework.security.web.savedrequest.RequestCacheAwareFilter@6b76b316, org.springframework.security.web.servletapi.SecurityContextHolderAwareRequestFilter@7a0315fc, org.springframework.security.web.authentication.AnonymousAuthenticationFilter@3469d4a9, org.springframework.security.web.session.SessionManagementFilter@49b709f9, org.springframework.security.web.access.ExceptionTranslationFilter@23872402, org.springframework.security.web.access.intercept.FilterSecurityInterceptor@7f4a649b]
2022-06-29 02:06:23.367  INFO 59483 --- [    Test worker] o.s.s.concurrent.ThreadPoolTaskExecutor  : Initializing ExecutorService 'applicationTaskExecutor'
2022-06-29 02:06:23.379  WARN 59483 --- [    Test worker] aWebConfiguration$JpaWebMvcConfiguration : spring.jpa.open-in-view is enabled by default. Therefore, database queries may be performed during view rendering. Explicitly configure spring.jpa.open-in-view to disable this warning
2022-06-29 02:06:23.406  INFO 59483 --- [    Test worker] o.s.b.a.w.s.WelcomePageHandlerMapping    : Adding welcome page template: index
2022-06-29 02:06:23.631  INFO 59483 --- [    Test worker] s.a.ScheduledAnnotationBeanPostProcessor : No TaskScheduler/ScheduledExecutorService bean found for scheduled processing
2022-06-29 02:06:23.634  INFO 59483 --- [    Test worker] c.S.s.domain.posts.PostsRespositoryTest  : Started PostsRespositoryTest in 1.424 seconds (JVM running for 13.962)
Hibernate: insert into posts (created_date, modified_date, author, content, title) values (?, ?, ?, ?, ?)
Hibernate: select posts0_.id as id1_0_, posts0_.created_date as created_2_0_, posts0_.modified_date as modified3_0_, posts0_.author as author4_0_, posts0_.content as content5_0_, posts0_.title as title6_0_ from posts posts0_
Hibernate: select posts0_.id as id1_0_, posts0_.created_date as created_2_0_, posts0_.modified_date as modified3_0_, posts0_.author as author4_0_, posts0_.content as content5_0_, posts0_.title as title6_0_ from posts posts0_
Hibernate: delete from posts where id=?
Hibernate: insert into posts (created_date, modified_date, author, content, title) values (?, ?, ?, ?, ?)
Hibernate: select posts0_.id as id1_0_, posts0_.created_date as created_2_0_, posts0_.modified_date as modified3_0_, posts0_.author as author4_0_, posts0_.content as content5_0_, posts0_.title as title6_0_ from posts posts0_
>>>>>>>>>>>>>>> createDate = 2022-06-29T02:06:23.688450, modifiedDate = 2022-06-29T02:06:23.688450
Hibernate: select posts0_.id as id1_0_, posts0_.created_date as created_2_0_, posts0_.modified_date as modified3_0_, posts0_.author as author4_0_, posts0_.content as content5_0_, posts0_.title as title6_0_ from posts posts0_
Hibernate: delete from posts where id=?
]]></system-out>
  <system-err><![CDATA[]]></system-err>
</testsuite>
