<?xml version="1.0" encoding="UTF-8"?>
<testsuite name="com.SpringS.springboot.web.ProfileControllerTest" tests="1" skipped="0" failures="0" errors="0" timestamp="2022-06-28T17:06:20" hostname="hongjunpyoui-MacBookPro.local" time="0.33">
  <properties/>
  <testcase name="profile은_인증없이_호출된다" classname="com.SpringS.springboot.web.ProfileControllerTest" time="0.33"/>
  <system-out><![CDATA[02:06:10.734 [Test worker] DEBUG org.springframework.test.context.junit4.SpringJUnit4ClassRunner - SpringJUnit4ClassRunner constructor called with [class com.SpringS.springboot.web.ProfileControllerTest]
02:06:10.745 [Test worker] DEBUG org.springframework.test.context.BootstrapUtils - Instantiating CacheAwareContextLoaderDelegate from class [org.springframework.test.context.cache.DefaultCacheAwareContextLoaderDelegate]
02:06:10.755 [Test worker] DEBUG org.springframework.test.context.BootstrapUtils - Instantiating BootstrapContext using constructor [public org.springframework.test.context.support.DefaultBootstrapContext(java.lang.Class,org.springframework.test.context.CacheAwareContextLoaderDelegate)]
02:06:10.779 [Test worker] DEBUG org.springframework.test.context.BootstrapUtils - Instantiating TestContextBootstrapper for test class [com.SpringS.springboot.web.ProfileControllerTest] from class [org.springframework.boot.test.context.SpringBootTestContextBootstrapper]
02:06:10.793 [Test worker] INFO org.springframework.boot.test.context.SpringBootTestContextBootstrapper - Neither @ContextConfiguration nor @ContextHierarchy found for test class [com.SpringS.springboot.web.ProfileControllerTest], using SpringBootContextLoader
02:06:10.798 [Test worker] DEBUG org.springframework.test.context.support.AbstractContextLoader - Did not detect default resource location for test class [com.SpringS.springboot.web.ProfileControllerTest]: class path resource [com/SpringS/springboot/web/ProfileControllerTest-context.xml] does not exist
02:06:10.820 [Test worker] DEBUG org.springframework.test.context.support.AbstractContextLoader - Did not detect default resource location for test class [com.SpringS.springboot.web.ProfileControllerTest]: class path resource [com/SpringS/springboot/web/ProfileControllerTestContext.groovy] does not exist
02:06:10.821 [Test worker] INFO org.springframework.test.context.support.AbstractContextLoader - Could not detect default resource locations for test class [com.SpringS.springboot.web.ProfileControllerTest]: no resource found for suffixes {-context.xml, Context.groovy}.
02:06:10.822 [Test worker] INFO org.springframework.test.context.support.AnnotationConfigContextLoaderUtils - Could not detect default configuration classes for test class [com.SpringS.springboot.web.ProfileControllerTest]: ProfileControllerTest does not declare any static, non-private, non-final, nested classes annotated with @Configuration.
02:06:10.898 [Test worker] DEBUG org.springframework.test.context.support.ActiveProfilesUtils - Could not find an 'annotation declaring class' for annotation type [org.springframework.test.context.ActiveProfiles] and class [com.SpringS.springboot.web.ProfileControllerTest]
02:06:11.071 [Test worker] DEBUG org.springframework.context.annotation.ClassPathScanningCandidateComponentProvider - Identified candidate component class: file [/Users/hongjunpyo/IdeaProjects/TestSpring/build/classes/java/main/com/SpringS/springboot/Application.class]
02:06:11.075 [Test worker] INFO org.springframework.boot.test.context.SpringBootTestContextBootstrapper - Found @SpringBootConfiguration com.SpringS.springboot.Application for test class com.SpringS.springboot.web.ProfileControllerTest
02:06:11.167 [Test worker] DEBUG org.springframework.boot.test.context.SpringBootTestContextBootstrapper - @TestExecutionListeners is not present for class [com.SpringS.springboot.web.ProfileControllerTest]: using defaults.
02:06:11.168 [Test worker] INFO org.springframework.boot.test.context.SpringBootTestContextBootstrapper - Loaded default TestExecutionListener class names from location [META-INF/spring.factories]: [org.springframework.security.test.context.support.WithSecurityContextTestExecutionListener, org.springframework.security.test.context.support.ReactorContextTestExecutionListener, org.springframework.boot.test.autoconfigure.restdocs.RestDocsTestExecutionListener, org.springframework.boot.test.autoconfigure.web.client.MockRestServiceServerResetTestExecutionListener, org.springframework.boot.test.autoconfigure.web.servlet.MockMvcPrintOnlyOnFailureTestExecutionListener, org.springframework.boot.test.autoconfigure.web.servlet.WebDriverTestExecutionListener, org.springframework.boot.test.mock.mockito.MockitoTestExecutionListener, org.springframework.boot.test.mock.mockito.ResetMocksTestExecutionListener, org.springframework.test.context.web.ServletTestExecutionListener, org.springframework.test.context.support.DirtiesContextBeforeModesTestExecutionListener, org.springframework.test.context.support.DependencyInjectionTestExecutionListener, org.springframework.test.context.support.DirtiesContextTestExecutionListener, org.springframework.test.context.transaction.TransactionalTestExecutionListener, org.springframework.test.context.jdbc.SqlScriptsTestExecutionListener]
02:06:11.184 [Test worker] INFO org.springframework.boot.test.context.SpringBootTestContextBootstrapper - Using TestExecutionListeners: [org.springframework.test.context.web.ServletTestExecutionListener@7294f593, org.springframework.test.context.support.DirtiesContextBeforeModesTestExecutionListener@72ef50e4, org.springframework.boot.test.mock.mockito.MockitoTestExecutionListener@65da063, org.springframework.boot.test.autoconfigure.SpringBootDependencyInjectionTestExecutionListener@1917eb01, org.springframework.test.context.support.DirtiesContextTestExecutionListener@4cfabddd, org.springframework.test.context.transaction.TransactionalTestExecutionListener@449abcd6, org.springframework.test.context.jdbc.SqlScriptsTestExecutionListener@2faf429e, org.springframework.security.test.context.support.WithSecurityContextTestExecutionListener@946fb89, org.springframework.security.test.context.support.ReactorContextTestExecutionListener@104bbb29, org.springframework.boot.test.autoconfigure.restdocs.RestDocsTestExecutionListener@126c9fa, org.springframework.boot.test.autoconfigure.web.client.MockRestServiceServerResetTestExecutionListener@5448c0f2, org.springframework.boot.test.autoconfigure.web.servlet.MockMvcPrintOnlyOnFailureTestExecutionListener@6aecf341, org.springframework.boot.test.autoconfigure.web.servlet.WebDriverTestExecutionListener@27338fc6, org.springframework.boot.test.mock.mockito.ResetMocksTestExecutionListener@106debc3]
02:06:11.186 [Test worker] DEBUG org.springframework.test.annotation.ProfileValueUtils - Retrieved @ProfileValueSourceConfiguration [null] for test class [com.SpringS.springboot.web.ProfileControllerTest]
02:06:11.187 [Test worker] DEBUG org.springframework.test.annotation.ProfileValueUtils - Retrieved ProfileValueSource type [class org.springframework.test.annotation.SystemProfileValueSource] for class [com.SpringS.springboot.web.ProfileControllerTest]
02:06:11.187 [Test worker] DEBUG org.springframework.test.annotation.ProfileValueUtils - Retrieved @ProfileValueSourceConfiguration [null] for test class [com.SpringS.springboot.web.ProfileControllerTest]
02:06:11.188 [Test worker] DEBUG org.springframework.test.annotation.ProfileValueUtils - Retrieved ProfileValueSource type [class org.springframework.test.annotation.SystemProfileValueSource] for class [com.SpringS.springboot.web.ProfileControllerTest]
02:06:11.192 [Test worker] DEBUG org.springframework.test.context.support.AbstractDirtiesContextTestExecutionListener - Before test class: context [DefaultTestContext@5ee09f18 testClass = ProfileControllerTest, testInstance = [null], testMethod = [null], testException = [null], mergedContextConfiguration = [WebMergedContextConfiguration@1582a720 testClass = ProfileControllerTest, locations = '{}', classes = '{class com.SpringS.springboot.Application}', contextInitializerClasses = '[]', activeProfiles = '{}', propertySourceLocations = '{}', propertySourceProperties = '{org.springframework.boot.test.context.SpringBootTestContextBootstrapper=true, server.port=0}', contextCustomizers = set[org.springframework.boot.test.autoconfigure.properties.PropertyMappingContextCustomizer@0, org.springframework.boot.test.autoconfigure.web.servlet.WebDriverContextCustomizerFactory$Customizer@333c3319, org.springframework.boot.test.context.filter.ExcludeFilterContextCustomizer@421f47a3, org.springframework.boot.test.json.DuplicateJsonObjectContextCustomizerFactory$DuplicateJsonObjectContextCustomizer@10c2114b, org.springframework.boot.test.mock.mockito.MockitoContextCustomizer@0, org.springframework.boot.test.web.client.TestRestTemplateContextCustomizer@37349939], resourceBasePath = 'src/main/webapp', contextLoader = 'org.springframework.boot.test.context.SpringBootContextLoader', parent = [null]], attributes = map['org.springframework.test.context.web.ServletTestExecutionListener.activateListener' -> false]], class annotated with @DirtiesContext [false] with mode [null].
02:06:11.193 [Test worker] DEBUG org.springframework.test.annotation.ProfileValueUtils - Retrieved @ProfileValueSourceConfiguration [null] for test class [com.SpringS.springboot.web.ProfileControllerTest]
02:06:11.193 [Test worker] DEBUG org.springframework.test.annotation.ProfileValueUtils - Retrieved ProfileValueSource type [class org.springframework.test.annotation.SystemProfileValueSource] for class [com.SpringS.springboot.web.ProfileControllerTest]
02:06:11.199 [Test worker] DEBUG org.springframework.test.context.support.DependencyInjectionTestExecutionListener - Performing dependency injection for test context [[DefaultTestContext@5ee09f18 testClass = ProfileControllerTest, testInstance = com.SpringS.springboot.web.ProfileControllerTest@624e476b, testMethod = [null], testException = [null], mergedContextConfiguration = [WebMergedContextConfiguration@1582a720 testClass = ProfileControllerTest, locations = '{}', classes = '{class com.SpringS.springboot.Application}', contextInitializerClasses = '[]', activeProfiles = '{}', propertySourceLocations = '{}', propertySourceProperties = '{org.springframework.boot.test.context.SpringBootTestContextBootstrapper=true, server.port=0}', contextCustomizers = set[org.springframework.boot.test.autoconfigure.properties.PropertyMappingContextCustomizer@0, org.springframework.boot.test.autoconfigure.web.servlet.WebDriverContextCustomizerFactory$Customizer@333c3319, org.springframework.boot.test.context.filter.ExcludeFilterContextCustomizer@421f47a3, org.springframework.boot.test.json.DuplicateJsonObjectContextCustomizerFactory$DuplicateJsonObjectContextCustomizer@10c2114b, org.springframework.boot.test.mock.mockito.MockitoContextCustomizer@0, org.springframework.boot.test.web.client.TestRestTemplateContextCustomizer@37349939], resourceBasePath = 'src/main/webapp', contextLoader = 'org.springframework.boot.test.context.SpringBootContextLoader', parent = [null]], attributes = map['org.springframework.test.context.web.ServletTestExecutionListener.activateListener' -> false]]].
02:06:11.234 [Test worker] DEBUG org.springframework.test.context.support.TestPropertySourceUtils - Adding inlined properties to environment: {spring.jmx.enabled=false, org.springframework.boot.test.context.SpringBootTestContextBootstrapper=true, server.port=0}

  .   ____          _            __ _ _
 /\\ / ___'_ __ _ _(_)_ __  __ _ \ \ \ \
( ( )\___ | '_ | '_| | '_ \/ _` | \ \ \ \
 \\/  ___)| |_)| | | | | || (_| |  ) ) ) )
  '  |____| .__|_| |_|_| |_\__, | / / / /
 =========|_|==============|___/=/_/_/_/
 :: Spring Boot ::        (v2.1.9.RELEASE)

2022-06-29 02:06:11.887  INFO 59483 --- [    Test worker] c.S.s.web.ProfileControllerTest          : Starting ProfileControllerTest on hongjunpyoui-MacBookPro.local with PID 59483 (started by hongjunpyo in /Users/hongjunpyo/IdeaProjects/TestSpring)
2022-06-29 02:06:11.892  INFO 59483 --- [    Test worker] c.S.s.web.ProfileControllerTest          : No active profile set, falling back to default profiles: default
2022-06-29 02:06:13.493  INFO 59483 --- [    Test worker] .s.d.r.c.RepositoryConfigurationDelegate : Bootstrapping Spring Data repositories in DEFAULT mode.
2022-06-29 02:06:13.620  INFO 59483 --- [    Test worker] .s.d.r.c.RepositoryConfigurationDelegate : Finished Spring Data repository scanning in 119ms. Found 2 repository interfaces.
2022-06-29 02:06:14.549  INFO 59483 --- [    Test worker] trationDelegate$BeanPostProcessorChecker : Bean 'org.springframework.transaction.annotation.ProxyTransactionManagementConfiguration' of type [org.springframework.transaction.annotation.ProxyTransactionManagementConfiguration$$EnhancerBySpringCGLIB$$a6d89d44] is not eligible for getting processed by all BeanPostProcessors (for example: not eligible for auto-proxying)
2022-06-29 02:06:15.240  INFO 59483 --- [    Test worker] o.s.b.w.embedded.tomcat.TomcatWebServer  : Tomcat initialized with port(s): 0 (http)
2022-06-29 02:06:15.319  INFO 59483 --- [    Test worker] o.apache.catalina.core.StandardService   : Starting service [Tomcat]
2022-06-29 02:06:15.321  INFO 59483 --- [    Test worker] org.apache.catalina.core.StandardEngine  : Starting Servlet engine: [Apache Tomcat/9.0.26]
2022-06-29 02:06:15.502  INFO 59483 --- [    Test worker] o.a.c.c.C.[Tomcat].[localhost].[/]       : Initializing Spring embedded WebApplicationContext
2022-06-29 02:06:15.502  INFO 59483 --- [    Test worker] o.s.web.context.ContextLoader            : Root WebApplicationContext: initialization completed in 3576 ms
2022-06-29 02:06:15.953  INFO 59483 --- [    Test worker] com.zaxxer.hikari.HikariDataSource       : HikariPool-1 - Starting...
2022-06-29 02:06:16.169  INFO 59483 --- [    Test worker] com.zaxxer.hikari.HikariDataSource       : HikariPool-1 - Start completed.
2022-06-29 02:06:16.373  INFO 59483 --- [    Test worker] o.hibernate.jpa.internal.util.LogHelper  : HHH000204: Processing PersistenceUnitInfo [
	name: default
	...]
2022-06-29 02:06:16.448  INFO 59483 --- [    Test worker] org.hibernate.Version                    : HHH000412: Hibernate Core {5.3.12.Final}
2022-06-29 02:06:16.451  INFO 59483 --- [    Test worker] org.hibernate.cfg.Environment            : HHH000206: hibernate.properties not found
2022-06-29 02:06:16.638  INFO 59483 --- [    Test worker] o.hibernate.annotations.common.Version   : HCANN000001: Hibernate Commons Annotations {5.0.4.Final}
2022-06-29 02:06:16.774  INFO 59483 --- [    Test worker] org.hibernate.dialect.Dialect            : HHH000400: Using dialect: org.hibernate.dialect.MySQL5InnoDBDialect
Hibernate: drop table if exists posts
Hibernate: drop table if exists user
Hibernate: create table posts (id bigint not null auto_increment, created_date datetime, modified_date datetime, author varchar(255), content TEXT not null, title varchar(500) not null, primary key (id)) engine=InnoDB
Hibernate: create table user (id bigint not null auto_increment, created_date datetime, modified_date datetime, email varchar(255) not null, name varchar(255) not null, picture varchar(255), role varchar(255) not null, primary key (id)) engine=InnoDB
2022-06-29 02:06:17.583  INFO 59483 --- [    Test worker] o.h.t.schema.internal.SchemaCreatorImpl  : HHH000476: Executing import script 'org.hibernate.tool.schema.internal.exec.ScriptSourceInputNonExistentImpl@6db527a'
2022-06-29 02:06:17.587  INFO 59483 --- [    Test worker] j.LocalContainerEntityManagerFactoryBean : Initialized JPA EntityManagerFactory for persistence unit 'default'
2022-06-29 02:06:18.593  INFO 59483 --- [    Test worker] o.h.h.i.QueryTranslatorFactoryInitiator  : HHH000397: Using ASTQueryTranslatorFactory
2022-06-29 02:06:19.114  INFO 59483 --- [    Test worker] o.s.s.web.DefaultSecurityFilterChain     : Creating filter chain: any request, [org.springframework.security.web.context.request.async.WebAsyncManagerIntegrationFilter@2e285cd7, org.springframework.security.web.context.SecurityContextPersistenceFilter@27539b50, org.springframework.security.web.header.HeaderWriterFilter@5672edbf, org.springframework.security.web.authentication.logout.LogoutFilter@47275185, org.springframework.security.oauth2.client.web.OAuth2AuthorizationRequestRedirectFilter@3ed2056a, org.springframework.security.oauth2.client.web.OAuth2LoginAuthenticationFilter@45418f8b, org.springframework.security.web.authentication.ui.DefaultLoginPageGeneratingFilter@5284d2a5, org.springframework.security.web.authentication.ui.DefaultLogoutPageGeneratingFilter@381a4cf, org.springframework.security.web.savedrequest.RequestCacheAwareFilter@7bf5b372, org.springframework.security.web.servletapi.SecurityContextHolderAwareRequestFilter@60f3e435, org.springframework.security.web.authentication.AnonymousAuthenticationFilter@258bbc08, org.springframework.security.web.session.SessionManagementFilter@31a3aa03, org.springframework.security.web.access.ExceptionTranslationFilter@130c3f8d, org.springframework.security.web.access.intercept.FilterSecurityInterceptor@227d9c13]
2022-06-29 02:06:19.575  INFO 59483 --- [    Test worker] o.s.s.concurrent.ThreadPoolTaskExecutor  : Initializing ExecutorService 'applicationTaskExecutor'
2022-06-29 02:06:19.641  WARN 59483 --- [    Test worker] aWebConfiguration$JpaWebMvcConfiguration : spring.jpa.open-in-view is enabled by default. Therefore, database queries may be performed during view rendering. Explicitly configure spring.jpa.open-in-view to disable this warning
2022-06-29 02:06:19.734  INFO 59483 --- [    Test worker] o.s.b.a.w.s.WelcomePageHandlerMapping    : Adding welcome page template: index
2022-06-29 02:06:20.128  INFO 59483 --- [    Test worker] s.a.ScheduledAnnotationBeanPostProcessor : No TaskScheduler/ScheduledExecutorService bean found for scheduled processing
2022-06-29 02:06:20.153  INFO 59483 --- [    Test worker] o.s.b.w.embedded.tomcat.TomcatWebServer  : Tomcat started on port(s): 60643 (http) with context path ''
2022-06-29 02:06:20.157  INFO 59483 --- [    Test worker] c.S.s.web.ProfileControllerTest          : Started ProfileControllerTest in 8.919 seconds (JVM running for 10.486)
2022-06-29 02:06:20.386  INFO 59483 --- [o-auto-1-exec-1] o.a.c.c.C.[Tomcat].[localhost].[/]       : Initializing Spring DispatcherServlet 'dispatcherServlet'
2022-06-29 02:06:20.387  INFO 59483 --- [o-auto-1-exec-1] o.s.web.servlet.DispatcherServlet        : Initializing Servlet 'dispatcherServlet'
2022-06-29 02:06:20.432  INFO 59483 --- [o-auto-1-exec-1] o.s.web.servlet.DispatcherServlet        : Completed initialization in 44 ms
]]></system-out>
  <system-err><![CDATA[]]></system-err>
</testsuite>
