<?xml version="1.0" encoding="UTF-8"?>
<testsuite name="com.SpringS.springboot.domain.posts.PostsRespositoryTest" tests="2" skipped="0" failures="0" errors="0" timestamp="2022-06-28T17:18:59" hostname="hongjunpyoui-MacBookPro.local" time="0.052">
  <properties/>
  <testcase name="게시글저장_불러오기" classname="com.SpringS.springboot.domain.posts.PostsRespositoryTest" time="0.043"/>
  <testcase name="BaseTimeEntity_등록" classname="com.SpringS.springboot.domain.posts.PostsRespositoryTest" time="0.008"/>
  <system-out><![CDATA[2022-06-29 02:18:58.396  INFO 60205 --- [    Test worker] .b.t.c.SpringBootTestContextBootstrapper : Neither @ContextConfiguration nor @ContextHierarchy found for test class [com.SpringS.springboot.domain.posts.PostsRespositoryTest], using SpringBootContextLoader
2022-06-29 02:18:58.398  INFO 60205 --- [    Test worker] o.s.t.c.support.AbstractContextLoader    : Could not detect default resource locations for test class [com.SpringS.springboot.domain.posts.PostsRespositoryTest]: no resource found for suffixes {-context.xml, Context.groovy}.
2022-06-29 02:18:58.398  INFO 60205 --- [    Test worker] t.c.s.AnnotationConfigContextLoaderUtils : Could not detect default configuration classes for test class [com.SpringS.springboot.domain.posts.PostsRespositoryTest]: PostsRespositoryTest does not declare any static, non-private, non-final, nested classes annotated with @Configuration.
2022-06-29 02:18:58.425  INFO 60205 --- [    Test worker] .b.t.c.SpringBootTestContextBootstrapper : Found @SpringBootConfiguration com.SpringS.springboot.Application for test class com.SpringS.springboot.domain.posts.PostsRespositoryTest
2022-06-29 02:18:58.430  INFO 60205 --- [    Test worker] .b.t.c.SpringBootTestContextBootstrapper : Loaded default TestExecutionListener class names from location [META-INF/spring.factories]: [org.springframework.security.test.context.support.WithSecurityContextTestExecutionListener, org.springframework.security.test.context.support.ReactorContextTestExecutionListener, org.springframework.boot.test.autoconfigure.restdocs.RestDocsTestExecutionListener, org.springframework.boot.test.autoconfigure.web.client.MockRestServiceServerResetTestExecutionListener, org.springframework.boot.test.autoconfigure.web.servlet.MockMvcPrintOnlyOnFailureTestExecutionListener, org.springframework.boot.test.autoconfigure.web.servlet.WebDriverTestExecutionListener, org.springframework.boot.test.mock.mockito.MockitoTestExecutionListener, org.springframework.boot.test.mock.mockito.ResetMocksTestExecutionListener, org.springframework.test.context.web.ServletTestExecutionListener, org.springframework.test.context.support.DirtiesContextBeforeModesTestExecutionListener, org.springframework.test.context.support.DependencyInjectionTestExecutionListener, org.springframework.test.context.support.DirtiesContextTestExecutionListener, org.springframework.test.context.transaction.TransactionalTestExecutionListener, org.springframework.test.context.jdbc.SqlScriptsTestExecutionListener]
2022-06-29 02:18:58.431  INFO 60205 --- [    Test worker] .b.t.c.SpringBootTestContextBootstrapper : Using TestExecutionListeners: [org.springframework.test.context.web.ServletTestExecutionListener@56d6d49f, org.springframework.test.context.support.DirtiesContextBeforeModesTestExecutionListener@4b529a7e, org.springframework.boot.test.mock.mockito.MockitoTestExecutionListener@5ac7dae3, org.springframework.boot.test.autoconfigure.SpringBootDependencyInjectionTestExecutionListener@22272d8e, org.springframework.test.context.support.DirtiesContextTestExecutionListener@42b57779, org.springframework.test.context.transaction.TransactionalTestExecutionListener@1d6b843b, org.springframework.test.context.jdbc.SqlScriptsTestExecutionListener@799f45b7, org.springframework.security.test.context.support.WithSecurityContextTestExecutionListener@62cf5c57, org.springframework.security.test.context.support.ReactorContextTestExecutionListener@ba8e1c8, org.springframework.boot.test.autoconfigure.restdocs.RestDocsTestExecutionListener@4a23f6da, org.springframework.boot.test.autoconfigure.web.client.MockRestServiceServerResetTestExecutionListener@4912a0d4, org.springframework.boot.test.autoconfigure.web.servlet.MockMvcPrintOnlyOnFailureTestExecutionListener@51276045, org.springframework.boot.test.autoconfigure.web.servlet.WebDriverTestExecutionListener@1dcd6d08, org.springframework.boot.test.mock.mockito.ResetMocksTestExecutionListener@488ddd4d]

  .   ____          _            __ _ _
 /\\ / ___'_ __ _ _(_)_ __  __ _ \ \ \ \
( ( )\___ | '_ | '_| | '_ \/ _` | \ \ \ \
 \\/  ___)| |_)| | | | | || (_| |  ) ) ) )
  '  |____| .__|_| |_|_| |_\__, | / / / /
 =========|_|==============|___/=/_/_/_/
 :: Spring Boot ::        (v2.1.9.RELEASE)

2022-06-29 02:18:58.462  INFO 60205 --- [    Test worker] c.S.s.domain.posts.PostsRespositoryTest  : Starting PostsRespositoryTest on hongjunpyoui-MacBookPro.local with PID 60205 (started by hongjunpyo in /Users/hongjunpyo/IdeaProjects/TestSpring)
2022-06-29 02:18:58.464  INFO 60205 --- [    Test worker] c.S.s.domain.posts.PostsRespositoryTest  : No active profile set, falling back to default profiles: default
2022-06-29 02:18:58.697  INFO 60205 --- [    Test worker] .s.d.r.c.RepositoryConfigurationDelegate : Bootstrapping Spring Data repositories in DEFAULT mode.
2022-06-29 02:18:58.718  INFO 60205 --- [    Test worker] .s.d.r.c.RepositoryConfigurationDelegate : Finished Spring Data repository scanning in 20ms. Found 2 repository interfaces.
2022-06-29 02:18:58.822  INFO 60205 --- [    Test worker] trationDelegate$BeanPostProcessorChecker : Bean 'org.springframework.transaction.annotation.ProxyTransactionManagementConfiguration' of type [org.springframework.transaction.annotation.ProxyTransactionManagementConfiguration$$EnhancerBySpringCGLIB$$4ec5258e] is not eligible for getting processed by all BeanPostProcessors (for example: not eligible for auto-proxying)
2022-06-29 02:18:58.929  INFO 60205 --- [    Test worker] com.zaxxer.hikari.HikariDataSource       : HikariPool-2 - Starting...
2022-06-29 02:18:58.934  INFO 60205 --- [    Test worker] com.zaxxer.hikari.HikariDataSource       : HikariPool-2 - Start completed.
2022-06-29 02:18:58.972  INFO 60205 --- [    Test worker] o.hibernate.jpa.internal.util.LogHelper  : HHH000204: Processing PersistenceUnitInfo [
	name: default
	...]
2022-06-29 02:18:58.991  INFO 60205 --- [    Test worker] org.hibernate.dialect.Dialect            : HHH000400: Using dialect: org.hibernate.dialect.MySQL5InnoDBDialect
Hibernate: drop table if exists posts
Hibernate: drop table if exists user
Hibernate: create table posts (id bigint not null auto_increment, created_date datetime, modified_date datetime, author varchar(255), content TEXT not null, title varchar(500) not null, primary key (id)) engine=InnoDB
Hibernate: create table user (id bigint not null auto_increment, created_date datetime, modified_date datetime, email varchar(255) not null, name varchar(255) not null, picture varchar(255), role varchar(255) not null, primary key (id)) engine=InnoDB
2022-06-29 02:18:59.074  INFO 60205 --- [    Test worker] o.h.t.schema.internal.SchemaCreatorImpl  : HHH000476: Executing import script 'org.hibernate.tool.schema.internal.exec.ScriptSourceInputNonExistentImpl@5ba6192b'
2022-06-29 02:18:59.074  INFO 60205 --- [    Test worker] j.LocalContainerEntityManagerFactoryBean : Initialized JPA EntityManagerFactory for persistence unit 'default'
2022-06-29 02:18:59.279  INFO 60205 --- [    Test worker] o.h.h.i.QueryTranslatorFactoryInitiator  : HHH000397: Using ASTQueryTranslatorFactory
2022-06-29 02:18:59.420  INFO 60205 --- [    Test worker] o.s.s.web.DefaultSecurityFilterChain     : Creating filter chain: any request, [org.springframework.security.web.context.request.async.WebAsyncManagerIntegrationFilter@42089135, org.springframework.security.web.context.SecurityContextPersistenceFilter@710bb8cd, org.springframework.security.web.header.HeaderWriterFilter@170fb559, org.springframework.security.web.authentication.logout.LogoutFilter@57475f83, org.springframework.security.oauth2.client.web.OAuth2AuthorizationRequestRedirectFilter@222cf63, org.springframework.security.oauth2.client.web.OAuth2LoginAuthenticationFilter@20deba5d, org.springframework.security.web.authentication.ui.DefaultLoginPageGeneratingFilter@7ba65dea, org.springframework.security.web.authentication.ui.DefaultLogoutPageGeneratingFilter@188eeaa3, org.springframework.security.web.savedrequest.RequestCacheAwareFilter@6164af6f, org.springframework.security.web.servletapi.SecurityContextHolderAwareRequestFilter@b2b6b67, org.springframework.security.web.authentication.AnonymousAuthenticationFilter@c436706, org.springframework.security.web.session.SessionManagementFilter@32a85aa2, org.springframework.security.web.access.ExceptionTranslationFilter@768cce65, org.springframework.security.web.access.intercept.FilterSecurityInterceptor@61a76f78]
2022-06-29 02:18:59.642  INFO 60205 --- [    Test worker] o.s.s.concurrent.ThreadPoolTaskExecutor  : Initializing ExecutorService 'applicationTaskExecutor'
2022-06-29 02:18:59.655  WARN 60205 --- [    Test worker] aWebConfiguration$JpaWebMvcConfiguration : spring.jpa.open-in-view is enabled by default. Therefore, database queries may be performed during view rendering. Explicitly configure spring.jpa.open-in-view to disable this warning
2022-06-29 02:18:59.680  INFO 60205 --- [    Test worker] o.s.b.a.w.s.WelcomePageHandlerMapping    : Adding welcome page template: index
2022-06-29 02:18:59.908  INFO 60205 --- [    Test worker] s.a.ScheduledAnnotationBeanPostProcessor : No TaskScheduler/ScheduledExecutorService bean found for scheduled processing
2022-06-29 02:18:59.909  INFO 60205 --- [    Test worker] c.S.s.domain.posts.PostsRespositoryTest  : Started PostsRespositoryTest in 1.475 seconds (JVM running for 13.639)
Hibernate: insert into posts (created_date, modified_date, author, content, title) values (?, ?, ?, ?, ?)
Hibernate: select posts0_.id as id1_0_, posts0_.created_date as created_2_0_, posts0_.modified_date as modified3_0_, posts0_.author as author4_0_, posts0_.content as content5_0_, posts0_.title as title6_0_ from posts posts0_
Hibernate: select posts0_.id as id1_0_, posts0_.created_date as created_2_0_, posts0_.modified_date as modified3_0_, posts0_.author as author4_0_, posts0_.content as content5_0_, posts0_.title as title6_0_ from posts posts0_
Hibernate: delete from posts where id=?
Hibernate: insert into posts (created_date, modified_date, author, content, title) values (?, ?, ?, ?, ?)
Hibernate: select posts0_.id as id1_0_, posts0_.created_date as created_2_0_, posts0_.modified_date as modified3_0_, posts0_.author as author4_0_, posts0_.content as content5_0_, posts0_.title as title6_0_ from posts posts0_
>>>>>>>>>>>>>>> createDate = 2022-06-29T02:18:59.964283, modifiedDate = 2022-06-29T02:18:59.964283
Hibernate: select posts0_.id as id1_0_, posts0_.created_date as created_2_0_, posts0_.modified_date as modified3_0_, posts0_.author as author4_0_, posts0_.content as content5_0_, posts0_.title as title6_0_ from posts posts0_
Hibernate: delete from posts where id=?
]]></system-out>
  <system-err><![CDATA[]]></system-err>
</testsuite>
