<?xml version="1.0" encoding="UTF-8"?>
<testsuite name="com.SpringS.springboot.web.dto.HelloResponseDtoTest" tests="1" skipped="0" failures="0" errors="0" timestamp="2022-06-29T20:45:52" hostname="hongjunpyoui-MacBookPro.local" time="0.044">
  <properties/>
  <testcase name="롬복_기능_테스트" classname="com.SpringS.springboot.web.dto.HelloResponseDtoTest" time="0.044"/>
  <system-out><![CDATA[]]></system-out>
  <system-err><![CDATA[]]></system-err>
</testsuite>
