<?xml version="1.0" encoding="UTF-8"?>
<testsuite name="com.SpringS.springboot.web.HelloControllerTest" tests="2" skipped="0" failures="0" errors="0" timestamp="2022-06-28T20:28:54" hostname="hongjunpyoui-MacBookPro.local" time="0.101">
  <properties/>
  <testcase name="hello가_리턴된다" classname="com.SpringS.springboot.web.HelloControllerTest" time="0.035"/>
  <testcase name="helloDto가_리턴된다" classname="com.SpringS.springboot.web.HelloControllerTest" time="0.065"/>
  <system-out><![CDATA[2022-06-29 05:28:53.130  INFO 76768 --- [    Test worker] .b.t.a.w.s.WebMvcTestContextBootstrapper : Neither @ContextConfiguration nor @ContextHierarchy found for test class [com.SpringS.springboot.web.HelloControllerTest], using SpringBootContextLoader
2022-06-29 05:28:53.133  INFO 76768 --- [    Test worker] o.s.t.c.support.AbstractContextLoader    : Could not detect default resource locations for test class [com.SpringS.springboot.web.HelloControllerTest]: no resource found for suffixes {-context.xml, Context.groovy}.
2022-06-29 05:28:53.133  INFO 76768 --- [    Test worker] t.c.s.AnnotationConfigContextLoaderUtils : Could not detect default configuration classes for test class [com.SpringS.springboot.web.HelloControllerTest]: HelloControllerTest does not declare any static, non-private, non-final, nested classes annotated with @Configuration.
2022-06-29 05:28:53.156  INFO 76768 --- [    Test worker] .b.t.c.SpringBootTestContextBootstrapper : Found @SpringBootConfiguration com.SpringS.springboot.Application for test class com.SpringS.springboot.web.HelloControllerTest
2022-06-29 05:28:53.157  INFO 76768 --- [    Test worker] .b.t.a.w.s.WebMvcTestContextBootstrapper : Loaded default TestExecutionListener class names from location [META-INF/spring.factories]: [org.springframework.security.test.context.support.WithSecurityContextTestExecutionListener, org.springframework.security.test.context.support.ReactorContextTestExecutionListener, org.springframework.boot.test.autoconfigure.restdocs.RestDocsTestExecutionListener, org.springframework.boot.test.autoconfigure.web.client.MockRestServiceServerResetTestExecutionListener, org.springframework.boot.test.autoconfigure.web.servlet.MockMvcPrintOnlyOnFailureTestExecutionListener, org.springframework.boot.test.autoconfigure.web.servlet.WebDriverTestExecutionListener, org.springframework.boot.test.mock.mockito.MockitoTestExecutionListener, org.springframework.boot.test.mock.mockito.ResetMocksTestExecutionListener, org.springframework.test.context.web.ServletTestExecutionListener, org.springframework.test.context.support.DirtiesContextBeforeModesTestExecutionListener, org.springframework.test.context.support.DependencyInjectionTestExecutionListener, org.springframework.test.context.support.DirtiesContextTestExecutionListener, org.springframework.test.context.transaction.TransactionalTestExecutionListener, org.springframework.test.context.jdbc.SqlScriptsTestExecutionListener]
2022-06-29 05:28:53.158  INFO 76768 --- [    Test worker] .b.t.a.w.s.WebMvcTestContextBootstrapper : Using TestExecutionListeners: [org.springframework.test.context.web.ServletTestExecutionListener@434d6156, org.springframework.test.context.support.DirtiesContextBeforeModesTestExecutionListener@56ae1d4d, org.springframework.boot.test.mock.mockito.MockitoTestExecutionListener@5ebb7473, org.springframework.boot.test.autoconfigure.SpringBootDependencyInjectionTestExecutionListener@3b1c8419, org.springframework.test.context.support.DirtiesContextTestExecutionListener@13f315fd, org.springframework.test.context.transaction.TransactionalTestExecutionListener@351136bb, org.springframework.test.context.jdbc.SqlScriptsTestExecutionListener@300cc486, org.springframework.security.test.context.support.WithSecurityContextTestExecutionListener@6fefb2d2, org.springframework.security.test.context.support.ReactorContextTestExecutionListener@64b80e2f, org.springframework.boot.test.autoconfigure.restdocs.RestDocsTestExecutionListener@58a058ed, org.springframework.boot.test.autoconfigure.web.client.MockRestServiceServerResetTestExecutionListener@ede8f8b, org.springframework.boot.test.autoconfigure.web.servlet.MockMvcPrintOnlyOnFailureTestExecutionListener@1c35d5a0, org.springframework.boot.test.autoconfigure.web.servlet.WebDriverTestExecutionListener@38d8797f, org.springframework.boot.test.mock.mockito.ResetMocksTestExecutionListener@62e539b9]

  .   ____          _            __ _ _
 /\\ / ___'_ __ _ _(_)_ __  __ _ \ \ \ \
( ( )\___ | '_ | '_| | '_ \/ _` | \ \ \ \
 \\/  ___)| |_)| | | | | || (_| |  ) ) ) )
  '  |____| .__|_| |_|_| |_\__, | / / / /
 =========|_|==============|___/=/_/_/_/
 :: Spring Boot ::        (v2.1.9.RELEASE)

2022-06-29 05:28:53.223  INFO 76768 --- [    Test worker] c.S.springboot.web.HelloControllerTest   : Starting HelloControllerTest on hongjunpyoui-MacBookPro.local with PID 76768 (started by hongjunpyo in /Users/hongjunpyo/IdeaProjects/TestSpring)
2022-06-29 05:28:53.226  INFO 76768 --- [    Test worker] c.S.springboot.web.HelloControllerTest   : No active profile set, falling back to default profiles: default
2022-06-29 05:28:53.871  INFO 76768 --- [    Test worker] o.s.s.concurrent.ThreadPoolTaskExecutor  : Initializing ExecutorService 'applicationTaskExecutor'
2022-06-29 05:28:53.908  INFO 76768 --- [    Test worker] o.s.b.a.w.s.WelcomePageHandlerMapping    : Adding welcome page template: index
2022-06-29 05:28:54.118  INFO 76768 --- [    Test worker] .s.s.UserDetailsServiceAutoConfiguration : 

Using generated security password: 24bdd48a-2dda-476c-9390-514fc3587483

2022-06-29 05:28:54.207  INFO 76768 --- [    Test worker] o.s.s.web.DefaultSecurityFilterChain     : Creating filter chain: any request, [org.springframework.security.web.context.request.async.WebAsyncManagerIntegrationFilter@3bbb2e29, org.springframework.security.web.context.SecurityContextPersistenceFilter@550f17cb, org.springframework.security.web.header.HeaderWriterFilter@6003b61c, org.springframework.security.web.csrf.CsrfFilter@61eb269a, org.springframework.security.web.authentication.logout.LogoutFilter@6ab2fb3c, org.springframework.security.web.authentication.UsernamePasswordAuthenticationFilter@324b6d98, org.springframework.security.web.authentication.ui.DefaultLoginPageGeneratingFilter@18e9a191, org.springframework.security.web.authentication.ui.DefaultLogoutPageGeneratingFilter@332d594e, org.springframework.security.web.authentication.www.BasicAuthenticationFilter@27a581c2, org.springframework.security.web.savedrequest.RequestCacheAwareFilter@1924a701, org.springframework.security.web.servletapi.SecurityContextHolderAwareRequestFilter@64ea416f, org.springframework.security.web.authentication.AnonymousAuthenticationFilter@388d7578, org.springframework.security.web.session.SessionManagementFilter@58649370, org.springframework.security.web.access.ExceptionTranslationFilter@1f0a6db6, org.springframework.security.web.access.intercept.FilterSecurityInterceptor@3a316e]
2022-06-29 05:28:54.224  INFO 76768 --- [    Test worker] o.s.b.t.m.w.SpringBootMockServletContext : Initializing Spring TestDispatcherServlet ''
2022-06-29 05:28:54.224  INFO 76768 --- [    Test worker] o.s.t.web.servlet.TestDispatcherServlet  : Initializing Servlet ''
2022-06-29 05:28:54.227  INFO 76768 --- [    Test worker] o.s.t.web.servlet.TestDispatcherServlet  : Completed initialization in 2 ms
2022-06-29 05:28:54.261  INFO 76768 --- [    Test worker] c.S.springboot.web.HelloControllerTest   : Started HelloControllerTest in 1.089 seconds (JVM running for 11.394)
]]></system-out>
  <system-err><![CDATA[]]></system-err>
</testsuite>
